Apache Maven 3.9.9 (8e8579a9e76f7d015ee5ec7bfcdc97d260186937)
Maven home: C:\Program Files\Apache\Maven
Java version: 17.0.12, vendor: Oracle Corporation, runtime: C:\Program Files\Java\jdk-17
Default locale: en_IN, platform encoding: Cp1252
OS name: "windows 11", version: "10.0", arch: "amd64", family: "windows"
[DEBUG] Created new class realm maven.api
[DEBUG] Importing foreign packages into class realm maven.api
[DEBUG]   Imported: javax.annotation.* < plexus.core
[DEBUG]   Imported: javax.annotation.security.* < plexus.core
[DEBUG]   Imported: javax.inject.* < plexus.core
[DEBUG]   Imported: org.apache.maven.* < plexus.core
[DEBUG]   Imported: org.apache.maven.artifact < plexus.core
[DEBUG]   Imported: org.apache.maven.classrealm < plexus.core
[DEBUG]   Imported: org.apache.maven.cli < plexus.core
[DEBUG]   Imported: org.apache.maven.configuration < plexus.core
[DEBUG]   Imported: org.apache.maven.exception < plexus.core
[DEBUG]   Imported: org.apache.maven.execution < plexus.core
[DEBUG]   Imported: org.apache.maven.execution.scope < plexus.core
[DEBUG]   Imported: org.apache.maven.graph < plexus.core
[DEBUG]   Imported: org.apache.maven.lifecycle < plexus.core
[DEBUG]   Imported: org.apache.maven.model < plexus.core
[DEBUG]   Imported: org.apache.maven.monitor < plexus.core
[DEBUG]   Imported: org.apache.maven.plugin < plexus.core
[DEBUG]   Imported: org.apache.maven.profiles < plexus.core
[DEBUG]   Imported: org.apache.maven.project < plexus.core
[DEBUG]   Imported: org.apache.maven.reporting < plexus.core
[DEBUG]   Imported: org.apache.maven.repository < plexus.core
[DEBUG]   Imported: org.apache.maven.rtinfo < plexus.core
[DEBUG]   Imported: org.apache.maven.settings < plexus.core
[DEBUG]   Imported: org.apache.maven.toolchain < plexus.core
[DEBUG]   Imported: org.apache.maven.usability < plexus.core
[DEBUG]   Imported: org.apache.maven.wagon.* < plexus.core
[DEBUG]   Imported: org.apache.maven.wagon.authentication < plexus.core
[DEBUG]   Imported: org.apache.maven.wagon.authorization < plexus.core
[DEBUG]   Imported: org.apache.maven.wagon.events < plexus.core
[DEBUG]   Imported: org.apache.maven.wagon.observers < plexus.core
[DEBUG]   Imported: org.apache.maven.wagon.proxy < plexus.core
[DEBUG]   Imported: org.apache.maven.wagon.repository < plexus.core
[DEBUG]   Imported: org.apache.maven.wagon.resource < plexus.core
[DEBUG]   Imported: org.codehaus.classworlds < plexus.core
[DEBUG]   Imported: org.codehaus.plexus.* < plexus.core
[DEBUG]   Imported: org.codehaus.plexus.classworlds < plexus.core
[DEBUG]   Imported: org.codehaus.plexus.component < plexus.core
[DEBUG]   Imported: org.codehaus.plexus.configuration < plexus.core
[DEBUG]   Imported: org.codehaus.plexus.container < plexus.core
[DEBUG]   Imported: org.codehaus.plexus.context < plexus.core
[DEBUG]   Imported: org.codehaus.plexus.lifecycle < plexus.core
[DEBUG]   Imported: org.codehaus.plexus.logging < plexus.core
[DEBUG]   Imported: org.codehaus.plexus.personality < plexus.core
[DEBUG]   Imported: org.codehaus.plexus.util.xml.Xpp3Dom < plexus.core
[DEBUG]   Imported: org.codehaus.plexus.util.xml.pull.XmlPullParser < plexus.core
[DEBUG]   Imported: org.codehaus.plexus.util.xml.pull.XmlPullParserException < plexus.core
[DEBUG]   Imported: org.codehaus.plexus.util.xml.pull.XmlSerializer < plexus.core
[DEBUG]   Imported: org.eclipse.aether.* < plexus.core
[DEBUG]   Imported: org.eclipse.aether.artifact < plexus.core
[DEBUG]   Imported: org.eclipse.aether.collection < plexus.core
[DEBUG]   Imported: org.eclipse.aether.deployment < plexus.core
[DEBUG]   Imported: org.eclipse.aether.graph < plexus.core
[DEBUG]   Imported: org.eclipse.aether.impl < plexus.core
[DEBUG]   Imported: org.eclipse.aether.installation < plexus.core
[DEBUG]   Imported: org.eclipse.aether.internal.impl < plexus.core
[DEBUG]   Imported: org.eclipse.aether.metadata < plexus.core
[DEBUG]   Imported: org.eclipse.aether.repository < plexus.core
[DEBUG]   Imported: org.eclipse.aether.resolution < plexus.core
[DEBUG]   Imported: org.eclipse.aether.spi < plexus.core
[DEBUG]   Imported: org.eclipse.aether.transfer < plexus.core
[DEBUG]   Imported: org.eclipse.aether.util < plexus.core
[DEBUG]   Imported: org.eclipse.aether.version < plexus.core
[DEBUG]   Imported: org.fusesource.jansi.* < plexus.core
[DEBUG]   Imported: org.slf4j.* < plexus.core
[DEBUG]   Imported: org.slf4j.event.* < plexus.core
[DEBUG]   Imported: org.slf4j.helpers.* < plexus.core
[DEBUG]   Imported: org.slf4j.spi.* < plexus.core
[DEBUG] Populating class realm maven.api
[DEBUG] Created adapter factory; available factories [file-lock, rwlock-local, semaphore-local, noop]; available name mappers [discriminating, file-gav, file-hgav, file-static, gav, static]
[INFO] Error stacktraces are turned on.
[DEBUG] Message scheme: color
[DEBUG] Message styles: debug info warning error success failure strong mojo project
[DEBUG] Reading global settings from C:\Program Files\Apache\Maven\conf\settings.xml
[DEBUG] Reading user settings from C:\Users\acer\.m2\settings.xml
[DEBUG] Reading global toolchains from C:\Program Files\Apache\Maven\conf\toolchains.xml
[DEBUG] Reading user toolchains from C:\Users\acer\.m2\toolchains.xml
[DEBUG] Using local repository at C:\Users\acer\.m2\repository
[DEBUG] Using manager EnhancedLocalRepositoryManager with priority 10.0 for C:\Users\acer\.m2\repository
[INFO] Scanning for projects...
[DEBUG] Extension realms for project org.example:SeleniumWebTesting:jar:1.0-SNAPSHOT: (none)
[DEBUG] Looking up lifecycle mappings for packaging jar from ClassRealm[plexus.core, parent: null]
[DEBUG] === REACTOR BUILD PLAN ================================================
[DEBUG] Project: org.example:SeleniumWebTesting:jar:1.0-SNAPSHOT
[DEBUG] Tasks:   [clean, test]
[DEBUG] Style:   Regular
[DEBUG] =======================================================================
[INFO] 
[INFO] -------------------< org.example:SeleniumWebTesting >-------------------
[INFO] Building SeleniumWebTesting 1.0-SNAPSHOT
[INFO]   from pom.xml
[INFO] --------------------------------[ jar ]---------------------------------
[DEBUG] Lifecycle clean -> [pre-clean, clean, post-clean]
[DEBUG] Lifecycle default -> [validate, initialize, generate-sources, process-sources, generate-resources, process-resources, compile, process-classes, generate-test-sources, process-test-sources, generate-test-resources, process-test-resources, test-compile, process-test-classes, test, prepare-package, package, pre-integration-test, integration-test, post-integration-test, verify, install, deploy]
[DEBUG] Lifecycle site -> [pre-site, site, post-site, site-deploy]
[DEBUG] Lifecycle clean -> [pre-clean, clean, post-clean]
[DEBUG] Lifecycle default -> [validate, initialize, generate-sources, process-sources, generate-resources, process-resources, compile, process-classes, generate-test-sources, process-test-sources, generate-test-resources, process-test-resources, test-compile, process-test-classes, test, prepare-package, package, pre-integration-test, integration-test, post-integration-test, verify, install, deploy]
[DEBUG] Lifecycle site -> [pre-site, site, post-site, site-deploy]
[DEBUG] Creating adapter using nameMapper 'gav' and factory 'rwlock-local'
[DEBUG] Lifecycle clean -> [pre-clean, clean, post-clean]
[DEBUG] Lifecycle default -> [validate, initialize, generate-sources, process-sources, generate-resources, process-resources, compile, process-classes, generate-test-sources, process-test-sources, generate-test-resources, process-test-resources, test-compile, process-test-classes, test, prepare-package, package, pre-integration-test, integration-test, post-integration-test, verify, install, deploy]
[DEBUG] Lifecycle site -> [pre-site, site, post-site, site-deploy]
[DEBUG] Lifecycle clean -> [pre-clean, clean, post-clean]
[DEBUG] Lifecycle default -> [validate, initialize, generate-sources, process-sources, generate-resources, process-resources, compile, process-classes, generate-test-sources, process-test-sources, generate-test-resources, process-test-resources, test-compile, process-test-classes, test, prepare-package, package, pre-integration-test, integration-test, post-integration-test, verify, install, deploy]
[DEBUG] Lifecycle site -> [pre-site, site, post-site, site-deploy]
[DEBUG] Lifecycle clean -> [pre-clean, clean, post-clean]
[DEBUG] Lifecycle default -> [validate, initialize, generate-sources, process-sources, generate-resources, process-resources, compile, process-classes, generate-test-sources, process-test-sources, generate-test-resources, process-test-resources, test-compile, process-test-classes, test, prepare-package, package, pre-integration-test, integration-test, post-integration-test, verify, install, deploy]
[DEBUG] Lifecycle site -> [pre-site, site, post-site, site-deploy]
[DEBUG] Lifecycle clean -> [pre-clean, clean, post-clean]
[DEBUG] Lifecycle default -> [validate, initialize, generate-sources, process-sources, generate-resources, process-resources, compile, process-classes, generate-test-sources, process-test-sources, generate-test-resources, process-test-resources, test-compile, process-test-classes, test, prepare-package, package, pre-integration-test, integration-test, post-integration-test, verify, install, deploy]
[DEBUG] Lifecycle site -> [pre-site, site, post-site, site-deploy]
[DEBUG] Lifecycle clean -> [pre-clean, clean, post-clean]
[DEBUG] Lifecycle default -> [validate, initialize, generate-sources, process-sources, generate-resources, process-resources, compile, process-classes, generate-test-sources, process-test-sources, generate-test-resources, process-test-resources, test-compile, process-test-classes, test, prepare-package, package, pre-integration-test, integration-test, post-integration-test, verify, install, deploy]
[DEBUG] Lifecycle site -> [pre-site, site, post-site, site-deploy]
[DEBUG] Lifecycle clean -> [pre-clean, clean, post-clean]
[DEBUG] Lifecycle default -> [validate, initialize, generate-sources, process-sources, generate-resources, process-resources, compile, process-classes, generate-test-sources, process-test-sources, generate-test-resources, process-test-resources, test-compile, process-test-classes, test, prepare-package, package, pre-integration-test, integration-test, post-integration-test, verify, install, deploy]
[DEBUG] Lifecycle site -> [pre-site, site, post-site, site-deploy]
[DEBUG] === PROJECT BUILD PLAN ================================================
[DEBUG] Project:       org.example:SeleniumWebTesting:1.0-SNAPSHOT
[DEBUG] Dependencies (collect): []
[DEBUG] Dependencies (resolve): [compile, test]
[DEBUG] Repositories (dependencies): [central (https://repo.maven.apache.org/maven2, default, releases)]
[DEBUG] Repositories (plugins)     : [central (https://repo.maven.apache.org/maven2, default, releases)]
[DEBUG] -----------------------------------------------------------------------
[DEBUG] Goal:          org.apache.maven.plugins:maven-clean-plugin:3.2.0:clean (default-clean)
[DEBUG] Style:         Regular
[DEBUG] Configuration: <?xml version="1.0" encoding="UTF-8"?>
<configuration>
  <directory default-value="${project.build.directory}"/>
  <excludeDefaultDirectories default-value="false">${maven.clean.excludeDefaultDirectories}</excludeDefaultDirectories>
  <failOnError default-value="true">${maven.clean.failOnError}</failOnError>
  <fast default-value="false">${maven.clean.fast}</fast>
  <fastDir>${maven.clean.fastDir}</fastDir>
  <fastMode default-value="background">${maven.clean.fastMode}</fastMode>
  <followSymLinks default-value="false">${maven.clean.followSymLinks}</followSymLinks>
  <outputDirectory default-value="${project.build.outputDirectory}"/>
  <reportDirectory default-value="${project.build.outputDirectory}"/>
  <retryOnError default-value="true">${maven.clean.retryOnError}</retryOnError>
  <session default-value="${session}"/>
  <skip default-value="false">${maven.clean.skip}</skip>
  <testOutputDirectory default-value="${project.build.testOutputDirectory}"/>
  <verbose>${maven.clean.verbose}</verbose>
</configuration>
[DEBUG] -----------------------------------------------------------------------
[DEBUG] Goal:          org.apache.maven.plugins:maven-resources-plugin:3.3.1:resources (default-resources)
[DEBUG] Style:         Regular
[DEBUG] Configuration: <?xml version="1.0" encoding="UTF-8"?>
<configuration>
  <addDefaultExcludes default-value="true"/>
  <buildFilters default-value="${project.build.filters}"/>
  <encoding default-value="${project.build.sourceEncoding}"/>
  <escapeWindowsPaths default-value="true"/>
  <fileNameFiltering default-value="false"/>
  <includeEmptyDirs default-value="false"/>
  <outputDirectory default-value="${project.build.outputDirectory}"/>
  <overwrite default-value="false"/>
  <project default-value="${project}"/>
  <resources default-value="${project.resources}"/>
  <session default-value="${session}"/>
  <skip default-value="false">${maven.resources.skip}</skip>
  <supportMultiLineFiltering default-value="false"/>
  <useBuildFilters default-value="true"/>
  <useDefaultDelimiters default-value="true"/>
</configuration>
[DEBUG] -----------------------------------------------------------------------
[DEBUG] Goal:          org.apache.maven.plugins:maven-compiler-plugin:3.13.0:compile (default-compile)
[DEBUG] Style:         Regular
[DEBUG] Configuration: <?xml version="1.0" encoding="UTF-8"?>
<configuration>
  <annotationProcessorPathsUseDepMgmt default-value="false"/>
  <basedir default-value="${basedir}"/>
  <buildDirectory default-value="${project.build.directory}"/>
  <compilePath default-value="${project.compileClasspathElements}"/>
  <compileSourceRoots default-value="${project.compileSourceRoots}"/>
  <compilerId default-value="javac">${maven.compiler.compilerId}</compilerId>
  <compilerReuseStrategy default-value="${reuseCreated}">${maven.compiler.compilerReuseStrategy}</compilerReuseStrategy>
  <compilerVersion>${maven.compiler.compilerVersion}</compilerVersion>
  <createMissingPackageInfoClass default-value="true">${maven.compiler.createMissingPackageInfoClass}</createMissingPackageInfoClass>
  <debug default-value="true">${maven.compiler.debug}</debug>
  <debugFileName default-value="javac"/>
  <debuglevel>${maven.compiler.debuglevel}</debuglevel>
  <enablePreview default-value="false">${maven.compiler.enablePreview}</enablePreview>
  <encoding default-value="${project.build.sourceEncoding}">${encoding}</encoding>
  <executable>${maven.compiler.executable}</executable>
  <failOnError default-value="true">${maven.compiler.failOnError}</failOnError>
  <failOnWarning default-value="false">${maven.compiler.failOnWarning}</failOnWarning>
  <fileExtensions default-value="class,jar"/>
  <forceJavacCompilerUse default-value="false">${maven.compiler.forceJavacCompilerUse}</forceJavacCompilerUse>
  <forceLegacyJavacApi default-value="false">${maven.compiler.forceLegacyJavacApi}</forceLegacyJavacApi>
  <fork default-value="false">${maven.compiler.fork}</fork>
  <generatedSourcesDirectory default-value="${project.build.directory}/generated-sources/annotations"/>
  <implicit>${maven.compiler.implicit}</implicit>
  <maxmem>${maven.compiler.maxmem}</maxmem>
  <meminitial>${maven.compiler.meminitial}</meminitial>
  <mojoExecution default-value="${mojoExecution}"/>
  <optimize default-value="false">${maven.compiler.optimize}</optimize>
  <outputDirectory default-value="${project.build.outputDirectory}">${maven.compiler.outputDirectory}</outputDirectory>
  <outputTimestamp default-value="${project.build.outputTimestamp}"/>
  <parameters default-value="false">${maven.compiler.parameters}</parameters>
  <proc>${maven.compiler.proc}</proc>
  <project default-value="${project}"/>
  <projectArtifact default-value="${project.artifact}"/>
  <release>${maven.compiler.release}</release>
  <session default-value="${session}"/>
  <showCompilationChanges default-value="false">${maven.compiler.showCompilationChanges}</showCompilationChanges>
  <showDeprecation default-value="false">${maven.compiler.showDeprecation}</showDeprecation>
  <showWarnings default-value="true">${maven.compiler.showWarnings}</showWarnings>
  <skipMain>${maven.main.skip}</skipMain>
  <skipMultiThreadWarning default-value="false">${maven.compiler.skipMultiThreadWarning}</skipMultiThreadWarning>
  <source default-value="1.8">${maven.compiler.source}</source>
  <staleMillis default-value="0">${lastModGranularityMs}</staleMillis>
  <target default-value="1.8">${maven.compiler.target}</target>
  <useIncrementalCompilation default-value="true">${maven.compiler.useIncrementalCompilation}</useIncrementalCompilation>
  <verbose default-value="false">${maven.compiler.verbose}</verbose>
</configuration>
[DEBUG] -----------------------------------------------------------------------
[DEBUG] Goal:          org.apache.maven.plugins:maven-resources-plugin:3.3.1:testResources (default-testResources)
[DEBUG] Style:         Regular
[DEBUG] Configuration: <?xml version="1.0" encoding="UTF-8"?>
<configuration>
  <addDefaultExcludes default-value="true"/>
  <buildFilters default-value="${project.build.filters}"/>
  <encoding default-value="${project.build.sourceEncoding}"/>
  <escapeWindowsPaths default-value="true"/>
  <fileNameFiltering default-value="false"/>
  <includeEmptyDirs default-value="false"/>
  <outputDirectory default-value="${project.build.testOutputDirectory}"/>
  <overwrite default-value="false"/>
  <project default-value="${project}"/>
  <resources default-value="${project.testResources}"/>
  <session default-value="${session}"/>
  <skip default-value="false">${maven.test.skip}</skip>
  <supportMultiLineFiltering default-value="false"/>
  <useBuildFilters default-value="true"/>
  <useDefaultDelimiters default-value="true"/>
</configuration>
[DEBUG] -----------------------------------------------------------------------
[DEBUG] Goal:          org.apache.maven.plugins:maven-compiler-plugin:3.13.0:testCompile (default-testCompile)
[DEBUG] Style:         Regular
[DEBUG] Configuration: <?xml version="1.0" encoding="UTF-8"?>
<configuration>
  <annotationProcessorPathsUseDepMgmt default-value="false"/>
  <basedir default-value="${basedir}"/>
  <buildDirectory default-value="${project.build.directory}"/>
  <compileSourceRoots default-value="${project.testCompileSourceRoots}"/>
  <compilerId default-value="javac">${maven.compiler.compilerId}</compilerId>
  <compilerReuseStrategy default-value="${reuseCreated}">${maven.compiler.compilerReuseStrategy}</compilerReuseStrategy>
  <compilerVersion>${maven.compiler.compilerVersion}</compilerVersion>
  <createMissingPackageInfoClass default-value="true">${maven.compiler.createMissingPackageInfoClass}</createMissingPackageInfoClass>
  <debug default-value="true">${maven.compiler.debug}</debug>
  <debugFileName default-value="javac-test"/>
  <debuglevel>${maven.compiler.debuglevel}</debuglevel>
  <enablePreview default-value="false">${maven.compiler.enablePreview}</enablePreview>
  <encoding default-value="${project.build.sourceEncoding}">${encoding}</encoding>
  <executable>${maven.compiler.executable}</executable>
  <failOnError default-value="true">${maven.compiler.failOnError}</failOnError>
  <failOnWarning default-value="false">${maven.compiler.failOnWarning}</failOnWarning>
  <fileExtensions default-value="class,jar"/>
  <forceJavacCompilerUse default-value="false">${maven.compiler.forceJavacCompilerUse}</forceJavacCompilerUse>
  <forceLegacyJavacApi default-value="false">${maven.compiler.forceLegacyJavacApi}</forceLegacyJavacApi>
  <fork default-value="false">${maven.compiler.fork}</fork>
  <generatedTestSourcesDirectory default-value="${project.build.directory}/generated-test-sources/test-annotations"/>
  <implicit>${maven.compiler.implicit}</implicit>
  <maxmem>${maven.compiler.maxmem}</maxmem>
  <meminitial>${maven.compiler.meminitial}</meminitial>
  <mojoExecution default-value="${mojoExecution}"/>
  <optimize default-value="false">${maven.compiler.optimize}</optimize>
  <outputDirectory default-value="${project.build.testOutputDirectory}"/>
  <outputTimestamp default-value="${project.build.outputTimestamp}"/>
  <parameters default-value="false">${maven.compiler.parameters}</parameters>
  <proc>${maven.compiler.proc}</proc>
  <project default-value="${project}"/>
  <release>${maven.compiler.release}</release>
  <session default-value="${session}"/>
  <showCompilationChanges default-value="false">${maven.compiler.showCompilationChanges}</showCompilationChanges>
  <showDeprecation default-value="false">${maven.compiler.showDeprecation}</showDeprecation>
  <showWarnings default-value="true">${maven.compiler.showWarnings}</showWarnings>
  <skip>${maven.test.skip}</skip>
  <skipMultiThreadWarning default-value="false">${maven.compiler.skipMultiThreadWarning}</skipMultiThreadWarning>
  <source default-value="1.8">${maven.compiler.source}</source>
  <staleMillis default-value="0">${lastModGranularityMs}</staleMillis>
  <target default-value="1.8">${maven.compiler.target}</target>
  <testPath default-value="${project.testClasspathElements}"/>
  <testRelease>${maven.compiler.testRelease}</testRelease>
  <testSource>${maven.compiler.testSource}</testSource>
  <testTarget>${maven.compiler.testTarget}</testTarget>
  <useIncrementalCompilation default-value="true">${maven.compiler.useIncrementalCompilation}</useIncrementalCompilation>
  <useModulePath default-value="true"/>
  <verbose default-value="false">${maven.compiler.verbose}</verbose>
</configuration>
[DEBUG] -----------------------------------------------------------------------
[DEBUG] Goal:          org.apache.maven.plugins:maven-surefire-plugin:3.0.0-M7:test (default-test)
[DEBUG] Style:         Regular
[DEBUG] Configuration: <?xml version="1.0" encoding="UTF-8"?>
<configuration>
  <additionalClasspathElements>${maven.test.additionalClasspath}</additionalClasspathElements>
  <argLine>${argLine}</argLine>
  <basedir default-value="${basedir}"/>
  <childDelegation default-value="false">${childDelegation}</childDelegation>
  <classesDirectory default-value="${project.build.outputDirectory}"/>
  <classpathDependencyExcludes>${maven.test.dependency.excludes}</classpathDependencyExcludes>
  <debugForkedProcess>${maven.surefire.debug}</debugForkedProcess>
  <dependenciesToScan>${dependenciesToScan}</dependenciesToScan>
  <disableXmlReport default-value="false">${disableXmlReport}</disableXmlReport>
  <enableAssertions default-value="true">${enableAssertions}</enableAssertions>
  <enableProcessChecker>${surefire.enableProcessChecker}</enableProcessChecker>
  <encoding default-value="${project.reporting.outputEncoding}">${surefire.encoding}</encoding>
  <excludeJUnit5Engines>${surefire.excludeJUnit5Engines}</excludeJUnit5Engines>
  <excludedEnvironmentVariables>${surefire.excludedEnvironmentVariables}</excludedEnvironmentVariables>
  <excludedGroups>${excludedGroups}</excludedGroups>
  <excludes>${surefire.excludes}</excludes>
  <excludesFile>${surefire.excludesFile}</excludesFile>
  <failIfNoSpecifiedTests default-value="true">${surefire.failIfNoSpecifiedTests}</failIfNoSpecifiedTests>
  <failIfNoTests default-value="false">${failIfNoTests}</failIfNoTests>
  <failOnFlakeCount default-value="0">${surefire.failOnFlakeCount}</failOnFlakeCount>
  <forkCount default-value="1">${forkCount}</forkCount>
  <forkMode default-value="once">${forkMode}</forkMode>
  <forkNode>${surefire.forkNode}</forkNode>
  <forkedProcessExitTimeoutInSeconds default-value="30">${surefire.exitTimeout}</forkedProcessExitTimeoutInSeconds>
  <forkedProcessTimeoutInSeconds>${surefire.timeout}</forkedProcessTimeoutInSeconds>
  <groups>${groups}</groups>
  <includeJUnit5Engines>${surefire.includeJUnit5Engines}</includeJUnit5Engines>
  <includes>${surefire.includes}</includes>
  <includesFile>${surefire.includesFile}</includesFile>
  <junitArtifactName default-value="junit:junit">${junitArtifactName}</junitArtifactName>
  <jvm>${jvm}</jvm>
  <localRepository default-value="${localRepository}"/>
  <objectFactory>${objectFactory}</objectFactory>
  <parallel>methods</parallel>
  <parallelMavenExecution default-value="${session.parallel}"/>
  <parallelOptimized default-value="true">${parallelOptimized}</parallelOptimized>
  <parallelTestsTimeoutForcedInSeconds>${surefire.parallel.forcedTimeout}</parallelTestsTimeoutForcedInSeconds>
  <parallelTestsTimeoutInSeconds>${surefire.parallel.timeout}</parallelTestsTimeoutInSeconds>
  <perCoreThreadCount default-value="true">${perCoreThreadCount}</perCoreThreadCount>
  <pluginArtifactMap>${plugin.artifactMap}</pluginArtifactMap>
  <pluginDescriptor default-value="${plugin}"/>
  <printSummary default-value="true">${surefire.printSummary}</printSummary>
  <project default-value="${project}"/>
  <projectArtifactMap>${project.artifactMap}</projectArtifactMap>
  <projectBuildDirectory default-value="${project.build.directory}"/>
  <projectRemoteRepositories default-value="${project.remoteArtifactRepositories}"/>
  <redirectTestOutputToFile default-value="false">${maven.test.redirectTestOutputToFile}</redirectTestOutputToFile>
  <remoteRepositories default-value="${project.pluginArtifactRepositories}"/>
  <reportFormat default-value="brief">xml</reportFormat>
  <reportNameSuffix default-value="">${surefire.reportNameSuffix}</reportNameSuffix>
  <reportsDirectory default-value="${project.build.directory}/surefire-reports"/>
  <rerunFailingTestsCount default-value="0">${surefire.rerunFailingTestsCount}</rerunFailingTestsCount>
  <reuseForks default-value="true">${reuseForks}</reuseForks>
  <runOrder default-value="filesystem">${surefire.runOrder}</runOrder>
  <runOrderRandomSeed>${surefire.runOrder.random.seed}</runOrderRandomSeed>
  <session default-value="${session}"/>
  <shutdown default-value="exit">${surefire.shutdown}</shutdown>
  <skip default-value="false">${maven.test.skip}</skip>
  <skipAfterFailureCount default-value="0">${surefire.skipAfterFailureCount}</skipAfterFailureCount>
  <skipExec>${maven.test.skip.exec}</skipExec>
  <skipTests default-value="false">${skipTests}</skipTests>
  <suiteXmlFiles>
    <suiteXmlFile>testng.xml</suiteXmlFile>${surefire.suiteXmlFiles}</suiteXmlFiles>
  <systemPropertiesFile>${surefire.systemPropertiesFile}</systemPropertiesFile>
  <tempDir default-value="surefire">${tempDir}</tempDir>
  <test>${test}</test>
  <testClassesDirectory default-value="${project.build.testOutputDirectory}"/>
  <testFailureIgnore default-value="false">${maven.test.failure.ignore}</testFailureIgnore>
  <testNGArtifactName default-value="org.testng:testng">${testNGArtifactName}</testNGArtifactName>
  <testSourceDirectory default-value="${project.build.testSourceDirectory}"/>
  <threadCount>3</threadCount>
  <threadCountClasses default-value="0">${threadCountClasses}</threadCountClasses>
  <threadCountMethods default-value="0">${threadCountMethods}</threadCountMethods>
  <threadCountSuites default-value="0">${threadCountSuites}</threadCountSuites>
  <trimStackTrace default-value="false">${trimStackTrace}</trimStackTrace>
  <useFile default-value="true">true</useFile>
  <useManifestOnlyJar default-value="true">${surefire.useManifestOnlyJar}</useManifestOnlyJar>
  <useModulePath default-value="true">${surefire.useModulePath}</useModulePath>
  <useSystemClassLoader default-value="true">${surefire.useSystemClassLoader}</useSystemClassLoader>
  <useUnlimitedThreads default-value="false">${useUnlimitedThreads}</useUnlimitedThreads>
  <workingDirectory>${basedir}</workingDirectory>
</configuration>
[DEBUG] =======================================================================
[DEBUG] Using mirror maven-default-http-blocker (http://0.0.0.0/) for apache.snapshots (http://repository.apache.org/snapshots).
[DEBUG] Using mirror maven-default-http-blocker (http://0.0.0.0/) for apache.snapshots (http://people.apache.org/repo/m2-snapshot-repository).
[DEBUG] Dependency collection stats {ConflictMarker.analyzeTime=1514300, ConflictMarker.markTime=398700, ConflictMarker.nodeCount=346, ConflictIdSorter.graphTime=1519200, ConflictIdSorter.topsortTime=594900, ConflictIdSorter.conflictIdCount=113, ConflictIdSorter.conflictIdCycleCount=0, ConflictResolver.totalTime=15427000, ConflictResolver.conflictItemCount=344, DfDependencyCollector.collectTime=533141700, DfDependencyCollector.transformTime=21700100}
[DEBUG] org.example:SeleniumWebTesting:jar:1.0-SNAPSHOT
[DEBUG]    org.seleniumhq.selenium:selenium-java:jar:4.28.0:compile
[DEBUG]       org.seleniumhq.selenium:selenium-api:jar:4.28.0:compile
[DEBUG]          org.jspecify:jspecify:jar:1.0.0:compile
[DEBUG]       org.seleniumhq.selenium:selenium-chrome-driver:jar:4.28.0:compile
[DEBUG]          com.google.auto.service:auto-service-annotations:jar:1.1.1:compile
[DEBUG]          org.seleniumhq.selenium:selenium-chromium-driver:jar:4.28.0:compile
[DEBUG]          org.seleniumhq.selenium:selenium-json:jar:4.28.0:compile
[DEBUG]          org.seleniumhq.selenium:selenium-manager:jar:4.28.0:compile
[DEBUG]       org.seleniumhq.selenium:selenium-devtools-v130:jar:4.28.0:compile
[DEBUG]       org.seleniumhq.selenium:selenium-devtools-v131:jar:4.28.0:compile
[DEBUG]       org.seleniumhq.selenium:selenium-devtools-v132:jar:4.28.0:compile
[DEBUG]       org.seleniumhq.selenium:selenium-devtools-v85:jar:4.28.0:compile
[DEBUG]       org.seleniumhq.selenium:selenium-edge-driver:jar:4.28.0:compile
[DEBUG]       org.seleniumhq.selenium:selenium-firefox-driver:jar:4.28.0:compile
[DEBUG]          org.seleniumhq.selenium:selenium-http:jar:4.28.0:compile
[DEBUG]       org.seleniumhq.selenium:selenium-ie-driver:jar:4.28.0:compile
[DEBUG]       org.seleniumhq.selenium:selenium-remote-driver:jar:4.28.0:compile
[DEBUG]          com.google.guava:guava:jar:33.4.0-jre:compile
[DEBUG]             com.google.guava:failureaccess:jar:1.0.2:compile
[DEBUG]             com.google.guava:listenablefuture:jar:9999.0-empty-to-avoid-conflict-with-guava:compile
[DEBUG]             com.google.code.findbugs:jsr305:jar:3.0.2:compile
[DEBUG]             org.checkerframework:checker-qual:jar:3.43.0:compile
[DEBUG]             com.google.errorprone:error_prone_annotations:jar:2.36.0:compile
[DEBUG]             com.google.j2objc:j2objc-annotations:jar:3.0.0:compile
[DEBUG]          io.opentelemetry.semconv:opentelemetry-semconv:jar:1.28.0-alpha:compile
[DEBUG]          io.opentelemetry:opentelemetry-api:jar:1.46.0:compile
[DEBUG]          io.opentelemetry:opentelemetry-context:jar:1.46.0:compile
[DEBUG]          io.opentelemetry:opentelemetry-exporter-logging:jar:1.46.0:compile
[DEBUG]          io.opentelemetry:opentelemetry-sdk-common:jar:1.46.0:compile
[DEBUG]          io.opentelemetry:opentelemetry-sdk-extension-autoconfigure-spi:jar:1.46.0:compile
[DEBUG]          io.opentelemetry:opentelemetry-sdk-extension-autoconfigure:jar:1.46.0:compile
[DEBUG]             io.opentelemetry:opentelemetry-api-incubator:jar:1.46.0-alpha:runtime
[DEBUG]          io.opentelemetry:opentelemetry-sdk-trace:jar:1.46.0:compile
[DEBUG]          io.opentelemetry:opentelemetry-sdk:jar:1.46.0:compile
[DEBUG]             io.opentelemetry:opentelemetry-sdk-metrics:jar:1.46.0:compile
[DEBUG]             io.opentelemetry:opentelemetry-sdk-logs:jar:1.46.0:compile
[DEBUG]          net.bytebuddy:byte-buddy:jar:1.15.11:compile
[DEBUG]          org.seleniumhq.selenium:selenium-os:jar:4.28.0:compile
[DEBUG]             org.apache.commons:commons-exec:jar:1.4.0:compile
[DEBUG]       org.seleniumhq.selenium:selenium-safari-driver:jar:4.28.0:compile
[DEBUG]       org.seleniumhq.selenium:selenium-support:jar:4.28.0:compile
[DEBUG]    org.testng:testng:jar:7.7.0:test
[DEBUG]       org.slf4j:slf4j-api:jar:1.7.36:compile
[DEBUG]       com.beust:jcommander:jar:1.82:test
[DEBUG]       org.webjars:jquery:jar:3.6.1:test
[DEBUG]    org.apache.poi:poi:jar:5.0.0:compile
[DEBUG]       org.slf4j:jcl-over-slf4j:jar:1.7.30:compile
[DEBUG]       commons-codec:commons-codec:jar:1.15:compile
[DEBUG]       org.apache.commons:commons-collections4:jar:4.4:compile
[DEBUG]       org.apache.commons:commons-math3:jar:3.6.1:compile
[DEBUG]       com.zaxxer:SparseBitSet:jar:1.2:compile
[DEBUG]    org.apache.poi:poi-ooxml:jar:5.0.0:compile
[DEBUG]       org.apache.poi:poi-ooxml-lite:jar:5.0.0:compile
[DEBUG]          org.apache.xmlbeans:xmlbeans:jar:4.0.0:compile
[DEBUG]       org.apache.commons:commons-compress:jar:1.20:compile
[DEBUG]       com.github.virtuald:curvesapi:jar:1.06:compile
[DEBUG]       org.bouncycastle:bcpkix-jdk15on:jar:1.68:compile
[DEBUG]       org.bouncycastle:bcprov-jdk15on:jar:1.68:compile
[DEBUG]       org.apache.santuario:xmlsec:jar:2.2.1:compile
[DEBUG]          com.fasterxml.woodstox:woodstox-core:jar:5.2.1:runtime
[DEBUG]             org.codehaus.woodstox:stax2-api:jar:4.2:runtime
[DEBUG]          jakarta.xml.bind:jakarta.xml.bind-api:jar:2.3.2:compile
[DEBUG]             jakarta.activation:jakarta.activation-api:jar:1.2.1:compile
[DEBUG]       org.apache.xmlgraphics:batik-all:jar:1.13:compile
[DEBUG]          org.apache.xmlgraphics:batik-anim:jar:1.13:compile
[DEBUG]             org.apache.xmlgraphics:batik-shared-resources:jar:1.13:compile
[DEBUG]             xml-apis:xml-apis-ext:jar:1.3.04:compile
[DEBUG]          org.apache.xmlgraphics:batik-awt-util:jar:1.13:compile
[DEBUG]             org.apache.xmlgraphics:xmlgraphics-commons:jar:2.4:compile
[DEBUG]          org.apache.xmlgraphics:batik-bridge:jar:1.13:compile
[DEBUG]          org.apache.xmlgraphics:batik-codec:jar:1.13:compile
[DEBUG]          org.apache.xmlgraphics:batik-constants:jar:1.13:compile
[DEBUG]          org.apache.xmlgraphics:batik-css:jar:1.13:compile
[DEBUG]          org.apache.xmlgraphics:batik-dom:jar:1.13:compile
[DEBUG]             xalan:xalan:jar:2.7.2:compile
[DEBUG]                xalan:serializer:jar:2.7.2:compile
[DEBUG]             xml-apis:xml-apis:jar:1.4.01:compile
[DEBUG]          org.apache.xmlgraphics:batik-ext:jar:1.13:compile
[DEBUG]          org.apache.xmlgraphics:batik-extension:jar:1.13:compile
[DEBUG]          org.apache.xmlgraphics:batik-gui-util:jar:1.13:compile
[DEBUG]          org.apache.xmlgraphics:batik-gvt:jar:1.13:compile
[DEBUG]          org.apache.xmlgraphics:batik-i18n:jar:1.13:compile
[DEBUG]          org.apache.xmlgraphics:batik-parser:jar:1.13:compile
[DEBUG]          org.apache.xmlgraphics:batik-rasterizer-ext:jar:1.13:compile
[DEBUG]          org.apache.xmlgraphics:batik-rasterizer:jar:1.13:compile
[DEBUG]          org.apache.xmlgraphics:batik-script:jar:1.13:compile
[DEBUG]          org.apache.xmlgraphics:batik-slideshow:jar:1.13:compile
[DEBUG]          org.apache.xmlgraphics:batik-squiggle-ext:jar:1.13:compile
[DEBUG]          org.apache.xmlgraphics:batik-squiggle:jar:1.13:compile
[DEBUG]          org.apache.xmlgraphics:batik-svg-dom:jar:1.13:compile
[DEBUG]          org.apache.xmlgraphics:batik-svgbrowser:jar:1.13:compile
[DEBUG]          org.apache.xmlgraphics:batik-svggen:jar:1.13:compile
[DEBUG]          org.apache.xmlgraphics:batik-svgpp:jar:1.13:compile
[DEBUG]          org.apache.xmlgraphics:batik-svgrasterizer:jar:1.13:compile
[DEBUG]          org.apache.xmlgraphics:batik-swing:jar:1.13:compile
[DEBUG]          org.apache.xmlgraphics:batik-transcoder:jar:1.13:compile
[DEBUG]          org.apache.xmlgraphics:batik-util:jar:1.13:compile
[DEBUG]          org.apache.xmlgraphics:batik-ttf2svg:jar:1.13:compile
[DEBUG]          org.apache.xmlgraphics:batik-xml:jar:1.13:compile
[DEBUG]       de.rototor.pdfbox:graphics2d:jar:0.30:compile
[DEBUG]    net.sourceforge.tess4j:tess4j:jar:5.5.0:compile
[DEBUG]       net.java.dev.jna:jna:jar:5.12.1:compile
[DEBUG]       com.github.jai-imageio:jai-imageio-core:jar:1.4.0:compile
[DEBUG]       org.apache.pdfbox:pdfbox:jar:2.0.27:compile
[DEBUG]          org.apache.pdfbox:fontbox:jar:2.0.27:compile
[DEBUG]          commons-logging:commons-logging:jar:1.2:compile
[DEBUG]       org.apache.pdfbox:pdfbox-tools:jar:2.0.27:compile
[DEBUG]          org.apache.pdfbox:pdfbox-debugger:jar:2.0.27:compile
[DEBUG]       org.apache.pdfbox:jbig2-imageio:jar:3.0.4:compile
[DEBUG]       commons-io:commons-io:jar:2.11.0:compile
[DEBUG]       net.sourceforge.lept4j:lept4j:jar:1.17.0:compile
[DEBUG]       org.jboss:jboss-vfs:jar:3.2.17.Final:compile
[DEBUG]          org.jboss.logging:jboss-logging:jar:3.1.4.GA:compile
[INFO] 
[INFO] --- clean:3.2.0:clean (default-clean) @ SeleniumWebTesting ---
[DEBUG] Dependency collection stats {ConflictMarker.analyzeTime=123300, ConflictMarker.markTime=76700, ConflictMarker.nodeCount=3, ConflictIdSorter.graphTime=70800, ConflictIdSorter.topsortTime=13600, ConflictIdSorter.conflictIdCount=3, ConflictIdSorter.conflictIdCycleCount=0, ConflictResolver.totalTime=162800, ConflictResolver.conflictItemCount=3, DfDependencyCollector.collectTime=24554000, DfDependencyCollector.transformTime=464400}
[DEBUG] org.apache.maven.plugins:maven-clean-plugin:jar:3.2.0
[DEBUG]    org.apache.maven.shared:maven-shared-utils:jar:3.3.4:compile
[DEBUG]       commons-io:commons-io:jar:2.6:compile
[DEBUG] Created new class realm plugin>org.apache.maven.plugins:maven-clean-plugin:3.2.0
[DEBUG] Importing foreign packages into class realm plugin>org.apache.maven.plugins:maven-clean-plugin:3.2.0
[DEBUG]   Imported:  < maven.api
[DEBUG] Populating class realm plugin>org.apache.maven.plugins:maven-clean-plugin:3.2.0
[DEBUG]   Included: org.apache.maven.plugins:maven-clean-plugin:jar:3.2.0
[DEBUG]   Included: org.apache.maven.shared:maven-shared-utils:jar:3.3.4
[DEBUG]   Included: commons-io:commons-io:jar:2.6
[DEBUG] Loading mojo org.apache.maven.plugins:maven-clean-plugin:3.2.0:clean from plugin realm ClassRealm[plugin>org.apache.maven.plugins:maven-clean-plugin:3.2.0, parent: jdk.internal.loader.ClassLoaders$AppClassLoader@2a139a55]
[DEBUG] Configuring mojo execution 'org.apache.maven.plugins:maven-clean-plugin:3.2.0:clean:default-clean' with basic configurator -->
[DEBUG]   (f) directory = C:\Users\acer\IdeaProjects\SeleniumWebTesting\target
[DEBUG]   (f) excludeDefaultDirectories = false
[DEBUG]   (f) failOnError = true
[DEBUG]   (f) fast = false
[DEBUG]   (f) fastMode = background
[DEBUG]   (f) followSymLinks = false
[DEBUG]   (f) outputDirectory = C:\Users\acer\IdeaProjects\SeleniumWebTesting\target\classes
[DEBUG]   (f) reportDirectory = C:\Users\acer\IdeaProjects\SeleniumWebTesting\target\classes
[DEBUG]   (f) retryOnError = true
[DEBUG]   (f) session = org.apache.maven.execution.MavenSession@6f94fb9d
[DEBUG]   (f) skip = false
[DEBUG]   (f) testOutputDirectory = C:\Users\acer\IdeaProjects\SeleniumWebTesting\target\test-classes
[DEBUG] -- end configuration --
[INFO] Deleting C:\Users\acer\IdeaProjects\SeleniumWebTesting\target
[INFO] Deleting file C:\Users\acer\IdeaProjects\SeleniumWebTesting\target\test-classes\Selenium\WindowHandles.class
[INFO] Deleting file C:\Users\acer\IdeaProjects\SeleniumWebTesting\target\test-classes\Selenium\TestngSample.class
[INFO] Deleting file C:\Users\acer\IdeaProjects\SeleniumWebTesting\target\test-classes\Selenium\practicejava.class
[INFO] Deleting file C:\Users\acer\IdeaProjects\SeleniumWebTesting\target\test-classes\Selenium\OrangeHrmTC1.class
[INFO] Deleting file C:\Users\acer\IdeaProjects\SeleniumWebTesting\target\test-classes\Selenium\MouseScroll.class
[INFO] Deleting file C:\Users\acer\IdeaProjects\SeleniumWebTesting\target\test-classes\Selenium\HandlingAlerts.class
[INFO] Deleting file C:\Users\acer\IdeaProjects\SeleniumWebTesting\target\test-classes\Selenium\ExcelPractice.class
[INFO] Deleting file C:\Users\acer\IdeaProjects\SeleniumWebTesting\target\test-classes\Selenium\DrtDatePicker.class
[INFO] Deleting file C:\Users\acer\IdeaProjects\SeleniumWebTesting\target\test-classes\Selenium\Datepicker.class
[INFO] Deleting file C:\Users\acer\IdeaProjects\SeleniumWebTesting\target\test-classes\Selenium\DataproviderClass.class
[INFO] Deleting file C:\Users\acer\IdeaProjects\SeleniumWebTesting\target\test-classes\Selenium\configTesting.class
[INFO] Deleting file C:\Users\acer\IdeaProjects\SeleniumWebTesting\target\test-classes\Selenium\CharacterPrinting.class
[INFO] Deleting file C:\Users\acer\IdeaProjects\SeleniumWebTesting\target\test-classes\Selenium\CaptchaSolver.class
[INFO] Deleting file C:\Users\acer\IdeaProjects\SeleniumWebTesting\target\test-classes\Selenium\BrowserStack.class
[INFO] Deleting file C:\Users\acer\IdeaProjects\SeleniumWebTesting\target\test-classes\Selenium\BrokenLinks.class
[INFO] Deleting directory C:\Users\acer\IdeaProjects\SeleniumWebTesting\target\test-classes\Selenium
[INFO] Deleting directory C:\Users\acer\IdeaProjects\SeleniumWebTesting\target\test-classes
[INFO] Deleting file C:\Users\acer\IdeaProjects\SeleniumWebTesting\target\surefire-reports\testng.css
[INFO] Deleting file C:\Users\acer\IdeaProjects\SeleniumWebTesting\target\surefire-reports\testng-results.xml
[INFO] Deleting file C:\Users\acer\IdeaProjects\SeleniumWebTesting\target\surefire-reports\testng-reports2.js
[INFO] Deleting file C:\Users\acer\IdeaProjects\SeleniumWebTesting\target\surefire-reports\testng-reports1.css
[INFO] Deleting file C:\Users\acer\IdeaProjects\SeleniumWebTesting\target\surefire-reports\testng-reports.js
[INFO] Deleting file C:\Users\acer\IdeaProjects\SeleniumWebTesting\target\surefire-reports\testng-reports.css
[INFO] Deleting file C:\Users\acer\IdeaProjects\SeleniumWebTesting\target\surefire-reports\testng-failed.xml
[INFO] Deleting file C:\Users\acer\IdeaProjects\SeleniumWebTesting\target\surefire-reports\TEST-TestSuite.xml
[INFO] Deleting file C:\Users\acer\IdeaProjects\SeleniumWebTesting\target\surefire-reports\skipped.png
[INFO] Deleting file C:\Users\acer\IdeaProjects\SeleniumWebTesting\target\surefire-reports\passed.png
[INFO] Deleting file C:\Users\acer\IdeaProjects\SeleniumWebTesting\target\surefire-reports\old\index.html
[INFO] Deleting file C:\Users\acer\IdeaProjects\SeleniumWebTesting\target\surefire-reports\old\All Test Suite\toc.html
[INFO] Deleting file C:\Users\acer\IdeaProjects\SeleniumWebTesting\target\surefire-reports\old\All Test Suite\testng.xml.html
[INFO] Deleting file C:\Users\acer\IdeaProjects\SeleniumWebTesting\target\surefire-reports\old\All Test Suite\reporter-output.html
[INFO] Deleting file C:\Users\acer\IdeaProjects\SeleniumWebTesting\target\surefire-reports\old\All Test Suite\methods.html
[INFO] Deleting file C:\Users\acer\IdeaProjects\SeleniumWebTesting\target\surefire-reports\old\All Test Suite\methods-not-run.html
[INFO] Deleting file C:\Users\acer\IdeaProjects\SeleniumWebTesting\target\surefire-reports\old\All Test Suite\methods-alphabetical.html
[INFO] Deleting file C:\Users\acer\IdeaProjects\SeleniumWebTesting\target\surefire-reports\old\All Test Suite\main.html
[INFO] Deleting file C:\Users\acer\IdeaProjects\SeleniumWebTesting\target\surefire-reports\old\All Test Suite\index.html
[INFO] Deleting file C:\Users\acer\IdeaProjects\SeleniumWebTesting\target\surefire-reports\old\All Test Suite\groups.html
[INFO] Deleting file C:\Users\acer\IdeaProjects\SeleniumWebTesting\target\surefire-reports\old\All Test Suite\classes.html
[INFO] Deleting file C:\Users\acer\IdeaProjects\SeleniumWebTesting\target\surefire-reports\old\All Test Suite\Captcha Solver Test.properties
[INFO] Deleting directory C:\Users\acer\IdeaProjects\SeleniumWebTesting\target\surefire-reports\old\All Test Suite
[INFO] Deleting directory C:\Users\acer\IdeaProjects\SeleniumWebTesting\target\surefire-reports\old
[INFO] Deleting file C:\Users\acer\IdeaProjects\SeleniumWebTesting\target\surefire-reports\navigator-bullet.png
[INFO] Deleting file C:\Users\acer\IdeaProjects\SeleniumWebTesting\target\surefire-reports\junitreports\TEST-Selenium.CaptchaSolver.xml
[INFO] Deleting directory C:\Users\acer\IdeaProjects\SeleniumWebTesting\target\surefire-reports\junitreports
[INFO] Deleting file C:\Users\acer\IdeaProjects\SeleniumWebTesting\target\surefire-reports\jquery-3.6.0.min.js
[INFO] Deleting file C:\Users\acer\IdeaProjects\SeleniumWebTesting\target\surefire-reports\index.html
[INFO] Deleting file C:\Users\acer\IdeaProjects\SeleniumWebTesting\target\surefire-reports\failed.png
[INFO] Deleting file C:\Users\acer\IdeaProjects\SeleniumWebTesting\target\surefire-reports\emailable-report.html
[INFO] Deleting file C:\Users\acer\IdeaProjects\SeleniumWebTesting\target\surefire-reports\collapseall.gif
[INFO] Deleting file C:\Users\acer\IdeaProjects\SeleniumWebTesting\target\surefire-reports\bullet_point.png
[INFO] Deleting file C:\Users\acer\IdeaProjects\SeleniumWebTesting\target\surefire-reports\All Test Suite\testng-failed.xml
[INFO] Deleting file C:\Users\acer\IdeaProjects\SeleniumWebTesting\target\surefire-reports\All Test Suite\Captcha Solver Test.xml
[INFO] Deleting file C:\Users\acer\IdeaProjects\SeleniumWebTesting\target\surefire-reports\All Test Suite\Captcha Solver Test.html
[INFO] Deleting directory C:\Users\acer\IdeaProjects\SeleniumWebTesting\target\surefire-reports\All Test Suite
[INFO] Deleting directory C:\Users\acer\IdeaProjects\SeleniumWebTesting\target\surefire-reports
[INFO] Deleting file C:\Users\acer\IdeaProjects\SeleniumWebTesting\target\maven-status\maven-compiler-plugin\testCompile\default-testCompile\inputFiles.lst
[INFO] Deleting file C:\Users\acer\IdeaProjects\SeleniumWebTesting\target\maven-status\maven-compiler-plugin\testCompile\default-testCompile\createdFiles.lst
[INFO] Deleting directory C:\Users\acer\IdeaProjects\SeleniumWebTesting\target\maven-status\maven-compiler-plugin\testCompile\default-testCompile
[INFO] Deleting directory C:\Users\acer\IdeaProjects\SeleniumWebTesting\target\maven-status\maven-compiler-plugin\testCompile
[INFO] Deleting file C:\Users\acer\IdeaProjects\SeleniumWebTesting\target\maven-status\maven-compiler-plugin\compile\default-compile\inputFiles.lst
[INFO] Deleting file C:\Users\acer\IdeaProjects\SeleniumWebTesting\target\maven-status\maven-compiler-plugin\compile\default-compile\createdFiles.lst
[INFO] Deleting directory C:\Users\acer\IdeaProjects\SeleniumWebTesting\target\maven-status\maven-compiler-plugin\compile\default-compile
[INFO] Deleting directory C:\Users\acer\IdeaProjects\SeleniumWebTesting\target\maven-status\maven-compiler-plugin\compile
[INFO] Deleting directory C:\Users\acer\IdeaProjects\SeleniumWebTesting\target\maven-status\maven-compiler-plugin
[INFO] Deleting directory C:\Users\acer\IdeaProjects\SeleniumWebTesting\target\maven-status
[INFO] Deleting directory C:\Users\acer\IdeaProjects\SeleniumWebTesting\target\generated-test-sources\test-annotations
[INFO] Deleting directory C:\Users\acer\IdeaProjects\SeleniumWebTesting\target\generated-test-sources
[INFO] Deleting directory C:\Users\acer\IdeaProjects\SeleniumWebTesting\target\generated-sources\annotations
[INFO] Deleting directory C:\Users\acer\IdeaProjects\SeleniumWebTesting\target\generated-sources
[INFO] Deleting file C:\Users\acer\IdeaProjects\SeleniumWebTesting\target\classes\test.xlsx
[INFO] Deleting file C:\Users\acer\IdeaProjects\SeleniumWebTesting\target\classes\Selenium\WindowHandling.class
[INFO] Deleting file C:\Users\acer\IdeaProjects\SeleniumWebTesting\target\classes\Selenium\TestBrokenLinks.class
[INFO] Deleting file C:\Users\acer\IdeaProjects\SeleniumWebTesting\target\classes\Selenium\SliderMethods.class
[INFO] Deleting file C:\Users\acer\IdeaProjects\SeleniumWebTesting\target\classes\Selenium\SeleniumBrowserMethods.class
[INFO] Deleting file C:\Users\acer\IdeaProjects\SeleniumWebTesting\target\classes\Selenium\MouseActions.class
[INFO] Deleting file C:\Users\acer\IdeaProjects\SeleniumWebTesting\target\classes\Selenium\DynamicTable.class
[INFO] Deleting directory C:\Users\acer\IdeaProjects\SeleniumWebTesting\target\classes\Selenium
[INFO] Deleting file C:\Users\acer\IdeaProjects\SeleniumWebTesting\target\classes\config.properties
[INFO] Deleting directory C:\Users\acer\IdeaProjects\SeleniumWebTesting\target\classes
[INFO] Deleting directory C:\Users\acer\IdeaProjects\SeleniumWebTesting\target
[DEBUG] Skipping non-existing directory C:\Users\acer\IdeaProjects\SeleniumWebTesting\target\classes
[DEBUG] Skipping non-existing directory C:\Users\acer\IdeaProjects\SeleniumWebTesting\target\test-classes
[DEBUG] Skipping non-existing directory C:\Users\acer\IdeaProjects\SeleniumWebTesting\target\classes
[INFO] 
[INFO] --- resources:3.3.1:resources (default-resources) @ SeleniumWebTesting ---
[DEBUG] Dependency collection stats {ConflictMarker.analyzeTime=65500, ConflictMarker.markTime=28000, ConflictMarker.nodeCount=13, ConflictIdSorter.graphTime=46600, ConflictIdSorter.topsortTime=27900, ConflictIdSorter.conflictIdCount=9, ConflictIdSorter.conflictIdCycleCount=0, ConflictResolver.totalTime=204100, ConflictResolver.conflictItemCount=13, DfDependencyCollector.collectTime=43194800, DfDependencyCollector.transformTime=389600}
[DEBUG] org.apache.maven.plugins:maven-resources-plugin:jar:3.3.1
[DEBUG]    org.codehaus.plexus:plexus-interpolation:jar:1.26:runtime
[DEBUG]    org.codehaus.plexus:plexus-utils:jar:3.5.1:compile
[DEBUG]    org.apache.maven.shared:maven-filtering:jar:3.3.1:compile
[DEBUG]       javax.inject:javax.inject:jar:1:compile
[DEBUG]       org.slf4j:slf4j-api:jar:1.7.36:compile
[DEBUG]       org.sonatype.plexus:plexus-build-api:jar:0.0.7:compile
[DEBUG]    commons-io:commons-io:jar:2.11.0:compile
[DEBUG]    org.apache.commons:commons-lang3:jar:3.12.0:compile
[DEBUG] Created new class realm plugin>org.apache.maven.plugins:maven-resources-plugin:3.3.1
[DEBUG] Importing foreign packages into class realm plugin>org.apache.maven.plugins:maven-resources-plugin:3.3.1
[DEBUG]   Imported:  < maven.api
[DEBUG] Populating class realm plugin>org.apache.maven.plugins:maven-resources-plugin:3.3.1
[DEBUG]   Included: org.apache.maven.plugins:maven-resources-plugin:jar:3.3.1
[DEBUG]   Included: org.codehaus.plexus:plexus-interpolation:jar:1.26
[DEBUG]   Included: org.codehaus.plexus:plexus-utils:jar:3.5.1
[DEBUG]   Included: org.apache.maven.shared:maven-filtering:jar:3.3.1
[DEBUG]   Included: org.sonatype.plexus:plexus-build-api:jar:0.0.7
[DEBUG]   Included: commons-io:commons-io:jar:2.11.0
[DEBUG]   Included: org.apache.commons:commons-lang3:jar:3.12.0
[DEBUG] Loading mojo org.apache.maven.plugins:maven-resources-plugin:3.3.1:resources from plugin realm ClassRealm[plugin>org.apache.maven.plugins:maven-resources-plugin:3.3.1, parent: jdk.internal.loader.ClassLoaders$AppClassLoader@2a139a55]
[DEBUG] Configuring mojo execution 'org.apache.maven.plugins:maven-resources-plugin:3.3.1:resources:default-resources' with basic configurator -->
[DEBUG]   (f) addDefaultExcludes = true
[DEBUG]   (f) buildFilters = []
[DEBUG]   (f) encoding = UTF-8
[DEBUG]   (f) escapeWindowsPaths = true
[DEBUG]   (f) fileNameFiltering = false
[DEBUG]   (s) includeEmptyDirs = false
[DEBUG]   (s) outputDirectory = C:\Users\acer\IdeaProjects\SeleniumWebTesting\target\classes
[DEBUG]   (s) overwrite = false
[DEBUG]   (f) project = MavenProject: org.example:SeleniumWebTesting:1.0-SNAPSHOT @ C:\Users\acer\IdeaProjects\SeleniumWebTesting\pom.xml
[DEBUG]   (s) resources = [Resource {targetPath: null, filtering: false, FileSet {directory: C:\Users\acer\IdeaProjects\SeleniumWebTesting\src\main\resources, PatternSet [includes: {}, excludes: {}]}}]
[DEBUG]   (f) session = org.apache.maven.execution.MavenSession@6f94fb9d
[DEBUG]   (f) skip = false
[DEBUG]   (f) supportMultiLineFiltering = false
[DEBUG]   (f) useBuildFilters = true
[DEBUG]   (s) useDefaultDelimiters = true
[DEBUG] -- end configuration --
[DEBUG] properties used:
[DEBUG] classworlds.conf: C:\Program Files\Apache\Maven\bin\m2.conf
[DEBUG] env.=C:: C:\Users\acer\IdeaProjects\SeleniumWebTesting
[DEBUG] env.=EXITCODE: 00000000
[DEBUG] env.ALLUSERSPROFILE: C:\ProgramData
[DEBUG] env.APPDATA: C:\Users\acer\AppData\Roaming
[DEBUG] env.CLASSWORLDS_JAR: "C:\Program Files\Apache\Maven\boot\plexus-classworlds-2.8.0.jar"
[DEBUG] env.CLASSWORLDS_LAUNCHER: org.codehaus.plexus.classworlds.launcher.Launcher
[DEBUG] env.COMMONPROGRAMFILES: C:\Program Files\Common Files
[DEBUG] env.COMMONPROGRAMFILES(X86): C:\Program Files (x86)\Common Files
[DEBUG] env.COMMONPROGRAMW6432: C:\Program Files\Common Files
[DEBUG] env.COMPUTERNAME: DESKTOP-QL97OS0
[DEBUG] env.COMSPEC: C:\WINDOWS\system32\cmd.exe
[DEBUG] env.DRIVERDATA: C:\Windows\System32\Drivers\DriverData
[DEBUG] env.EFC_14924: 1
[DEBUG] env.ERROR_CODE: 0
[DEBUG] env.EXEC_DIR: C:\Users\acer\IdeaProjects\SeleniumWebTesting
[DEBUG] env.HOMEDRIVE: C:
[DEBUG] env.HOMEPATH: \Users\acer
[DEBUG] env.INTELLIJ IDEA COMMUNITY EDITION: C:\Program Files\JetBrains\IntelliJ IDEA Community Edition 2024.3.2.2\bin;
[DEBUG] env.JAVACMD: C:\Program Files\Java\jdk-17\bin\java.exe
[DEBUG] env.JAVA_HOME: C:\Program Files\Java\jdk-17
[DEBUG] env.JVMCONFIG: \.mvn\jvm.config
[DEBUG] env.LOCALAPPDATA: C:\Users\acer\AppData\Local
[DEBUG] env.LOGONSERVER: \\DESKTOP-QL97OS0
[DEBUG] env.MAVEN_CMD_LINE_ARGS: clean test -X
[DEBUG] env.MAVEN_HOME: C:\Program Files\Apache\Maven
[DEBUG] env.MAVEN_PROJECTBASEDIR: C:\Users\acer\IdeaProjects\SeleniumWebTesting
[DEBUG] env.NUMBER_OF_PROCESSORS: 12
[DEBUG] env.ONEDRIVE: C:\Users\acer\OneDrive
[DEBUG] env.OS: Windows_NT
[DEBUG] env.PATH: C:\Program Files\Common Files\Oracle\Java\javapath;C:\WINDOWS\system32;C:\WINDOWS;C:\WINDOWS\System32\Wbem;C:\WINDOWS\System32\WindowsPowerShell\v1.0\;C:\WINDOWS\System32\OpenSSH\;C:\Program Files\Apache\Maven\bin;C:\Program Files\Java\jdk-17\bin;C:\Program Files\Docker\Docker\resources\bin;C:\Program Files\Git\cmd;C:\Program Files\Tesseract-OCR;C:\Users\acer\AppData\Local\Microsoft\WindowsApps;;C:\Program Files\JetBrains\IntelliJ IDEA Community Edition 2024.3.2.2\bin;
[DEBUG] env.PATHEXT: .COM;.EXE;.BAT;.CMD;.VBS;.VBE;.JS;.JSE;.WSF;.WSH;.MSC
[DEBUG] env.PROCESSOR_ARCHITECTURE: AMD64
[DEBUG] env.PROCESSOR_IDENTIFIER: Intel64 Family 6 Model 151 Stepping 5, GenuineIntel
[DEBUG] env.PROCESSOR_LEVEL: 6
[DEBUG] env.PROCESSOR_REVISION: 9705
[DEBUG] env.PROGRAMDATA: C:\ProgramData
[DEBUG] env.PROGRAMFILES: C:\Program Files
[DEBUG] env.PROGRAMFILES(X86): C:\Program Files (x86)
[DEBUG] env.PROGRAMW6432: C:\Program Files
[DEBUG] env.PROMPT: $P$G
[DEBUG] env.PSMODULEPATH: C:\Program Files\WindowsPowerShell\Modules;C:\WINDOWS\system32\WindowsPowerShell\v1.0\Modules
[DEBUG] env.PUBLIC: C:\Users\Public
[DEBUG] env.SESSIONNAME: Console
[DEBUG] env.SYSTEMDRIVE: C:
[DEBUG] env.SYSTEMROOT: C:\WINDOWS
[DEBUG] env.TEMP: C:\Users\acer\AppData\Local\Temp
[DEBUG] env.TESSDATA_PREFIX: C:\Program Files\Tesseract-OCR\tessdata
[DEBUG] env.TMP: C:\Users\acer\AppData\Local\Temp
[DEBUG] env.USERDOMAIN: DESKTOP-QL97OS0
[DEBUG] env.USERDOMAIN_ROAMINGPROFILE: DESKTOP-QL97OS0
[DEBUG] env.USERNAME: acer
[DEBUG] env.USERPROFILE: C:\Users\acer
[DEBUG] env.WDIR: C:\
[DEBUG] env.WINDIR: C:\WINDOWS
[DEBUG] env.ZES_ENABLE_SYSMAN: 1
[DEBUG] file.encoding: Cp1252
[DEBUG] file.separator: \
[DEBUG] java.class.path: C:\Program Files\Apache\Maven\boot\plexus-classworlds-2.8.0.jar
[DEBUG] java.class.version: 61.0
[DEBUG] java.home: C:\Program Files\Java\jdk-17
[DEBUG] java.io.tmpdir: C:\Users\acer\AppData\Local\Temp\
[DEBUG] java.library.path: C:\Program Files\Java\jdk-17\bin;C:\WINDOWS\Sun\Java\bin;C:\WINDOWS\system32;C:\WINDOWS;C:\Program Files\Common Files\Oracle\Java\javapath;C:\WINDOWS\system32;C:\WINDOWS;C:\WINDOWS\System32\Wbem;C:\WINDOWS\System32\WindowsPowerShell\v1.0\;C:\WINDOWS\System32\OpenSSH\;C:\Program Files\Apache\Maven\bin;C:\Program Files\Java\jdk-17\bin;C:\Program Files\Docker\Docker\resources\bin;C:\Program Files\Git\cmd;C:\Program Files\Tesseract-OCR;C:\Users\acer\AppData\Local\Microsoft\WindowsApps;;C:\Program Files\JetBrains\IntelliJ IDEA Community Edition 2024.3.2.2\bin;;.
[DEBUG] java.runtime.name: Java(TM) SE Runtime Environment
[DEBUG] java.runtime.version: 17.0.12+8-LTS-286
[DEBUG] java.specification.name: Java Platform API Specification
[DEBUG] java.specification.vendor: Oracle Corporation
[DEBUG] java.specification.version: 17
[DEBUG] java.vendor: Oracle Corporation
[DEBUG] java.vendor.url: https://java.oracle.com/
[DEBUG] java.vendor.url.bug: https://bugreport.java.com/bugreport/
[DEBUG] java.version: 17.0.12
[DEBUG] java.version.date: 2024-07-16
[DEBUG] java.vm.compressedOopsMode: Zero based
[DEBUG] java.vm.info: mixed mode, sharing
[DEBUG] java.vm.name: Java HotSpot(TM) 64-Bit Server VM
[DEBUG] java.vm.specification.name: Java Virtual Machine Specification
[DEBUG] java.vm.specification.vendor: Oracle Corporation
[DEBUG] java.vm.specification.version: 17
[DEBUG] java.vm.vendor: Oracle Corporation
[DEBUG] java.vm.version: 17.0.12+8-LTS-286
[DEBUG] jdk.debug: release
[DEBUG] library.jansi.path: C:\Program Files\Apache\Maven\lib\jansi-native
[DEBUG] line.separator: 

[DEBUG] maven.build.timestamp: 2025-03-14T07:24:39Z
[DEBUG] maven.build.version: Apache Maven 3.9.9 (8e8579a9e76f7d015ee5ec7bfcdc97d260186937)
[DEBUG] maven.compiler.source: 17
[DEBUG] maven.compiler.target: 17
[DEBUG] maven.conf: C:\Program Files\Apache\Maven/conf
[DEBUG] maven.home: C:\Program Files\Apache\Maven
[DEBUG] maven.multiModuleProjectDirectory: C:\Users\acer\IdeaProjects\SeleniumWebTesting
[DEBUG] maven.version: 3.9.9
[DEBUG] native.encoding: Cp1252
[DEBUG] os.arch: amd64
[DEBUG] os.name: Windows 11
[DEBUG] os.version: 10.0
[DEBUG] path.separator: ;
[DEBUG] project.baseUri: file:/C:/Users/acer/IdeaProjects/SeleniumWebTesting/
[DEBUG] project.build.sourceEncoding: UTF-8
[DEBUG] sun.arch.data.model: 64
[DEBUG] sun.boot.library.path: C:\Program Files\Java\jdk-17\bin
[DEBUG] sun.cpu.endian: little
[DEBUG] sun.cpu.isalist: amd64
[DEBUG] sun.io.unicode.encoding: UnicodeLittle
[DEBUG] sun.java.command: org.codehaus.plexus.classworlds.launcher.Launcher clean test -X
[DEBUG] sun.java.launcher: SUN_STANDARD
[DEBUG] sun.jnu.encoding: Cp1252
[DEBUG] sun.management.compiler: HotSpot 64-Bit Tiered Compilers
[DEBUG] sun.os.patch.level: 
[DEBUG] sun.stderr.encoding: cp437
[DEBUG] user.country: IN
[DEBUG] user.dir: C:\Users\acer\IdeaProjects\SeleniumWebTesting
[DEBUG] user.home: C:\Users\acer
[DEBUG] user.language: en
[DEBUG] user.name: acer
[DEBUG] user.script: 
[DEBUG] user.variant: 
[DEBUG] Using 'UTF-8' encoding to copy filtered resources.
[DEBUG] Using 'UTF-8' encoding to copy filtered properties files.
[DEBUG] resource with targetPath null
directory C:\Users\acer\IdeaProjects\SeleniumWebTesting\src\main\resources
excludes []
includes []
[DEBUG] ignoreDelta true
[INFO] Copying 2 resources from src\main\resources to target\classes
[DEBUG] Copying file config.properties
[DEBUG] file config.properties has a filtered file extension
[DEBUG] Using 'UTF-8' encoding to copy filtered resource 'config.properties'.
[DEBUG] copy C:\Users\acer\IdeaProjects\SeleniumWebTesting\src\main\resources\config.properties to C:\Users\acer\IdeaProjects\SeleniumWebTesting\target\classes\config.properties
[DEBUG] Copying file test.xlsx
[DEBUG] file test.xlsx has a filtered file extension
[DEBUG] Using 'UTF-8' encoding to copy filtered resource 'test.xlsx'.
[DEBUG] copy C:\Users\acer\IdeaProjects\SeleniumWebTesting\src\main\resources\test.xlsx to C:\Users\acer\IdeaProjects\SeleniumWebTesting\target\classes\test.xlsx
[DEBUG] no user filter components
[INFO] 
[INFO] --- compiler:3.13.0:compile (default-compile) @ SeleniumWebTesting ---
[DEBUG] Dependency collection stats {ConflictMarker.analyzeTime=46300, ConflictMarker.markTime=21700, ConflictMarker.nodeCount=22, ConflictIdSorter.graphTime=18700, ConflictIdSorter.topsortTime=16200, ConflictIdSorter.conflictIdCount=14, ConflictIdSorter.conflictIdCycleCount=0, ConflictResolver.totalTime=157900, ConflictResolver.conflictItemCount=22, DfDependencyCollector.collectTime=67241900, DfDependencyCollector.transformTime=277700}
[DEBUG] org.apache.maven.plugins:maven-compiler-plugin:jar:3.13.0
[DEBUG]    org.apache.maven.shared:maven-shared-utils:jar:3.4.2:compile
[DEBUG]       org.slf4j:slf4j-api:jar:1.7.36:compile
[DEBUG]       commons-io:commons-io:jar:2.11.0:compile
[DEBUG]    org.apache.maven.shared:maven-shared-incremental:jar:1.1:compile
[DEBUG]    org.codehaus.plexus:plexus-java:jar:1.2.0:compile
[DEBUG]       org.ow2.asm:asm:jar:9.6:compile
[DEBUG]       com.thoughtworks.qdox:qdox:jar:2.0.3:compile
[DEBUG]    org.codehaus.plexus:plexus-compiler-api:jar:2.15.0:compile
[DEBUG]    org.codehaus.plexus:plexus-compiler-manager:jar:2.15.0:compile
[DEBUG]       javax.inject:javax.inject:jar:1:compile
[DEBUG]       org.codehaus.plexus:plexus-xml:jar:3.0.0:compile (version managed from default)
[DEBUG]    org.codehaus.plexus:plexus-compiler-javac:jar:2.15.0:runtime
[DEBUG]    org.codehaus.plexus:plexus-utils:jar:4.0.0:compile
[DEBUG] Created new class realm plugin>org.apache.maven.plugins:maven-compiler-plugin:3.13.0
[DEBUG] Importing foreign packages into class realm plugin>org.apache.maven.plugins:maven-compiler-plugin:3.13.0
[DEBUG]   Imported:  < maven.api
[DEBUG] Populating class realm plugin>org.apache.maven.plugins:maven-compiler-plugin:3.13.0
[DEBUG]   Included: org.apache.maven.plugins:maven-compiler-plugin:jar:3.13.0
[DEBUG]   Included: org.apache.maven.shared:maven-shared-utils:jar:3.4.2
[DEBUG]   Included: commons-io:commons-io:jar:2.11.0
[DEBUG]   Included: org.apache.maven.shared:maven-shared-incremental:jar:1.1
[DEBUG]   Included: org.codehaus.plexus:plexus-java:jar:1.2.0
[DEBUG]   Included: org.ow2.asm:asm:jar:9.6
[DEBUG]   Included: com.thoughtworks.qdox:qdox:jar:2.0.3
[DEBUG]   Included: org.codehaus.plexus:plexus-compiler-api:jar:2.15.0
[DEBUG]   Included: org.codehaus.plexus:plexus-compiler-manager:jar:2.15.0
[DEBUG]   Included: org.codehaus.plexus:plexus-xml:jar:3.0.0
[DEBUG]   Included: org.codehaus.plexus:plexus-compiler-javac:jar:2.15.0
[DEBUG]   Included: org.codehaus.plexus:plexus-utils:jar:4.0.0
[DEBUG] Loading mojo org.apache.maven.plugins:maven-compiler-plugin:3.13.0:compile from plugin realm ClassRealm[plugin>org.apache.maven.plugins:maven-compiler-plugin:3.13.0, parent: jdk.internal.loader.ClassLoaders$AppClassLoader@2a139a55]
[DEBUG] Configuring mojo execution 'org.apache.maven.plugins:maven-compiler-plugin:3.13.0:compile:default-compile' with basic configurator -->
[DEBUG]   (f) annotationProcessorPathsUseDepMgmt = false
[DEBUG]   (f) basedir = C:\Users\acer\IdeaProjects\SeleniumWebTesting
[DEBUG]   (f) buildDirectory = C:\Users\acer\IdeaProjects\SeleniumWebTesting\target
[DEBUG]   (f) compilePath = [C:\Users\acer\IdeaProjects\SeleniumWebTesting\target\classes, C:\Users\acer\.m2\repository\org\seleniumhq\selenium\selenium-java\4.28.0\selenium-java-4.28.0.jar, C:\Users\acer\.m2\repository\org\seleniumhq\selenium\selenium-api\4.28.0\selenium-api-4.28.0.jar, C:\Users\acer\.m2\repository\org\jspecify\jspecify\1.0.0\jspecify-1.0.0.jar, C:\Users\acer\.m2\repository\org\seleniumhq\selenium\selenium-chrome-driver\4.28.0\selenium-chrome-driver-4.28.0.jar, C:\Users\acer\.m2\repository\com\google\auto\service\auto-service-annotations\1.1.1\auto-service-annotations-1.1.1.jar, C:\Users\acer\.m2\repository\org\seleniumhq\selenium\selenium-chromium-driver\4.28.0\selenium-chromium-driver-4.28.0.jar, C:\Users\acer\.m2\repository\org\seleniumhq\selenium\selenium-json\4.28.0\selenium-json-4.28.0.jar, C:\Users\acer\.m2\repository\org\seleniumhq\selenium\selenium-manager\4.28.0\selenium-manager-4.28.0.jar, C:\Users\acer\.m2\repository\org\seleniumhq\selenium\selenium-devtools-v130\4.28.0\selenium-devtools-v130-4.28.0.jar, C:\Users\acer\.m2\repository\org\seleniumhq\selenium\selenium-devtools-v131\4.28.0\selenium-devtools-v131-4.28.0.jar, C:\Users\acer\.m2\repository\org\seleniumhq\selenium\selenium-devtools-v132\4.28.0\selenium-devtools-v132-4.28.0.jar, C:\Users\acer\.m2\repository\org\seleniumhq\selenium\selenium-devtools-v85\4.28.0\selenium-devtools-v85-4.28.0.jar, C:\Users\acer\.m2\repository\org\seleniumhq\selenium\selenium-edge-driver\4.28.0\selenium-edge-driver-4.28.0.jar, C:\Users\acer\.m2\repository\org\seleniumhq\selenium\selenium-firefox-driver\4.28.0\selenium-firefox-driver-4.28.0.jar, C:\Users\acer\.m2\repository\org\seleniumhq\selenium\selenium-http\4.28.0\selenium-http-4.28.0.jar, C:\Users\acer\.m2\repository\org\seleniumhq\selenium\selenium-ie-driver\4.28.0\selenium-ie-driver-4.28.0.jar, C:\Users\acer\.m2\repository\org\seleniumhq\selenium\selenium-remote-driver\4.28.0\selenium-remote-driver-4.28.0.jar, C:\Users\acer\.m2\repository\com\google\guava\guava\33.4.0-jre\guava-33.4.0-jre.jar, C:\Users\acer\.m2\repository\com\google\guava\failureaccess\1.0.2\failureaccess-1.0.2.jar, C:\Users\acer\.m2\repository\com\google\guava\listenablefuture\9999.0-empty-to-avoid-conflict-with-guava\listenablefuture-9999.0-empty-to-avoid-conflict-with-guava.jar, C:\Users\acer\.m2\repository\com\google\code\findbugs\jsr305\3.0.2\jsr305-3.0.2.jar, C:\Users\acer\.m2\repository\org\checkerframework\checker-qual\3.43.0\checker-qual-3.43.0.jar, C:\Users\acer\.m2\repository\com\google\errorprone\error_prone_annotations\2.36.0\error_prone_annotations-2.36.0.jar, C:\Users\acer\.m2\repository\com\google\j2objc\j2objc-annotations\3.0.0\j2objc-annotations-3.0.0.jar, C:\Users\acer\.m2\repository\io\opentelemetry\semconv\opentelemetry-semconv\1.28.0-alpha\opentelemetry-semconv-1.28.0-alpha.jar, C:\Users\acer\.m2\repository\io\opentelemetry\opentelemetry-api\1.46.0\opentelemetry-api-1.46.0.jar, C:\Users\acer\.m2\repository\io\opentelemetry\opentelemetry-context\1.46.0\opentelemetry-context-1.46.0.jar, C:\Users\acer\.m2\repository\io\opentelemetry\opentelemetry-exporter-logging\1.46.0\opentelemetry-exporter-logging-1.46.0.jar, C:\Users\acer\.m2\repository\io\opentelemetry\opentelemetry-sdk-common\1.46.0\opentelemetry-sdk-common-1.46.0.jar, C:\Users\acer\.m2\repository\io\opentelemetry\opentelemetry-sdk-extension-autoconfigure-spi\1.46.0\opentelemetry-sdk-extension-autoconfigure-spi-1.46.0.jar, C:\Users\acer\.m2\repository\io\opentelemetry\opentelemetry-sdk-extension-autoconfigure\1.46.0\opentelemetry-sdk-extension-autoconfigure-1.46.0.jar, C:\Users\acer\.m2\repository\io\opentelemetry\opentelemetry-sdk-trace\1.46.0\opentelemetry-sdk-trace-1.46.0.jar, C:\Users\acer\.m2\repository\io\opentelemetry\opentelemetry-sdk\1.46.0\opentelemetry-sdk-1.46.0.jar, C:\Users\acer\.m2\repository\io\opentelemetry\opentelemetry-sdk-metrics\1.46.0\opentelemetry-sdk-metrics-1.46.0.jar, C:\Users\acer\.m2\repository\io\opentelemetry\opentelemetry-sdk-logs\1.46.0\opentelemetry-sdk-logs-1.46.0.jar, C:\Users\acer\.m2\repository\net\bytebuddy\byte-buddy\1.15.11\byte-buddy-1.15.11.jar, C:\Users\acer\.m2\repository\org\seleniumhq\selenium\selenium-os\4.28.0\selenium-os-4.28.0.jar, C:\Users\acer\.m2\repository\org\apache\commons\commons-exec\1.4.0\commons-exec-1.4.0.jar, C:\Users\acer\.m2\repository\org\seleniumhq\selenium\selenium-safari-driver\4.28.0\selenium-safari-driver-4.28.0.jar, C:\Users\acer\.m2\repository\org\seleniumhq\selenium\selenium-support\4.28.0\selenium-support-4.28.0.jar, C:\Users\acer\.m2\repository\org\slf4j\slf4j-api\1.7.36\slf4j-api-1.7.36.jar, C:\Users\acer\.m2\repository\org\apache\poi\poi\5.0.0\poi-5.0.0.jar, C:\Users\acer\.m2\repository\org\slf4j\jcl-over-slf4j\1.7.30\jcl-over-slf4j-1.7.30.jar, C:\Users\acer\.m2\repository\commons-codec\commons-codec\1.15\commons-codec-1.15.jar, C:\Users\acer\.m2\repository\org\apache\commons\commons-collections4\4.4\commons-collections4-4.4.jar, C:\Users\acer\.m2\repository\org\apache\commons\commons-math3\3.6.1\commons-math3-3.6.1.jar, C:\Users\acer\.m2\repository\com\zaxxer\SparseBitSet\1.2\SparseBitSet-1.2.jar, C:\Users\acer\.m2\repository\org\apache\poi\poi-ooxml\5.0.0\poi-ooxml-5.0.0.jar, C:\Users\acer\.m2\repository\org\apache\poi\poi-ooxml-lite\5.0.0\poi-ooxml-lite-5.0.0.jar, C:\Users\acer\.m2\repository\org\apache\xmlbeans\xmlbeans\4.0.0\xmlbeans-4.0.0.jar, C:\Users\acer\.m2\repository\org\apache\commons\commons-compress\1.20\commons-compress-1.20.jar, C:\Users\acer\.m2\repository\com\github\virtuald\curvesapi\1.06\curvesapi-1.06.jar, C:\Users\acer\.m2\repository\org\bouncycastle\bcpkix-jdk15on\1.68\bcpkix-jdk15on-1.68.jar, C:\Users\acer\.m2\repository\org\bouncycastle\bcprov-jdk15on\1.68\bcprov-jdk15on-1.68.jar, C:\Users\acer\.m2\repository\org\apache\santuario\xmlsec\2.2.1\xmlsec-2.2.1.jar, C:\Users\acer\.m2\repository\jakarta\xml\bind\jakarta.xml.bind-api\2.3.2\jakarta.xml.bind-api-2.3.2.jar, C:\Users\acer\.m2\repository\jakarta\activation\jakarta.activation-api\1.2.1\jakarta.activation-api-1.2.1.jar, C:\Users\acer\.m2\repository\org\apache\xmlgraphics\batik-all\1.13\batik-all-1.13.jar, C:\Users\acer\.m2\repository\org\apache\xmlgraphics\batik-anim\1.13\batik-anim-1.13.jar, C:\Users\acer\.m2\repository\org\apache\xmlgraphics\batik-shared-resources\1.13\batik-shared-resources-1.13.jar, C:\Users\acer\.m2\repository\xml-apis\xml-apis-ext\1.3.04\xml-apis-ext-1.3.04.jar, C:\Users\acer\.m2\repository\org\apache\xmlgraphics\batik-awt-util\1.13\batik-awt-util-1.13.jar, C:\Users\acer\.m2\repository\org\apache\xmlgraphics\xmlgraphics-commons\2.4\xmlgraphics-commons-2.4.jar, C:\Users\acer\.m2\repository\org\apache\xmlgraphics\batik-bridge\1.13\batik-bridge-1.13.jar, C:\Users\acer\.m2\repository\org\apache\xmlgraphics\batik-codec\1.13\batik-codec-1.13.jar, C:\Users\acer\.m2\repository\org\apache\xmlgraphics\batik-constants\1.13\batik-constants-1.13.jar, C:\Users\acer\.m2\repository\org\apache\xmlgraphics\batik-css\1.13\batik-css-1.13.jar, C:\Users\acer\.m2\repository\org\apache\xmlgraphics\batik-dom\1.13\batik-dom-1.13.jar, C:\Users\acer\.m2\repository\xalan\xalan\2.7.2\xalan-2.7.2.jar, C:\Users\acer\.m2\repository\xalan\serializer\2.7.2\serializer-2.7.2.jar, C:\Users\acer\.m2\repository\xml-apis\xml-apis\1.4.01\xml-apis-1.4.01.jar, C:\Users\acer\.m2\repository\org\apache\xmlgraphics\batik-ext\1.13\batik-ext-1.13.jar, C:\Users\acer\.m2\repository\org\apache\xmlgraphics\batik-extension\1.13\batik-extension-1.13.jar, C:\Users\acer\.m2\repository\org\apache\xmlgraphics\batik-gui-util\1.13\batik-gui-util-1.13.jar, C:\Users\acer\.m2\repository\org\apache\xmlgraphics\batik-gvt\1.13\batik-gvt-1.13.jar, C:\Users\acer\.m2\repository\org\apache\xmlgraphics\batik-i18n\1.13\batik-i18n-1.13.jar, C:\Users\acer\.m2\repository\org\apache\xmlgraphics\batik-parser\1.13\batik-parser-1.13.jar, C:\Users\acer\.m2\repository\org\apache\xmlgraphics\batik-rasterizer-ext\1.13\batik-rasterizer-ext-1.13.jar, C:\Users\acer\.m2\repository\org\apache\xmlgraphics\batik-rasterizer\1.13\batik-rasterizer-1.13.jar, C:\Users\acer\.m2\repository\org\apache\xmlgraphics\batik-script\1.13\batik-script-1.13.jar, C:\Users\acer\.m2\repository\org\apache\xmlgraphics\batik-slideshow\1.13\batik-slideshow-1.13.jar, C:\Users\acer\.m2\repository\org\apache\xmlgraphics\batik-squiggle-ext\1.13\batik-squiggle-ext-1.13.jar, C:\Users\acer\.m2\repository\org\apache\xmlgraphics\batik-squiggle\1.13\batik-squiggle-1.13.jar, C:\Users\acer\.m2\repository\org\apache\xmlgraphics\batik-svg-dom\1.13\batik-svg-dom-1.13.jar, C:\Users\acer\.m2\repository\org\apache\xmlgraphics\batik-svgbrowser\1.13\batik-svgbrowser-1.13.jar, C:\Users\acer\.m2\repository\org\apache\xmlgraphics\batik-svggen\1.13\batik-svggen-1.13.jar, C:\Users\acer\.m2\repository\org\apache\xmlgraphics\batik-svgpp\1.13\batik-svgpp-1.13.jar, C:\Users\acer\.m2\repository\org\apache\xmlgraphics\batik-svgrasterizer\1.13\batik-svgrasterizer-1.13.jar, C:\Users\acer\.m2\repository\org\apache\xmlgraphics\batik-swing\1.13\batik-swing-1.13.jar, C:\Users\acer\.m2\repository\org\apache\xmlgraphics\batik-transcoder\1.13\batik-transcoder-1.13.jar, C:\Users\acer\.m2\repository\org\apache\xmlgraphics\batik-util\1.13\batik-util-1.13.jar, C:\Users\acer\.m2\repository\org\apache\xmlgraphics\batik-ttf2svg\1.13\batik-ttf2svg-1.13.jar, C:\Users\acer\.m2\repository\org\apache\xmlgraphics\batik-xml\1.13\batik-xml-1.13.jar, C:\Users\acer\.m2\repository\de\rototor\pdfbox\graphics2d\0.30\graphics2d-0.30.jar, C:\Users\acer\.m2\repository\net\sourceforge\tess4j\tess4j\5.5.0\tess4j-5.5.0.jar, C:\Users\acer\.m2\repository\net\java\dev\jna\jna\5.12.1\jna-5.12.1.jar, C:\Users\acer\.m2\repository\com\github\jai-imageio\jai-imageio-core\1.4.0\jai-imageio-core-1.4.0.jar, C:\Users\acer\.m2\repository\org\apache\pdfbox\pdfbox\2.0.27\pdfbox-2.0.27.jar, C:\Users\acer\.m2\repository\org\apache\pdfbox\fontbox\2.0.27\fontbox-2.0.27.jar, C:\Users\acer\.m2\repository\commons-logging\commons-logging\1.2\commons-logging-1.2.jar, C:\Users\acer\.m2\repository\org\apache\pdfbox\pdfbox-tools\2.0.27\pdfbox-tools-2.0.27.jar, C:\Users\acer\.m2\repository\org\apache\pdfbox\pdfbox-debugger\2.0.27\pdfbox-debugger-2.0.27.jar, C:\Users\acer\.m2\repository\org\apache\pdfbox\jbig2-imageio\3.0.4\jbig2-imageio-3.0.4.jar, C:\Users\acer\.m2\repository\commons-io\commons-io\2.11.0\commons-io-2.11.0.jar, C:\Users\acer\.m2\repository\net\sourceforge\lept4j\lept4j\1.17.0\lept4j-1.17.0.jar, C:\Users\acer\.m2\repository\org\jboss\jboss-vfs\3.2.17.Final\jboss-vfs-3.2.17.Final.jar, C:\Users\acer\.m2\repository\org\jboss\logging\jboss-logging\3.1.4.GA\jboss-logging-3.1.4.GA.jar]
[DEBUG]   (f) compileSourceRoots = [C:\Users\acer\IdeaProjects\SeleniumWebTesting\src\main\java]
[DEBUG]   (f) compilerId = javac
[DEBUG]   (f) createMissingPackageInfoClass = true
[DEBUG]   (f) debug = true
[DEBUG]   (f) debugFileName = javac
[DEBUG]   (f) enablePreview = false
[DEBUG]   (f) encoding = UTF-8
[DEBUG]   (f) failOnError = true
[DEBUG]   (f) failOnWarning = false
[DEBUG]   (f) fileExtensions = [jar, class]
[DEBUG]   (f) forceJavacCompilerUse = false
[DEBUG]   (f) forceLegacyJavacApi = false
[DEBUG]   (f) fork = false
[DEBUG]   (f) generatedSourcesDirectory = C:\Users\acer\IdeaProjects\SeleniumWebTesting\target\generated-sources\annotations
[DEBUG]   (f) mojoExecution = org.apache.maven.plugins:maven-compiler-plugin:3.13.0:compile {execution: default-compile}
[DEBUG]   (f) optimize = false
[DEBUG]   (f) outputDirectory = C:\Users\acer\IdeaProjects\SeleniumWebTesting\target\classes
[DEBUG]   (f) parameters = false
[DEBUG]   (f) project = MavenProject: org.example:SeleniumWebTesting:1.0-SNAPSHOT @ C:\Users\acer\IdeaProjects\SeleniumWebTesting\pom.xml
[DEBUG]   (f) projectArtifact = org.example:SeleniumWebTesting:jar:1.0-SNAPSHOT
[DEBUG]   (f) session = org.apache.maven.execution.MavenSession@6f94fb9d
[DEBUG]   (f) showCompilationChanges = false
[DEBUG]   (f) showDeprecation = false
[DEBUG]   (f) showWarnings = true
[DEBUG]   (f) skipMultiThreadWarning = false
[DEBUG]   (f) source = 17
[DEBUG]   (f) staleMillis = 0
[DEBUG]   (s) target = 17
[DEBUG]   (f) useIncrementalCompilation = true
[DEBUG]   (f) verbose = false
[DEBUG] -- end configuration --
[DEBUG] Using compiler 'javac'.
[DEBUG] Adding C:\Users\acer\IdeaProjects\SeleniumWebTesting\target\generated-sources\annotations to compile source roots:
  C:\Users\acer\IdeaProjects\SeleniumWebTesting\src\main\java
[DEBUG] New compile source roots:
  C:\Users\acer\IdeaProjects\SeleniumWebTesting\src\main\java
  C:\Users\acer\IdeaProjects\SeleniumWebTesting\target\generated-sources\annotations
[DEBUG] CompilerReuseStrategy: reuseCreated
[DEBUG] useIncrementalCompilation enabled
[INFO] 	Stale source detected: C:\Users\acer\IdeaProjects\SeleniumWebTesting\src\main\java\Selenium\TestBrokenLinks.java
[INFO] 	Stale source detected: C:\Users\acer\IdeaProjects\SeleniumWebTesting\src\main\java\Selenium\SliderMethods.java
[INFO] 	Stale source detected: C:\Users\acer\IdeaProjects\SeleniumWebTesting\src\main\java\Selenium\MouseActions.java
[INFO] 	Stale source detected: C:\Users\acer\IdeaProjects\SeleniumWebTesting\src\main\java\Selenium\WindowHandling.java
[INFO] 	Stale source detected: C:\Users\acer\IdeaProjects\SeleniumWebTesting\src\main\java\Selenium\DynamicTable.java
[INFO] 	Stale source detected: C:\Users\acer\IdeaProjects\SeleniumWebTesting\src\main\java\Selenium\SeleniumBrowserMethods.java
[INFO] 	Input tree files (+): C:\Users\acer\IdeaProjects\SeleniumWebTesting\src\main\java\Selenium\DynamicTable.java
[INFO] 	Input tree files (+): C:\Users\acer\IdeaProjects\SeleniumWebTesting\src\main\java\Selenium\MouseActions.java
[INFO] 	Input tree files (+): C:\Users\acer\IdeaProjects\SeleniumWebTesting\src\main\java\Selenium\SeleniumBrowserMethods.java
[INFO] 	Input tree files (+): C:\Users\acer\IdeaProjects\SeleniumWebTesting\src\main\java\Selenium\SliderMethods.java
[INFO] 	Input tree files (+): C:\Users\acer\IdeaProjects\SeleniumWebTesting\src\main\java\Selenium\TestBrokenLinks.java
[INFO] 	Input tree files (+): C:\Users\acer\IdeaProjects\SeleniumWebTesting\src\main\java\Selenium\WindowHandling.java
[INFO] Recompiling the module because of changed source code.
[DEBUG] Classpath:
[DEBUG]  C:\Users\acer\IdeaProjects\SeleniumWebTesting\target\classes
[DEBUG]  C:\Users\acer\.m2\repository\org\seleniumhq\selenium\selenium-java\4.28.0\selenium-java-4.28.0.jar
[DEBUG]  C:\Users\acer\.m2\repository\org\seleniumhq\selenium\selenium-api\4.28.0\selenium-api-4.28.0.jar
[DEBUG]  C:\Users\acer\.m2\repository\org\jspecify\jspecify\1.0.0\jspecify-1.0.0.jar
[DEBUG]  C:\Users\acer\.m2\repository\org\seleniumhq\selenium\selenium-chrome-driver\4.28.0\selenium-chrome-driver-4.28.0.jar
[DEBUG]  C:\Users\acer\.m2\repository\com\google\auto\service\auto-service-annotations\1.1.1\auto-service-annotations-1.1.1.jar
[DEBUG]  C:\Users\acer\.m2\repository\org\seleniumhq\selenium\selenium-chromium-driver\4.28.0\selenium-chromium-driver-4.28.0.jar
[DEBUG]  C:\Users\acer\.m2\repository\org\seleniumhq\selenium\selenium-json\4.28.0\selenium-json-4.28.0.jar
[DEBUG]  C:\Users\acer\.m2\repository\org\seleniumhq\selenium\selenium-manager\4.28.0\selenium-manager-4.28.0.jar
[DEBUG]  C:\Users\acer\.m2\repository\org\seleniumhq\selenium\selenium-devtools-v130\4.28.0\selenium-devtools-v130-4.28.0.jar
[DEBUG]  C:\Users\acer\.m2\repository\org\seleniumhq\selenium\selenium-devtools-v131\4.28.0\selenium-devtools-v131-4.28.0.jar
[DEBUG]  C:\Users\acer\.m2\repository\org\seleniumhq\selenium\selenium-devtools-v132\4.28.0\selenium-devtools-v132-4.28.0.jar
[DEBUG]  C:\Users\acer\.m2\repository\org\seleniumhq\selenium\selenium-devtools-v85\4.28.0\selenium-devtools-v85-4.28.0.jar
[DEBUG]  C:\Users\acer\.m2\repository\org\seleniumhq\selenium\selenium-edge-driver\4.28.0\selenium-edge-driver-4.28.0.jar
[DEBUG]  C:\Users\acer\.m2\repository\org\seleniumhq\selenium\selenium-firefox-driver\4.28.0\selenium-firefox-driver-4.28.0.jar
[DEBUG]  C:\Users\acer\.m2\repository\org\seleniumhq\selenium\selenium-http\4.28.0\selenium-http-4.28.0.jar
[DEBUG]  C:\Users\acer\.m2\repository\org\seleniumhq\selenium\selenium-ie-driver\4.28.0\selenium-ie-driver-4.28.0.jar
[DEBUG]  C:\Users\acer\.m2\repository\org\seleniumhq\selenium\selenium-remote-driver\4.28.0\selenium-remote-driver-4.28.0.jar
[DEBUG]  C:\Users\acer\.m2\repository\com\google\guava\guava\33.4.0-jre\guava-33.4.0-jre.jar
[DEBUG]  C:\Users\acer\.m2\repository\com\google\guava\failureaccess\1.0.2\failureaccess-1.0.2.jar
[DEBUG]  C:\Users\acer\.m2\repository\com\google\guava\listenablefuture\9999.0-empty-to-avoid-conflict-with-guava\listenablefuture-9999.0-empty-to-avoid-conflict-with-guava.jar
[DEBUG]  C:\Users\acer\.m2\repository\com\google\code\findbugs\jsr305\3.0.2\jsr305-3.0.2.jar
[DEBUG]  C:\Users\acer\.m2\repository\org\checkerframework\checker-qual\3.43.0\checker-qual-3.43.0.jar
[DEBUG]  C:\Users\acer\.m2\repository\com\google\errorprone\error_prone_annotations\2.36.0\error_prone_annotations-2.36.0.jar
[DEBUG]  C:\Users\acer\.m2\repository\com\google\j2objc\j2objc-annotations\3.0.0\j2objc-annotations-3.0.0.jar
[DEBUG]  C:\Users\acer\.m2\repository\io\opentelemetry\semconv\opentelemetry-semconv\1.28.0-alpha\opentelemetry-semconv-1.28.0-alpha.jar
[DEBUG]  C:\Users\acer\.m2\repository\io\opentelemetry\opentelemetry-api\1.46.0\opentelemetry-api-1.46.0.jar
[DEBUG]  C:\Users\acer\.m2\repository\io\opentelemetry\opentelemetry-context\1.46.0\opentelemetry-context-1.46.0.jar
[DEBUG]  C:\Users\acer\.m2\repository\io\opentelemetry\opentelemetry-exporter-logging\1.46.0\opentelemetry-exporter-logging-1.46.0.jar
[DEBUG]  C:\Users\acer\.m2\repository\io\opentelemetry\opentelemetry-sdk-common\1.46.0\opentelemetry-sdk-common-1.46.0.jar
[DEBUG]  C:\Users\acer\.m2\repository\io\opentelemetry\opentelemetry-sdk-extension-autoconfigure-spi\1.46.0\opentelemetry-sdk-extension-autoconfigure-spi-1.46.0.jar
[DEBUG]  C:\Users\acer\.m2\repository\io\opentelemetry\opentelemetry-sdk-extension-autoconfigure\1.46.0\opentelemetry-sdk-extension-autoconfigure-1.46.0.jar
[DEBUG]  C:\Users\acer\.m2\repository\io\opentelemetry\opentelemetry-sdk-trace\1.46.0\opentelemetry-sdk-trace-1.46.0.jar
[DEBUG]  C:\Users\acer\.m2\repository\io\opentelemetry\opentelemetry-sdk\1.46.0\opentelemetry-sdk-1.46.0.jar
[DEBUG]  C:\Users\acer\.m2\repository\io\opentelemetry\opentelemetry-sdk-metrics\1.46.0\opentelemetry-sdk-metrics-1.46.0.jar
[DEBUG]  C:\Users\acer\.m2\repository\io\opentelemetry\opentelemetry-sdk-logs\1.46.0\opentelemetry-sdk-logs-1.46.0.jar
[DEBUG]  C:\Users\acer\.m2\repository\net\bytebuddy\byte-buddy\1.15.11\byte-buddy-1.15.11.jar
[DEBUG]  C:\Users\acer\.m2\repository\org\seleniumhq\selenium\selenium-os\4.28.0\selenium-os-4.28.0.jar
[DEBUG]  C:\Users\acer\.m2\repository\org\apache\commons\commons-exec\1.4.0\commons-exec-1.4.0.jar
[DEBUG]  C:\Users\acer\.m2\repository\org\seleniumhq\selenium\selenium-safari-driver\4.28.0\selenium-safari-driver-4.28.0.jar
[DEBUG]  C:\Users\acer\.m2\repository\org\seleniumhq\selenium\selenium-support\4.28.0\selenium-support-4.28.0.jar
[DEBUG]  C:\Users\acer\.m2\repository\org\slf4j\slf4j-api\1.7.36\slf4j-api-1.7.36.jar
[DEBUG]  C:\Users\acer\.m2\repository\org\apache\poi\poi\5.0.0\poi-5.0.0.jar
[DEBUG]  C:\Users\acer\.m2\repository\org\slf4j\jcl-over-slf4j\1.7.30\jcl-over-slf4j-1.7.30.jar
[DEBUG]  C:\Users\acer\.m2\repository\commons-codec\commons-codec\1.15\commons-codec-1.15.jar
[DEBUG]  C:\Users\acer\.m2\repository\org\apache\commons\commons-collections4\4.4\commons-collections4-4.4.jar
[DEBUG]  C:\Users\acer\.m2\repository\org\apache\commons\commons-math3\3.6.1\commons-math3-3.6.1.jar
[DEBUG]  C:\Users\acer\.m2\repository\com\zaxxer\SparseBitSet\1.2\SparseBitSet-1.2.jar
[DEBUG]  C:\Users\acer\.m2\repository\org\apache\poi\poi-ooxml\5.0.0\poi-ooxml-5.0.0.jar
[DEBUG]  C:\Users\acer\.m2\repository\org\apache\poi\poi-ooxml-lite\5.0.0\poi-ooxml-lite-5.0.0.jar
[DEBUG]  C:\Users\acer\.m2\repository\org\apache\xmlbeans\xmlbeans\4.0.0\xmlbeans-4.0.0.jar
[DEBUG]  C:\Users\acer\.m2\repository\org\apache\commons\commons-compress\1.20\commons-compress-1.20.jar
[DEBUG]  C:\Users\acer\.m2\repository\com\github\virtuald\curvesapi\1.06\curvesapi-1.06.jar
[DEBUG]  C:\Users\acer\.m2\repository\org\bouncycastle\bcpkix-jdk15on\1.68\bcpkix-jdk15on-1.68.jar
[DEBUG]  C:\Users\acer\.m2\repository\org\bouncycastle\bcprov-jdk15on\1.68\bcprov-jdk15on-1.68.jar
[DEBUG]  C:\Users\acer\.m2\repository\org\apache\santuario\xmlsec\2.2.1\xmlsec-2.2.1.jar
[DEBUG]  C:\Users\acer\.m2\repository\jakarta\xml\bind\jakarta.xml.bind-api\2.3.2\jakarta.xml.bind-api-2.3.2.jar
[DEBUG]  C:\Users\acer\.m2\repository\jakarta\activation\jakarta.activation-api\1.2.1\jakarta.activation-api-1.2.1.jar
[DEBUG]  C:\Users\acer\.m2\repository\org\apache\xmlgraphics\batik-all\1.13\batik-all-1.13.jar
[DEBUG]  C:\Users\acer\.m2\repository\org\apache\xmlgraphics\batik-anim\1.13\batik-anim-1.13.jar
[DEBUG]  C:\Users\acer\.m2\repository\org\apache\xmlgraphics\batik-shared-resources\1.13\batik-shared-resources-1.13.jar
[DEBUG]  C:\Users\acer\.m2\repository\xml-apis\xml-apis-ext\1.3.04\xml-apis-ext-1.3.04.jar
[DEBUG]  C:\Users\acer\.m2\repository\org\apache\xmlgraphics\batik-awt-util\1.13\batik-awt-util-1.13.jar
[DEBUG]  C:\Users\acer\.m2\repository\org\apache\xmlgraphics\xmlgraphics-commons\2.4\xmlgraphics-commons-2.4.jar
[DEBUG]  C:\Users\acer\.m2\repository\org\apache\xmlgraphics\batik-bridge\1.13\batik-bridge-1.13.jar
[DEBUG]  C:\Users\acer\.m2\repository\org\apache\xmlgraphics\batik-codec\1.13\batik-codec-1.13.jar
[DEBUG]  C:\Users\acer\.m2\repository\org\apache\xmlgraphics\batik-constants\1.13\batik-constants-1.13.jar
[DEBUG]  C:\Users\acer\.m2\repository\org\apache\xmlgraphics\batik-css\1.13\batik-css-1.13.jar
[DEBUG]  C:\Users\acer\.m2\repository\org\apache\xmlgraphics\batik-dom\1.13\batik-dom-1.13.jar
[DEBUG]  C:\Users\acer\.m2\repository\xalan\xalan\2.7.2\xalan-2.7.2.jar
[DEBUG]  C:\Users\acer\.m2\repository\xalan\serializer\2.7.2\serializer-2.7.2.jar
[DEBUG]  C:\Users\acer\.m2\repository\xml-apis\xml-apis\1.4.01\xml-apis-1.4.01.jar
[DEBUG]  C:\Users\acer\.m2\repository\org\apache\xmlgraphics\batik-ext\1.13\batik-ext-1.13.jar
[DEBUG]  C:\Users\acer\.m2\repository\org\apache\xmlgraphics\batik-extension\1.13\batik-extension-1.13.jar
[DEBUG]  C:\Users\acer\.m2\repository\org\apache\xmlgraphics\batik-gui-util\1.13\batik-gui-util-1.13.jar
[DEBUG]  C:\Users\acer\.m2\repository\org\apache\xmlgraphics\batik-gvt\1.13\batik-gvt-1.13.jar
[DEBUG]  C:\Users\acer\.m2\repository\org\apache\xmlgraphics\batik-i18n\1.13\batik-i18n-1.13.jar
[DEBUG]  C:\Users\acer\.m2\repository\org\apache\xmlgraphics\batik-parser\1.13\batik-parser-1.13.jar
[DEBUG]  C:\Users\acer\.m2\repository\org\apache\xmlgraphics\batik-rasterizer-ext\1.13\batik-rasterizer-ext-1.13.jar
[DEBUG]  C:\Users\acer\.m2\repository\org\apache\xmlgraphics\batik-rasterizer\1.13\batik-rasterizer-1.13.jar
[DEBUG]  C:\Users\acer\.m2\repository\org\apache\xmlgraphics\batik-script\1.13\batik-script-1.13.jar
[DEBUG]  C:\Users\acer\.m2\repository\org\apache\xmlgraphics\batik-slideshow\1.13\batik-slideshow-1.13.jar
[DEBUG]  C:\Users\acer\.m2\repository\org\apache\xmlgraphics\batik-squiggle-ext\1.13\batik-squiggle-ext-1.13.jar
[DEBUG]  C:\Users\acer\.m2\repository\org\apache\xmlgraphics\batik-squiggle\1.13\batik-squiggle-1.13.jar
[DEBUG]  C:\Users\acer\.m2\repository\org\apache\xmlgraphics\batik-svg-dom\1.13\batik-svg-dom-1.13.jar
[DEBUG]  C:\Users\acer\.m2\repository\org\apache\xmlgraphics\batik-svgbrowser\1.13\batik-svgbrowser-1.13.jar
[DEBUG]  C:\Users\acer\.m2\repository\org\apache\xmlgraphics\batik-svggen\1.13\batik-svggen-1.13.jar
[DEBUG]  C:\Users\acer\.m2\repository\org\apache\xmlgraphics\batik-svgpp\1.13\batik-svgpp-1.13.jar
[DEBUG]  C:\Users\acer\.m2\repository\org\apache\xmlgraphics\batik-svgrasterizer\1.13\batik-svgrasterizer-1.13.jar
[DEBUG]  C:\Users\acer\.m2\repository\org\apache\xmlgraphics\batik-swing\1.13\batik-swing-1.13.jar
[DEBUG]  C:\Users\acer\.m2\repository\org\apache\xmlgraphics\batik-transcoder\1.13\batik-transcoder-1.13.jar
[DEBUG]  C:\Users\acer\.m2\repository\org\apache\xmlgraphics\batik-util\1.13\batik-util-1.13.jar
[DEBUG]  C:\Users\acer\.m2\repository\org\apache\xmlgraphics\batik-ttf2svg\1.13\batik-ttf2svg-1.13.jar
[DEBUG]  C:\Users\acer\.m2\repository\org\apache\xmlgraphics\batik-xml\1.13\batik-xml-1.13.jar
[DEBUG]  C:\Users\acer\.m2\repository\de\rototor\pdfbox\graphics2d\0.30\graphics2d-0.30.jar
[DEBUG]  C:\Users\acer\.m2\repository\net\sourceforge\tess4j\tess4j\5.5.0\tess4j-5.5.0.jar
[DEBUG]  C:\Users\acer\.m2\repository\net\java\dev\jna\jna\5.12.1\jna-5.12.1.jar
[DEBUG]  C:\Users\acer\.m2\repository\com\github\jai-imageio\jai-imageio-core\1.4.0\jai-imageio-core-1.4.0.jar
[DEBUG]  C:\Users\acer\.m2\repository\org\apache\pdfbox\pdfbox\2.0.27\pdfbox-2.0.27.jar
[DEBUG]  C:\Users\acer\.m2\repository\org\apache\pdfbox\fontbox\2.0.27\fontbox-2.0.27.jar
[DEBUG]  C:\Users\acer\.m2\repository\commons-logging\commons-logging\1.2\commons-logging-1.2.jar
[DEBUG]  C:\Users\acer\.m2\repository\org\apache\pdfbox\pdfbox-tools\2.0.27\pdfbox-tools-2.0.27.jar
[DEBUG]  C:\Users\acer\.m2\repository\org\apache\pdfbox\pdfbox-debugger\2.0.27\pdfbox-debugger-2.0.27.jar
[DEBUG]  C:\Users\acer\.m2\repository\org\apache\pdfbox\jbig2-imageio\3.0.4\jbig2-imageio-3.0.4.jar
[DEBUG]  C:\Users\acer\.m2\repository\commons-io\commons-io\2.11.0\commons-io-2.11.0.jar
[DEBUG]  C:\Users\acer\.m2\repository\net\sourceforge\lept4j\lept4j\1.17.0\lept4j-1.17.0.jar
[DEBUG]  C:\Users\acer\.m2\repository\org\jboss\jboss-vfs\3.2.17.Final\jboss-vfs-3.2.17.Final.jar
[DEBUG]  C:\Users\acer\.m2\repository\org\jboss\logging\jboss-logging\3.1.4.GA\jboss-logging-3.1.4.GA.jar
[DEBUG] Source roots:
[DEBUG]  C:\Users\acer\IdeaProjects\SeleniumWebTesting\src\main\java
[DEBUG]  C:\Users\acer\IdeaProjects\SeleniumWebTesting\target\generated-sources\annotations
[DEBUG] Command line options:
[DEBUG] -d C:\Users\acer\IdeaProjects\SeleniumWebTesting\target\classes -classpath C:\Users\acer\IdeaProjects\SeleniumWebTesting\target\classes;C:\Users\acer\.m2\repository\org\seleniumhq\selenium\selenium-java\4.28.0\selenium-java-4.28.0.jar;C:\Users\acer\.m2\repository\org\seleniumhq\selenium\selenium-api\4.28.0\selenium-api-4.28.0.jar;C:\Users\acer\.m2\repository\org\jspecify\jspecify\1.0.0\jspecify-1.0.0.jar;C:\Users\acer\.m2\repository\org\seleniumhq\selenium\selenium-chrome-driver\4.28.0\selenium-chrome-driver-4.28.0.jar;C:\Users\acer\.m2\repository\com\google\auto\service\auto-service-annotations\1.1.1\auto-service-annotations-1.1.1.jar;C:\Users\acer\.m2\repository\org\seleniumhq\selenium\selenium-chromium-driver\4.28.0\selenium-chromium-driver-4.28.0.jar;C:\Users\acer\.m2\repository\org\seleniumhq\selenium\selenium-json\4.28.0\selenium-json-4.28.0.jar;C:\Users\acer\.m2\repository\org\seleniumhq\selenium\selenium-manager\4.28.0\selenium-manager-4.28.0.jar;C:\Users\acer\.m2\repository\org\seleniumhq\selenium\selenium-devtools-v130\4.28.0\selenium-devtools-v130-4.28.0.jar;C:\Users\acer\.m2\repository\org\seleniumhq\selenium\selenium-devtools-v131\4.28.0\selenium-devtools-v131-4.28.0.jar;C:\Users\acer\.m2\repository\org\seleniumhq\selenium\selenium-devtools-v132\4.28.0\selenium-devtools-v132-4.28.0.jar;C:\Users\acer\.m2\repository\org\seleniumhq\selenium\selenium-devtools-v85\4.28.0\selenium-devtools-v85-4.28.0.jar;C:\Users\acer\.m2\repository\org\seleniumhq\selenium\selenium-edge-driver\4.28.0\selenium-edge-driver-4.28.0.jar;C:\Users\acer\.m2\repository\org\seleniumhq\selenium\selenium-firefox-driver\4.28.0\selenium-firefox-driver-4.28.0.jar;C:\Users\acer\.m2\repository\org\seleniumhq\selenium\selenium-http\4.28.0\selenium-http-4.28.0.jar;C:\Users\acer\.m2\repository\org\seleniumhq\selenium\selenium-ie-driver\4.28.0\selenium-ie-driver-4.28.0.jar;C:\Users\acer\.m2\repository\org\seleniumhq\selenium\selenium-remote-driver\4.28.0\selenium-remote-driver-4.28.0.jar;C:\Users\acer\.m2\repository\com\google\guava\guava\33.4.0-jre\guava-33.4.0-jre.jar;C:\Users\acer\.m2\repository\com\google\guava\failureaccess\1.0.2\failureaccess-1.0.2.jar;C:\Users\acer\.m2\repository\com\google\guava\listenablefuture\9999.0-empty-to-avoid-conflict-with-guava\listenablefuture-9999.0-empty-to-avoid-conflict-with-guava.jar;C:\Users\acer\.m2\repository\com\google\code\findbugs\jsr305\3.0.2\jsr305-3.0.2.jar;C:\Users\acer\.m2\repository\org\checkerframework\checker-qual\3.43.0\checker-qual-3.43.0.jar;C:\Users\acer\.m2\repository\com\google\errorprone\error_prone_annotations\2.36.0\error_prone_annotations-2.36.0.jar;C:\Users\acer\.m2\repository\com\google\j2objc\j2objc-annotations\3.0.0\j2objc-annotations-3.0.0.jar;C:\Users\acer\.m2\repository\io\opentelemetry\semconv\opentelemetry-semconv\1.28.0-alpha\opentelemetry-semconv-1.28.0-alpha.jar;C:\Users\acer\.m2\repository\io\opentelemetry\opentelemetry-api\1.46.0\opentelemetry-api-1.46.0.jar;C:\Users\acer\.m2\repository\io\opentelemetry\opentelemetry-context\1.46.0\opentelemetry-context-1.46.0.jar;C:\Users\acer\.m2\repository\io\opentelemetry\opentelemetry-exporter-logging\1.46.0\opentelemetry-exporter-logging-1.46.0.jar;C:\Users\acer\.m2\repository\io\opentelemetry\opentelemetry-sdk-common\1.46.0\opentelemetry-sdk-common-1.46.0.jar;C:\Users\acer\.m2\repository\io\opentelemetry\opentelemetry-sdk-extension-autoconfigure-spi\1.46.0\opentelemetry-sdk-extension-autoconfigure-spi-1.46.0.jar;C:\Users\acer\.m2\repository\io\opentelemetry\opentelemetry-sdk-extension-autoconfigure\1.46.0\opentelemetry-sdk-extension-autoconfigure-1.46.0.jar;C:\Users\acer\.m2\repository\io\opentelemetry\opentelemetry-sdk-trace\1.46.0\opentelemetry-sdk-trace-1.46.0.jar;C:\Users\acer\.m2\repository\io\opentelemetry\opentelemetry-sdk\1.46.0\opentelemetry-sdk-1.46.0.jar;C:\Users\acer\.m2\repository\io\opentelemetry\opentelemetry-sdk-metrics\1.46.0\opentelemetry-sdk-metrics-1.46.0.jar;C:\Users\acer\.m2\repository\io\opentelemetry\opentelemetry-sdk-logs\1.46.0\opentelemetry-sdk-logs-1.46.0.jar;C:\Users\acer\.m2\repository\net\bytebuddy\byte-buddy\1.15.11\byte-buddy-1.15.11.jar;C:\Users\acer\.m2\repository\org\seleniumhq\selenium\selenium-os\4.28.0\selenium-os-4.28.0.jar;C:\Users\acer\.m2\repository\org\apache\commons\commons-exec\1.4.0\commons-exec-1.4.0.jar;C:\Users\acer\.m2\repository\org\seleniumhq\selenium\selenium-safari-driver\4.28.0\selenium-safari-driver-4.28.0.jar;C:\Users\acer\.m2\repository\org\seleniumhq\selenium\selenium-support\4.28.0\selenium-support-4.28.0.jar;C:\Users\acer\.m2\repository\org\slf4j\slf4j-api\1.7.36\slf4j-api-1.7.36.jar;C:\Users\acer\.m2\repository\org\apache\poi\poi\5.0.0\poi-5.0.0.jar;C:\Users\acer\.m2\repository\org\slf4j\jcl-over-slf4j\1.7.30\jcl-over-slf4j-1.7.30.jar;C:\Users\acer\.m2\repository\commons-codec\commons-codec\1.15\commons-codec-1.15.jar;C:\Users\acer\.m2\repository\org\apache\commons\commons-collections4\4.4\commons-collections4-4.4.jar;C:\Users\acer\.m2\repository\org\apache\commons\commons-math3\3.6.1\commons-math3-3.6.1.jar;C:\Users\acer\.m2\repository\com\zaxxer\SparseBitSet\1.2\SparseBitSet-1.2.jar;C:\Users\acer\.m2\repository\org\apache\poi\poi-ooxml\5.0.0\poi-ooxml-5.0.0.jar;C:\Users\acer\.m2\repository\org\apache\poi\poi-ooxml-lite\5.0.0\poi-ooxml-lite-5.0.0.jar;C:\Users\acer\.m2\repository\org\apache\xmlbeans\xmlbeans\4.0.0\xmlbeans-4.0.0.jar;C:\Users\acer\.m2\repository\org\apache\commons\commons-compress\1.20\commons-compress-1.20.jar;C:\Users\acer\.m2\repository\com\github\virtuald\curvesapi\1.06\curvesapi-1.06.jar;C:\Users\acer\.m2\repository\org\bouncycastle\bcpkix-jdk15on\1.68\bcpkix-jdk15on-1.68.jar;C:\Users\acer\.m2\repository\org\bouncycastle\bcprov-jdk15on\1.68\bcprov-jdk15on-1.68.jar;C:\Users\acer\.m2\repository\org\apache\santuario\xmlsec\2.2.1\xmlsec-2.2.1.jar;C:\Users\acer\.m2\repository\jakarta\xml\bind\jakarta.xml.bind-api\2.3.2\jakarta.xml.bind-api-2.3.2.jar;C:\Users\acer\.m2\repository\jakarta\activation\jakarta.activation-api\1.2.1\jakarta.activation-api-1.2.1.jar;C:\Users\acer\.m2\repository\org\apache\xmlgraphics\batik-all\1.13\batik-all-1.13.jar;C:\Users\acer\.m2\repository\org\apache\xmlgraphics\batik-anim\1.13\batik-anim-1.13.jar;C:\Users\acer\.m2\repository\org\apache\xmlgraphics\batik-shared-resources\1.13\batik-shared-resources-1.13.jar;C:\Users\acer\.m2\repository\xml-apis\xml-apis-ext\1.3.04\xml-apis-ext-1.3.04.jar;C:\Users\acer\.m2\repository\org\apache\xmlgraphics\batik-awt-util\1.13\batik-awt-util-1.13.jar;C:\Users\acer\.m2\repository\org\apache\xmlgraphics\xmlgraphics-commons\2.4\xmlgraphics-commons-2.4.jar;C:\Users\acer\.m2\repository\org\apache\xmlgraphics\batik-bridge\1.13\batik-bridge-1.13.jar;C:\Users\acer\.m2\repository\org\apache\xmlgraphics\batik-codec\1.13\batik-codec-1.13.jar;C:\Users\acer\.m2\repository\org\apache\xmlgraphics\batik-constants\1.13\batik-constants-1.13.jar;C:\Users\acer\.m2\repository\org\apache\xmlgraphics\batik-css\1.13\batik-css-1.13.jar;C:\Users\acer\.m2\repository\org\apache\xmlgraphics\batik-dom\1.13\batik-dom-1.13.jar;C:\Users\acer\.m2\repository\xalan\xalan\2.7.2\xalan-2.7.2.jar;C:\Users\acer\.m2\repository\xalan\serializer\2.7.2\serializer-2.7.2.jar;C:\Users\acer\.m2\repository\xml-apis\xml-apis\1.4.01\xml-apis-1.4.01.jar;C:\Users\acer\.m2\repository\org\apache\xmlgraphics\batik-ext\1.13\batik-ext-1.13.jar;C:\Users\acer\.m2\repository\org\apache\xmlgraphics\batik-extension\1.13\batik-extension-1.13.jar;C:\Users\acer\.m2\repository\org\apache\xmlgraphics\batik-gui-util\1.13\batik-gui-util-1.13.jar;C:\Users\acer\.m2\repository\org\apache\xmlgraphics\batik-gvt\1.13\batik-gvt-1.13.jar;C:\Users\acer\.m2\repository\org\apache\xmlgraphics\batik-i18n\1.13\batik-i18n-1.13.jar;C:\Users\acer\.m2\repository\org\apache\xmlgraphics\batik-parser\1.13\batik-parser-1.13.jar;C:\Users\acer\.m2\repository\org\apache\xmlgraphics\batik-rasterizer-ext\1.13\batik-rasterizer-ext-1.13.jar;C:\Users\acer\.m2\repository\org\apache\xmlgraphics\batik-rasterizer\1.13\batik-rasterizer-1.13.jar;C:\Users\acer\.m2\repository\org\apache\xmlgraphics\batik-script\1.13\batik-script-1.13.jar;C:\Users\acer\.m2\repository\org\apache\xmlgraphics\batik-slideshow\1.13\batik-slideshow-1.13.jar;C:\Users\acer\.m2\repository\org\apache\xmlgraphics\batik-squiggle-ext\1.13\batik-squiggle-ext-1.13.jar;C:\Users\acer\.m2\repository\org\apache\xmlgraphics\batik-squiggle\1.13\batik-squiggle-1.13.jar;C:\Users\acer\.m2\repository\org\apache\xmlgraphics\batik-svg-dom\1.13\batik-svg-dom-1.13.jar;C:\Users\acer\.m2\repository\org\apache\xmlgraphics\batik-svgbrowser\1.13\batik-svgbrowser-1.13.jar;C:\Users\acer\.m2\repository\org\apache\xmlgraphics\batik-svggen\1.13\batik-svggen-1.13.jar;C:\Users\acer\.m2\repository\org\apache\xmlgraphics\batik-svgpp\1.13\batik-svgpp-1.13.jar;C:\Users\acer\.m2\repository\org\apache\xmlgraphics\batik-svgrasterizer\1.13\batik-svgrasterizer-1.13.jar;C:\Users\acer\.m2\repository\org\apache\xmlgraphics\batik-swing\1.13\batik-swing-1.13.jar;C:\Users\acer\.m2\repository\org\apache\xmlgraphics\batik-transcoder\1.13\batik-transcoder-1.13.jar;C:\Users\acer\.m2\repository\org\apache\xmlgraphics\batik-util\1.13\batik-util-1.13.jar;C:\Users\acer\.m2\repository\org\apache\xmlgraphics\batik-ttf2svg\1.13\batik-ttf2svg-1.13.jar;C:\Users\acer\.m2\repository\org\apache\xmlgraphics\batik-xml\1.13\batik-xml-1.13.jar;C:\Users\acer\.m2\repository\de\rototor\pdfbox\graphics2d\0.30\graphics2d-0.30.jar;C:\Users\acer\.m2\repository\net\sourceforge\tess4j\tess4j\5.5.0\tess4j-5.5.0.jar;C:\Users\acer\.m2\repository\net\java\dev\jna\jna\5.12.1\jna-5.12.1.jar;C:\Users\acer\.m2\repository\com\github\jai-imageio\jai-imageio-core\1.4.0\jai-imageio-core-1.4.0.jar;C:\Users\acer\.m2\repository\org\apache\pdfbox\pdfbox\2.0.27\pdfbox-2.0.27.jar;C:\Users\acer\.m2\repository\org\apache\pdfbox\fontbox\2.0.27\fontbox-2.0.27.jar;C:\Users\acer\.m2\repository\commons-logging\commons-logging\1.2\commons-logging-1.2.jar;C:\Users\acer\.m2\repository\org\apache\pdfbox\pdfbox-tools\2.0.27\pdfbox-tools-2.0.27.jar;C:\Users\acer\.m2\repository\org\apache\pdfbox\pdfbox-debugger\2.0.27\pdfbox-debugger-2.0.27.jar;C:\Users\acer\.m2\repository\org\apache\pdfbox\jbig2-imageio\3.0.4\jbig2-imageio-3.0.4.jar;C:\Users\acer\.m2\repository\commons-io\commons-io\2.11.0\commons-io-2.11.0.jar;C:\Users\acer\.m2\repository\net\sourceforge\lept4j\lept4j\1.17.0\lept4j-1.17.0.jar;C:\Users\acer\.m2\repository\org\jboss\jboss-vfs\3.2.17.Final\jboss-vfs-3.2.17.Final.jar;C:\Users\acer\.m2\repository\org\jboss\logging\jboss-logging\3.1.4.GA\jboss-logging-3.1.4.GA.jar; -sourcepath C:\Users\acer\IdeaProjects\SeleniumWebTesting\src\main\java;C:\Users\acer\IdeaProjects\SeleniumWebTesting\target\generated-sources\annotations; -s C:\Users\acer\IdeaProjects\SeleniumWebTesting\target\generated-sources\annotations -g -target 17 -source 17 -encoding UTF-8 -XDuseUnsharedTable=true
[DEBUG] incrementalBuildHelper#beforeRebuildExecution
[INFO] Compiling 6 source files with javac [debug target 17] to target\classes
[DEBUG] incrementalBuildHelper#afterRebuildExecution
[INFO] /C:/Users/acer/IdeaProjects/SeleniumWebTesting/src/main/java/Selenium/TestBrokenLinks.java: C:\Users\acer\IdeaProjects\SeleniumWebTesting\src\main\java\Selenium\TestBrokenLinks.java uses or overrides a deprecated API.
[INFO] /C:/Users/acer/IdeaProjects/SeleniumWebTesting/src/main/java/Selenium/TestBrokenLinks.java: Recompile with -Xlint:deprecation for details.
[INFO] 
[INFO] --- resources:3.3.1:testResources (default-testResources) @ SeleniumWebTesting ---
[DEBUG] Loading mojo org.apache.maven.plugins:maven-resources-plugin:3.3.1:testResources from plugin realm ClassRealm[plugin>org.apache.maven.plugins:maven-resources-plugin:3.3.1, parent: jdk.internal.loader.ClassLoaders$AppClassLoader@2a139a55]
[DEBUG] Configuring mojo execution 'org.apache.maven.plugins:maven-resources-plugin:3.3.1:testResources:default-testResources' with basic configurator -->
[DEBUG]   (f) addDefaultExcludes = true
[DEBUG]   (f) buildFilters = []
[DEBUG]   (f) encoding = UTF-8
[DEBUG]   (f) escapeWindowsPaths = true
[DEBUG]   (f) fileNameFiltering = false
[DEBUG]   (s) includeEmptyDirs = false
[DEBUG]   (s) outputDirectory = C:\Users\acer\IdeaProjects\SeleniumWebTesting\target\test-classes
[DEBUG]   (s) overwrite = false
[DEBUG]   (f) project = MavenProject: org.example:SeleniumWebTesting:1.0-SNAPSHOT @ C:\Users\acer\IdeaProjects\SeleniumWebTesting\pom.xml
[DEBUG]   (s) resources = [Resource {targetPath: null, filtering: false, FileSet {directory: C:\Users\acer\IdeaProjects\SeleniumWebTesting\src\test\resources, PatternSet [includes: {}, excludes: {}]}}]
[DEBUG]   (f) session = org.apache.maven.execution.MavenSession@6f94fb9d
[DEBUG]   (f) skip = false
[DEBUG]   (f) supportMultiLineFiltering = false
[DEBUG]   (f) useBuildFilters = true
[DEBUG]   (s) useDefaultDelimiters = true
[DEBUG] -- end configuration --
[DEBUG] properties used:
[DEBUG] classworlds.conf: C:\Program Files\Apache\Maven\bin\m2.conf
[DEBUG] env.=C:: C:\Users\acer\IdeaProjects\SeleniumWebTesting
[DEBUG] env.=EXITCODE: 00000000
[DEBUG] env.ALLUSERSPROFILE: C:\ProgramData
[DEBUG] env.APPDATA: C:\Users\acer\AppData\Roaming
[DEBUG] env.CLASSWORLDS_JAR: "C:\Program Files\Apache\Maven\boot\plexus-classworlds-2.8.0.jar"
[DEBUG] env.CLASSWORLDS_LAUNCHER: org.codehaus.plexus.classworlds.launcher.Launcher
[DEBUG] env.COMMONPROGRAMFILES: C:\Program Files\Common Files
[DEBUG] env.COMMONPROGRAMFILES(X86): C:\Program Files (x86)\Common Files
[DEBUG] env.COMMONPROGRAMW6432: C:\Program Files\Common Files
[DEBUG] env.COMPUTERNAME: DESKTOP-QL97OS0
[DEBUG] env.COMSPEC: C:\WINDOWS\system32\cmd.exe
[DEBUG] env.DRIVERDATA: C:\Windows\System32\Drivers\DriverData
[DEBUG] env.EFC_14924: 1
[DEBUG] env.ERROR_CODE: 0
[DEBUG] env.EXEC_DIR: C:\Users\acer\IdeaProjects\SeleniumWebTesting
[DEBUG] env.HOMEDRIVE: C:
[DEBUG] env.HOMEPATH: \Users\acer
[DEBUG] env.INTELLIJ IDEA COMMUNITY EDITION: C:\Program Files\JetBrains\IntelliJ IDEA Community Edition 2024.3.2.2\bin;
[DEBUG] env.JAVACMD: C:\Program Files\Java\jdk-17\bin\java.exe
[DEBUG] env.JAVA_HOME: C:\Program Files\Java\jdk-17
[DEBUG] env.JVMCONFIG: \.mvn\jvm.config
[DEBUG] env.LOCALAPPDATA: C:\Users\acer\AppData\Local
[DEBUG] env.LOGONSERVER: \\DESKTOP-QL97OS0
[DEBUG] env.MAVEN_CMD_LINE_ARGS: clean test -X
[DEBUG] env.MAVEN_HOME: C:\Program Files\Apache\Maven
[DEBUG] env.MAVEN_PROJECTBASEDIR: C:\Users\acer\IdeaProjects\SeleniumWebTesting
[DEBUG] env.NUMBER_OF_PROCESSORS: 12
[DEBUG] env.ONEDRIVE: C:\Users\acer\OneDrive
[DEBUG] env.OS: Windows_NT
[DEBUG] env.PATH: C:\Program Files\Common Files\Oracle\Java\javapath;C:\WINDOWS\system32;C:\WINDOWS;C:\WINDOWS\System32\Wbem;C:\WINDOWS\System32\WindowsPowerShell\v1.0\;C:\WINDOWS\System32\OpenSSH\;C:\Program Files\Apache\Maven\bin;C:\Program Files\Java\jdk-17\bin;C:\Program Files\Docker\Docker\resources\bin;C:\Program Files\Git\cmd;C:\Program Files\Tesseract-OCR;C:\Users\acer\AppData\Local\Microsoft\WindowsApps;;C:\Program Files\JetBrains\IntelliJ IDEA Community Edition 2024.3.2.2\bin;
[DEBUG] env.PATHEXT: .COM;.EXE;.BAT;.CMD;.VBS;.VBE;.JS;.JSE;.WSF;.WSH;.MSC
[DEBUG] env.PROCESSOR_ARCHITECTURE: AMD64
[DEBUG] env.PROCESSOR_IDENTIFIER: Intel64 Family 6 Model 151 Stepping 5, GenuineIntel
[DEBUG] env.PROCESSOR_LEVEL: 6
[DEBUG] env.PROCESSOR_REVISION: 9705
[DEBUG] env.PROGRAMDATA: C:\ProgramData
[DEBUG] env.PROGRAMFILES: C:\Program Files
[DEBUG] env.PROGRAMFILES(X86): C:\Program Files (x86)
[DEBUG] env.PROGRAMW6432: C:\Program Files
[DEBUG] env.PROMPT: $P$G
[DEBUG] env.PSMODULEPATH: C:\Program Files\WindowsPowerShell\Modules;C:\WINDOWS\system32\WindowsPowerShell\v1.0\Modules
[DEBUG] env.PUBLIC: C:\Users\Public
[DEBUG] env.SESSIONNAME: Console
[DEBUG] env.SYSTEMDRIVE: C:
[DEBUG] env.SYSTEMROOT: C:\WINDOWS
[DEBUG] env.TEMP: C:\Users\acer\AppData\Local\Temp
[DEBUG] env.TESSDATA_PREFIX: C:\Program Files\Tesseract-OCR\tessdata
[DEBUG] env.TMP: C:\Users\acer\AppData\Local\Temp
[DEBUG] env.USERDOMAIN: DESKTOP-QL97OS0
[DEBUG] env.USERDOMAIN_ROAMINGPROFILE: DESKTOP-QL97OS0
[DEBUG] env.USERNAME: acer
[DEBUG] env.USERPROFILE: C:\Users\acer
[DEBUG] env.WDIR: C:\
[DEBUG] env.WINDIR: C:\WINDOWS
[DEBUG] env.ZES_ENABLE_SYSMAN: 1
[DEBUG] file.encoding: Cp1252
[DEBUG] file.separator: \
[DEBUG] java.class.path: C:\Program Files\Apache\Maven\boot\plexus-classworlds-2.8.0.jar
[DEBUG] java.class.version: 61.0
[DEBUG] java.home: C:\Program Files\Java\jdk-17
[DEBUG] java.io.tmpdir: C:\Users\acer\AppData\Local\Temp\
[DEBUG] java.library.path: C:\Program Files\Java\jdk-17\bin;C:\WINDOWS\Sun\Java\bin;C:\WINDOWS\system32;C:\WINDOWS;C:\Program Files\Common Files\Oracle\Java\javapath;C:\WINDOWS\system32;C:\WINDOWS;C:\WINDOWS\System32\Wbem;C:\WINDOWS\System32\WindowsPowerShell\v1.0\;C:\WINDOWS\System32\OpenSSH\;C:\Program Files\Apache\Maven\bin;C:\Program Files\Java\jdk-17\bin;C:\Program Files\Docker\Docker\resources\bin;C:\Program Files\Git\cmd;C:\Program Files\Tesseract-OCR;C:\Users\acer\AppData\Local\Microsoft\WindowsApps;;C:\Program Files\JetBrains\IntelliJ IDEA Community Edition 2024.3.2.2\bin;;.
[DEBUG] java.runtime.name: Java(TM) SE Runtime Environment
[DEBUG] java.runtime.version: 17.0.12+8-LTS-286
[DEBUG] java.specification.name: Java Platform API Specification
[DEBUG] java.specification.vendor: Oracle Corporation
[DEBUG] java.specification.version: 17
[DEBUG] java.vendor: Oracle Corporation
[DEBUG] java.vendor.url: https://java.oracle.com/
[DEBUG] java.vendor.url.bug: https://bugreport.java.com/bugreport/
[DEBUG] java.version: 17.0.12
[DEBUG] java.version.date: 2024-07-16
[DEBUG] java.vm.compressedOopsMode: Zero based
[DEBUG] java.vm.info: mixed mode, sharing
[DEBUG] java.vm.name: Java HotSpot(TM) 64-Bit Server VM
[DEBUG] java.vm.specification.name: Java Virtual Machine Specification
[DEBUG] java.vm.specification.vendor: Oracle Corporation
[DEBUG] java.vm.specification.version: 17
[DEBUG] java.vm.vendor: Oracle Corporation
[DEBUG] java.vm.version: 17.0.12+8-LTS-286
[DEBUG] jdk.debug: release
[DEBUG] library.jansi.path: C:\Program Files\Apache\Maven\lib\jansi-native
[DEBUG] line.separator: 

[DEBUG] maven.build.timestamp: 2025-03-14T07:24:40Z
[DEBUG] maven.build.version: Apache Maven 3.9.9 (8e8579a9e76f7d015ee5ec7bfcdc97d260186937)
[DEBUG] maven.compiler.source: 17
[DEBUG] maven.compiler.target: 17
[DEBUG] maven.conf: C:\Program Files\Apache\Maven/conf
[DEBUG] maven.home: C:\Program Files\Apache\Maven
[DEBUG] maven.multiModuleProjectDirectory: C:\Users\acer\IdeaProjects\SeleniumWebTesting
[DEBUG] maven.version: 3.9.9
[DEBUG] native.encoding: Cp1252
[DEBUG] os.arch: amd64
[DEBUG] os.name: Windows 11
[DEBUG] os.version: 10.0
[DEBUG] path.separator: ;
[DEBUG] project.baseUri: file:/C:/Users/acer/IdeaProjects/SeleniumWebTesting/
[DEBUG] project.build.sourceEncoding: UTF-8
[DEBUG] sun.arch.data.model: 64
[DEBUG] sun.boot.library.path: C:\Program Files\Java\jdk-17\bin
[DEBUG] sun.cpu.endian: little
[DEBUG] sun.cpu.isalist: amd64
[DEBUG] sun.io.unicode.encoding: UnicodeLittle
[DEBUG] sun.java.command: org.codehaus.plexus.classworlds.launcher.Launcher clean test -X
[DEBUG] sun.java.launcher: SUN_STANDARD
[DEBUG] sun.jnu.encoding: Cp1252
[DEBUG] sun.management.compiler: HotSpot 64-Bit Tiered Compilers
[DEBUG] sun.os.patch.level: 
[DEBUG] sun.stderr.encoding: cp437
[DEBUG] user.country: IN
[DEBUG] user.dir: C:\Users\acer\IdeaProjects\SeleniumWebTesting
[DEBUG] user.home: C:\Users\acer
[DEBUG] user.language: en
[DEBUG] user.name: acer
[DEBUG] user.script: 
[DEBUG] user.variant: 
[DEBUG] Using 'UTF-8' encoding to copy filtered resources.
[DEBUG] Using 'UTF-8' encoding to copy filtered properties files.
[DEBUG] resource with targetPath null
directory C:\Users\acer\IdeaProjects\SeleniumWebTesting\src\test\resources
excludes []
includes []
[INFO] skip non existing resourceDirectory C:\Users\acer\IdeaProjects\SeleniumWebTesting\src\test\resources
[DEBUG] no user filter components
[INFO] 
[INFO] --- compiler:3.13.0:testCompile (default-testCompile) @ SeleniumWebTesting ---
[DEBUG] Loading mojo org.apache.maven.plugins:maven-compiler-plugin:3.13.0:testCompile from plugin realm ClassRealm[plugin>org.apache.maven.plugins:maven-compiler-plugin:3.13.0, parent: jdk.internal.loader.ClassLoaders$AppClassLoader@2a139a55]
[DEBUG] Configuring mojo execution 'org.apache.maven.plugins:maven-compiler-plugin:3.13.0:testCompile:default-testCompile' with basic configurator -->
[DEBUG]   (f) annotationProcessorPathsUseDepMgmt = false
[DEBUG]   (f) basedir = C:\Users\acer\IdeaProjects\SeleniumWebTesting
[DEBUG]   (f) buildDirectory = C:\Users\acer\IdeaProjects\SeleniumWebTesting\target
[DEBUG]   (f) compileSourceRoots = [C:\Users\acer\IdeaProjects\SeleniumWebTesting\src\test\java]
[DEBUG]   (f) compilerId = javac
[DEBUG]   (f) createMissingPackageInfoClass = true
[DEBUG]   (f) debug = true
[DEBUG]   (f) debugFileName = javac-test
[DEBUG]   (f) enablePreview = false
[DEBUG]   (f) encoding = UTF-8
[DEBUG]   (f) failOnError = true
[DEBUG]   (f) failOnWarning = false
[DEBUG]   (f) fileExtensions = [jar, class]
[DEBUG]   (f) forceJavacCompilerUse = false
[DEBUG]   (f) forceLegacyJavacApi = false
[DEBUG]   (f) fork = false
[DEBUG]   (f) generatedTestSourcesDirectory = C:\Users\acer\IdeaProjects\SeleniumWebTesting\target\generated-test-sources\test-annotations
[DEBUG]   (f) mojoExecution = org.apache.maven.plugins:maven-compiler-plugin:3.13.0:testCompile {execution: default-testCompile}
[DEBUG]   (f) optimize = false
[DEBUG]   (f) outputDirectory = C:\Users\acer\IdeaProjects\SeleniumWebTesting\target\test-classes
[DEBUG]   (f) parameters = false
[DEBUG]   (f) project = MavenProject: org.example:SeleniumWebTesting:1.0-SNAPSHOT @ C:\Users\acer\IdeaProjects\SeleniumWebTesting\pom.xml
[DEBUG]   (f) session = org.apache.maven.execution.MavenSession@6f94fb9d
[DEBUG]   (f) showCompilationChanges = false
[DEBUG]   (f) showDeprecation = false
[DEBUG]   (f) showWarnings = true
[DEBUG]   (f) skipMultiThreadWarning = false
[DEBUG]   (f) source = 17
[DEBUG]   (f) staleMillis = 0
[DEBUG]   (s) target = 17
[DEBUG]   (f) testPath = [C:\Users\acer\IdeaProjects\SeleniumWebTesting\target\test-classes, C:\Users\acer\IdeaProjects\SeleniumWebTesting\target\classes, C:\Users\acer\.m2\repository\org\seleniumhq\selenium\selenium-java\4.28.0\selenium-java-4.28.0.jar, C:\Users\acer\.m2\repository\org\seleniumhq\selenium\selenium-api\4.28.0\selenium-api-4.28.0.jar, C:\Users\acer\.m2\repository\org\jspecify\jspecify\1.0.0\jspecify-1.0.0.jar, C:\Users\acer\.m2\repository\org\seleniumhq\selenium\selenium-chrome-driver\4.28.0\selenium-chrome-driver-4.28.0.jar, C:\Users\acer\.m2\repository\com\google\auto\service\auto-service-annotations\1.1.1\auto-service-annotations-1.1.1.jar, C:\Users\acer\.m2\repository\org\seleniumhq\selenium\selenium-chromium-driver\4.28.0\selenium-chromium-driver-4.28.0.jar, C:\Users\acer\.m2\repository\org\seleniumhq\selenium\selenium-json\4.28.0\selenium-json-4.28.0.jar, C:\Users\acer\.m2\repository\org\seleniumhq\selenium\selenium-manager\4.28.0\selenium-manager-4.28.0.jar, C:\Users\acer\.m2\repository\org\seleniumhq\selenium\selenium-devtools-v130\4.28.0\selenium-devtools-v130-4.28.0.jar, C:\Users\acer\.m2\repository\org\seleniumhq\selenium\selenium-devtools-v131\4.28.0\selenium-devtools-v131-4.28.0.jar, C:\Users\acer\.m2\repository\org\seleniumhq\selenium\selenium-devtools-v132\4.28.0\selenium-devtools-v132-4.28.0.jar, C:\Users\acer\.m2\repository\org\seleniumhq\selenium\selenium-devtools-v85\4.28.0\selenium-devtools-v85-4.28.0.jar, C:\Users\acer\.m2\repository\org\seleniumhq\selenium\selenium-edge-driver\4.28.0\selenium-edge-driver-4.28.0.jar, C:\Users\acer\.m2\repository\org\seleniumhq\selenium\selenium-firefox-driver\4.28.0\selenium-firefox-driver-4.28.0.jar, C:\Users\acer\.m2\repository\org\seleniumhq\selenium\selenium-http\4.28.0\selenium-http-4.28.0.jar, C:\Users\acer\.m2\repository\org\seleniumhq\selenium\selenium-ie-driver\4.28.0\selenium-ie-driver-4.28.0.jar, C:\Users\acer\.m2\repository\org\seleniumhq\selenium\selenium-remote-driver\4.28.0\selenium-remote-driver-4.28.0.jar, C:\Users\acer\.m2\repository\com\google\guava\guava\33.4.0-jre\guava-33.4.0-jre.jar, C:\Users\acer\.m2\repository\com\google\guava\failureaccess\1.0.2\failureaccess-1.0.2.jar, C:\Users\acer\.m2\repository\com\google\guava\listenablefuture\9999.0-empty-to-avoid-conflict-with-guava\listenablefuture-9999.0-empty-to-avoid-conflict-with-guava.jar, C:\Users\acer\.m2\repository\com\google\code\findbugs\jsr305\3.0.2\jsr305-3.0.2.jar, C:\Users\acer\.m2\repository\org\checkerframework\checker-qual\3.43.0\checker-qual-3.43.0.jar, C:\Users\acer\.m2\repository\com\google\errorprone\error_prone_annotations\2.36.0\error_prone_annotations-2.36.0.jar, C:\Users\acer\.m2\repository\com\google\j2objc\j2objc-annotations\3.0.0\j2objc-annotations-3.0.0.jar, C:\Users\acer\.m2\repository\io\opentelemetry\semconv\opentelemetry-semconv\1.28.0-alpha\opentelemetry-semconv-1.28.0-alpha.jar, C:\Users\acer\.m2\repository\io\opentelemetry\opentelemetry-api\1.46.0\opentelemetry-api-1.46.0.jar, C:\Users\acer\.m2\repository\io\opentelemetry\opentelemetry-context\1.46.0\opentelemetry-context-1.46.0.jar, C:\Users\acer\.m2\repository\io\opentelemetry\opentelemetry-exporter-logging\1.46.0\opentelemetry-exporter-logging-1.46.0.jar, C:\Users\acer\.m2\repository\io\opentelemetry\opentelemetry-sdk-common\1.46.0\opentelemetry-sdk-common-1.46.0.jar, C:\Users\acer\.m2\repository\io\opentelemetry\opentelemetry-sdk-extension-autoconfigure-spi\1.46.0\opentelemetry-sdk-extension-autoconfigure-spi-1.46.0.jar, C:\Users\acer\.m2\repository\io\opentelemetry\opentelemetry-sdk-extension-autoconfigure\1.46.0\opentelemetry-sdk-extension-autoconfigure-1.46.0.jar, C:\Users\acer\.m2\repository\io\opentelemetry\opentelemetry-api-incubator\1.46.0-alpha\opentelemetry-api-incubator-1.46.0-alpha.jar, C:\Users\acer\.m2\repository\io\opentelemetry\opentelemetry-sdk-trace\1.46.0\opentelemetry-sdk-trace-1.46.0.jar, C:\Users\acer\.m2\repository\io\opentelemetry\opentelemetry-sdk\1.46.0\opentelemetry-sdk-1.46.0.jar, C:\Users\acer\.m2\repository\io\opentelemetry\opentelemetry-sdk-metrics\1.46.0\opentelemetry-sdk-metrics-1.46.0.jar, C:\Users\acer\.m2\repository\io\opentelemetry\opentelemetry-sdk-logs\1.46.0\opentelemetry-sdk-logs-1.46.0.jar, C:\Users\acer\.m2\repository\net\bytebuddy\byte-buddy\1.15.11\byte-buddy-1.15.11.jar, C:\Users\acer\.m2\repository\org\seleniumhq\selenium\selenium-os\4.28.0\selenium-os-4.28.0.jar, C:\Users\acer\.m2\repository\org\apache\commons\commons-exec\1.4.0\commons-exec-1.4.0.jar, C:\Users\acer\.m2\repository\org\seleniumhq\selenium\selenium-safari-driver\4.28.0\selenium-safari-driver-4.28.0.jar, C:\Users\acer\.m2\repository\org\seleniumhq\selenium\selenium-support\4.28.0\selenium-support-4.28.0.jar, C:\Users\acer\.m2\repository\org\testng\testng\7.7.0\testng-7.7.0.jar, C:\Users\acer\.m2\repository\org\slf4j\slf4j-api\1.7.36\slf4j-api-1.7.36.jar, C:\Users\acer\.m2\repository\com\beust\jcommander\1.82\jcommander-1.82.jar, C:\Users\acer\.m2\repository\org\webjars\jquery\3.6.1\jquery-3.6.1.jar, C:\Users\acer\.m2\repository\org\apache\poi\poi\5.0.0\poi-5.0.0.jar, C:\Users\acer\.m2\repository\org\slf4j\jcl-over-slf4j\1.7.30\jcl-over-slf4j-1.7.30.jar, C:\Users\acer\.m2\repository\commons-codec\commons-codec\1.15\commons-codec-1.15.jar, C:\Users\acer\.m2\repository\org\apache\commons\commons-collections4\4.4\commons-collections4-4.4.jar, C:\Users\acer\.m2\repository\org\apache\commons\commons-math3\3.6.1\commons-math3-3.6.1.jar, C:\Users\acer\.m2\repository\com\zaxxer\SparseBitSet\1.2\SparseBitSet-1.2.jar, C:\Users\acer\.m2\repository\org\apache\poi\poi-ooxml\5.0.0\poi-ooxml-5.0.0.jar, C:\Users\acer\.m2\repository\org\apache\poi\poi-ooxml-lite\5.0.0\poi-ooxml-lite-5.0.0.jar, C:\Users\acer\.m2\repository\org\apache\xmlbeans\xmlbeans\4.0.0\xmlbeans-4.0.0.jar, C:\Users\acer\.m2\repository\org\apache\commons\commons-compress\1.20\commons-compress-1.20.jar, C:\Users\acer\.m2\repository\com\github\virtuald\curvesapi\1.06\curvesapi-1.06.jar, C:\Users\acer\.m2\repository\org\bouncycastle\bcpkix-jdk15on\1.68\bcpkix-jdk15on-1.68.jar, C:\Users\acer\.m2\repository\org\bouncycastle\bcprov-jdk15on\1.68\bcprov-jdk15on-1.68.jar, C:\Users\acer\.m2\repository\org\apache\santuario\xmlsec\2.2.1\xmlsec-2.2.1.jar, C:\Users\acer\.m2\repository\com\fasterxml\woodstox\woodstox-core\5.2.1\woodstox-core-5.2.1.jar, C:\Users\acer\.m2\repository\org\codehaus\woodstox\stax2-api\4.2\stax2-api-4.2.jar, C:\Users\acer\.m2\repository\jakarta\xml\bind\jakarta.xml.bind-api\2.3.2\jakarta.xml.bind-api-2.3.2.jar, C:\Users\acer\.m2\repository\jakarta\activation\jakarta.activation-api\1.2.1\jakarta.activation-api-1.2.1.jar, C:\Users\acer\.m2\repository\org\apache\xmlgraphics\batik-all\1.13\batik-all-1.13.jar, C:\Users\acer\.m2\repository\org\apache\xmlgraphics\batik-anim\1.13\batik-anim-1.13.jar, C:\Users\acer\.m2\repository\org\apache\xmlgraphics\batik-shared-resources\1.13\batik-shared-resources-1.13.jar, C:\Users\acer\.m2\repository\xml-apis\xml-apis-ext\1.3.04\xml-apis-ext-1.3.04.jar, C:\Users\acer\.m2\repository\org\apache\xmlgraphics\batik-awt-util\1.13\batik-awt-util-1.13.jar, C:\Users\acer\.m2\repository\org\apache\xmlgraphics\xmlgraphics-commons\2.4\xmlgraphics-commons-2.4.jar, C:\Users\acer\.m2\repository\org\apache\xmlgraphics\batik-bridge\1.13\batik-bridge-1.13.jar, C:\Users\acer\.m2\repository\org\apache\xmlgraphics\batik-codec\1.13\batik-codec-1.13.jar, C:\Users\acer\.m2\repository\org\apache\xmlgraphics\batik-constants\1.13\batik-constants-1.13.jar, C:\Users\acer\.m2\repository\org\apache\xmlgraphics\batik-css\1.13\batik-css-1.13.jar, C:\Users\acer\.m2\repository\org\apache\xmlgraphics\batik-dom\1.13\batik-dom-1.13.jar, C:\Users\acer\.m2\repository\xalan\xalan\2.7.2\xalan-2.7.2.jar, C:\Users\acer\.m2\repository\xalan\serializer\2.7.2\serializer-2.7.2.jar, C:\Users\acer\.m2\repository\xml-apis\xml-apis\1.4.01\xml-apis-1.4.01.jar, C:\Users\acer\.m2\repository\org\apache\xmlgraphics\batik-ext\1.13\batik-ext-1.13.jar, C:\Users\acer\.m2\repository\org\apache\xmlgraphics\batik-extension\1.13\batik-extension-1.13.jar, C:\Users\acer\.m2\repository\org\apache\xmlgraphics\batik-gui-util\1.13\batik-gui-util-1.13.jar, C:\Users\acer\.m2\repository\org\apache\xmlgraphics\batik-gvt\1.13\batik-gvt-1.13.jar, C:\Users\acer\.m2\repository\org\apache\xmlgraphics\batik-i18n\1.13\batik-i18n-1.13.jar, C:\Users\acer\.m2\repository\org\apache\xmlgraphics\batik-parser\1.13\batik-parser-1.13.jar, C:\Users\acer\.m2\repository\org\apache\xmlgraphics\batik-rasterizer-ext\1.13\batik-rasterizer-ext-1.13.jar, C:\Users\acer\.m2\repository\org\apache\xmlgraphics\batik-rasterizer\1.13\batik-rasterizer-1.13.jar, C:\Users\acer\.m2\repository\org\apache\xmlgraphics\batik-script\1.13\batik-script-1.13.jar, C:\Users\acer\.m2\repository\org\apache\xmlgraphics\batik-slideshow\1.13\batik-slideshow-1.13.jar, C:\Users\acer\.m2\repository\org\apache\xmlgraphics\batik-squiggle-ext\1.13\batik-squiggle-ext-1.13.jar, C:\Users\acer\.m2\repository\org\apache\xmlgraphics\batik-squiggle\1.13\batik-squiggle-1.13.jar, C:\Users\acer\.m2\repository\org\apache\xmlgraphics\batik-svg-dom\1.13\batik-svg-dom-1.13.jar, C:\Users\acer\.m2\repository\org\apache\xmlgraphics\batik-svgbrowser\1.13\batik-svgbrowser-1.13.jar, C:\Users\acer\.m2\repository\org\apache\xmlgraphics\batik-svggen\1.13\batik-svggen-1.13.jar, C:\Users\acer\.m2\repository\org\apache\xmlgraphics\batik-svgpp\1.13\batik-svgpp-1.13.jar, C:\Users\acer\.m2\repository\org\apache\xmlgraphics\batik-svgrasterizer\1.13\batik-svgrasterizer-1.13.jar, C:\Users\acer\.m2\repository\org\apache\xmlgraphics\batik-swing\1.13\batik-swing-1.13.jar, C:\Users\acer\.m2\repository\org\apache\xmlgraphics\batik-transcoder\1.13\batik-transcoder-1.13.jar, C:\Users\acer\.m2\repository\org\apache\xmlgraphics\batik-util\1.13\batik-util-1.13.jar, C:\Users\acer\.m2\repository\org\apache\xmlgraphics\batik-ttf2svg\1.13\batik-ttf2svg-1.13.jar, C:\Users\acer\.m2\repository\org\apache\xmlgraphics\batik-xml\1.13\batik-xml-1.13.jar, C:\Users\acer\.m2\repository\de\rototor\pdfbox\graphics2d\0.30\graphics2d-0.30.jar, C:\Users\acer\.m2\repository\net\sourceforge\tess4j\tess4j\5.5.0\tess4j-5.5.0.jar, C:\Users\acer\.m2\repository\net\java\dev\jna\jna\5.12.1\jna-5.12.1.jar, C:\Users\acer\.m2\repository\com\github\jai-imageio\jai-imageio-core\1.4.0\jai-imageio-core-1.4.0.jar, C:\Users\acer\.m2\repository\org\apache\pdfbox\pdfbox\2.0.27\pdfbox-2.0.27.jar, C:\Users\acer\.m2\repository\org\apache\pdfbox\fontbox\2.0.27\fontbox-2.0.27.jar, C:\Users\acer\.m2\repository\commons-logging\commons-logging\1.2\commons-logging-1.2.jar, C:\Users\acer\.m2\repository\org\apache\pdfbox\pdfbox-tools\2.0.27\pdfbox-tools-2.0.27.jar, C:\Users\acer\.m2\repository\org\apache\pdfbox\pdfbox-debugger\2.0.27\pdfbox-debugger-2.0.27.jar, C:\Users\acer\.m2\repository\org\apache\pdfbox\jbig2-imageio\3.0.4\jbig2-imageio-3.0.4.jar, C:\Users\acer\.m2\repository\commons-io\commons-io\2.11.0\commons-io-2.11.0.jar, C:\Users\acer\.m2\repository\net\sourceforge\lept4j\lept4j\1.17.0\lept4j-1.17.0.jar, C:\Users\acer\.m2\repository\org\jboss\jboss-vfs\3.2.17.Final\jboss-vfs-3.2.17.Final.jar, C:\Users\acer\.m2\repository\org\jboss\logging\jboss-logging\3.1.4.GA\jboss-logging-3.1.4.GA.jar]
[DEBUG]   (f) useIncrementalCompilation = true
[DEBUG]   (f) useModulePath = true
[DEBUG]   (f) verbose = false
[DEBUG] -- end configuration --
[DEBUG] Using compiler 'javac'.
[DEBUG] Adding C:\Users\acer\IdeaProjects\SeleniumWebTesting\target\generated-test-sources\test-annotations to test-compile source roots:
  C:\Users\acer\IdeaProjects\SeleniumWebTesting\src\test\java
[DEBUG] New test-compile source roots:
  C:\Users\acer\IdeaProjects\SeleniumWebTesting\src\test\java
  C:\Users\acer\IdeaProjects\SeleniumWebTesting\target\generated-test-sources\test-annotations
[DEBUG] CompilerReuseStrategy: reuseCreated
[DEBUG] useIncrementalCompilation enabled
[INFO] 	New dependency detected: C:\Users\acer\IdeaProjects\SeleniumWebTesting\target\classes\Selenium\DynamicTable.class
[INFO] 	Stale source detected: C:\Users\acer\IdeaProjects\SeleniumWebTesting\src\test\java\Selenium\configTesting.java
[INFO] 	Stale source detected: C:\Users\acer\IdeaProjects\SeleniumWebTesting\src\test\java\Selenium\MouseScroll.java
[INFO] 	Stale source detected: C:\Users\acer\IdeaProjects\SeleniumWebTesting\src\test\java\Selenium\OrangeHrmTC1.java
[INFO] 	Stale source detected: C:\Users\acer\IdeaProjects\SeleniumWebTesting\src\test\java\Selenium\BrowserStack.java
[INFO] 	Stale source detected: C:\Users\acer\IdeaProjects\SeleniumWebTesting\src\test\java\Selenium\DrtDatePicker.java
[INFO] 	Stale source detected: C:\Users\acer\IdeaProjects\SeleniumWebTesting\src\test\java\Selenium\TestngSample.java
[INFO] 	Stale source detected: C:\Users\acer\IdeaProjects\SeleniumWebTesting\src\test\java\Selenium\WindowHandles.java
[INFO] 	Stale source detected: C:\Users\acer\IdeaProjects\SeleniumWebTesting\src\test\java\Selenium\Datepicker.java
[INFO] 	Stale source detected: C:\Users\acer\IdeaProjects\SeleniumWebTesting\src\test\java\Selenium\ExcelPractice.java
[INFO] 	Stale source detected: C:\Users\acer\IdeaProjects\SeleniumWebTesting\src\test\java\Selenium\CharacterPrinting.java
[INFO] 	Stale source detected: C:\Users\acer\IdeaProjects\SeleniumWebTesting\src\test\java\Selenium\CaptchaSolver.java
[INFO] 	Stale source detected: C:\Users\acer\IdeaProjects\SeleniumWebTesting\src\test\java\Selenium\BrokenLinks.java
[INFO] 	Stale source detected: C:\Users\acer\IdeaProjects\SeleniumWebTesting\src\test\java\Selenium\DataproviderClass.java
[INFO] 	Stale source detected: C:\Users\acer\IdeaProjects\SeleniumWebTesting\src\test\java\Selenium\HandlingAlerts.java
[INFO] 	Stale source detected: C:\Users\acer\IdeaProjects\SeleniumWebTesting\src\test\java\Selenium\practicejava.java
[INFO] 	Input tree files (+): C:\Users\acer\IdeaProjects\SeleniumWebTesting\src\test\java\Selenium\BrokenLinks.java
[INFO] 	Input tree files (+): C:\Users\acer\IdeaProjects\SeleniumWebTesting\src\test\java\Selenium\BrowserStack.java
[INFO] 	Input tree files (+): C:\Users\acer\IdeaProjects\SeleniumWebTesting\src\test\java\Selenium\CaptchaSolver.java
[INFO] 	Input tree files (+): C:\Users\acer\IdeaProjects\SeleniumWebTesting\src\test\java\Selenium\CharacterPrinting.java
[INFO] 	Input tree files (+): C:\Users\acer\IdeaProjects\SeleniumWebTesting\src\test\java\Selenium\configTesting.java
[INFO] 	Input tree files (+): C:\Users\acer\IdeaProjects\SeleniumWebTesting\src\test\java\Selenium\DataproviderClass.java
[INFO] 	Input tree files (+): C:\Users\acer\IdeaProjects\SeleniumWebTesting\src\test\java\Selenium\Datepicker.java
[INFO] 	Input tree files (+): C:\Users\acer\IdeaProjects\SeleniumWebTesting\src\test\java\Selenium\DrtDatePicker.java
[INFO] 	Input tree files (+): C:\Users\acer\IdeaProjects\SeleniumWebTesting\src\test\java\Selenium\ExcelPractice.java
[INFO] 	Input tree files (+): C:\Users\acer\IdeaProjects\SeleniumWebTesting\src\test\java\Selenium\HandlingAlerts.java
[INFO] 	Input tree files (+): C:\Users\acer\IdeaProjects\SeleniumWebTesting\src\test\java\Selenium\MouseScroll.java
[INFO] 	Input tree files (+): C:\Users\acer\IdeaProjects\SeleniumWebTesting\src\test\java\Selenium\OrangeHrmTC1.java
[INFO] 	Input tree files (+): C:\Users\acer\IdeaProjects\SeleniumWebTesting\src\test\java\Selenium\practicejava.java
[INFO] 	Input tree files (+): C:\Users\acer\IdeaProjects\SeleniumWebTesting\src\test\java\Selenium\TestngSample.java
[INFO] 	Input tree files (+): C:\Users\acer\IdeaProjects\SeleniumWebTesting\src\test\java\Selenium\WindowHandles.java
[INFO] Recompiling the module because of changed dependency.
[DEBUG] Classpath:
[DEBUG]  C:\Users\acer\IdeaProjects\SeleniumWebTesting\target\test-classes
[DEBUG]  C:\Users\acer\IdeaProjects\SeleniumWebTesting\target\classes
[DEBUG]  C:\Users\acer\.m2\repository\org\seleniumhq\selenium\selenium-java\4.28.0\selenium-java-4.28.0.jar
[DEBUG]  C:\Users\acer\.m2\repository\org\seleniumhq\selenium\selenium-api\4.28.0\selenium-api-4.28.0.jar
[DEBUG]  C:\Users\acer\.m2\repository\org\jspecify\jspecify\1.0.0\jspecify-1.0.0.jar
[DEBUG]  C:\Users\acer\.m2\repository\org\seleniumhq\selenium\selenium-chrome-driver\4.28.0\selenium-chrome-driver-4.28.0.jar
[DEBUG]  C:\Users\acer\.m2\repository\com\google\auto\service\auto-service-annotations\1.1.1\auto-service-annotations-1.1.1.jar
[DEBUG]  C:\Users\acer\.m2\repository\org\seleniumhq\selenium\selenium-chromium-driver\4.28.0\selenium-chromium-driver-4.28.0.jar
[DEBUG]  C:\Users\acer\.m2\repository\org\seleniumhq\selenium\selenium-json\4.28.0\selenium-json-4.28.0.jar
[DEBUG]  C:\Users\acer\.m2\repository\org\seleniumhq\selenium\selenium-manager\4.28.0\selenium-manager-4.28.0.jar
[DEBUG]  C:\Users\acer\.m2\repository\org\seleniumhq\selenium\selenium-devtools-v130\4.28.0\selenium-devtools-v130-4.28.0.jar
[DEBUG]  C:\Users\acer\.m2\repository\org\seleniumhq\selenium\selenium-devtools-v131\4.28.0\selenium-devtools-v131-4.28.0.jar
[DEBUG]  C:\Users\acer\.m2\repository\org\seleniumhq\selenium\selenium-devtools-v132\4.28.0\selenium-devtools-v132-4.28.0.jar
[DEBUG]  C:\Users\acer\.m2\repository\org\seleniumhq\selenium\selenium-devtools-v85\4.28.0\selenium-devtools-v85-4.28.0.jar
[DEBUG]  C:\Users\acer\.m2\repository\org\seleniumhq\selenium\selenium-edge-driver\4.28.0\selenium-edge-driver-4.28.0.jar
[DEBUG]  C:\Users\acer\.m2\repository\org\seleniumhq\selenium\selenium-firefox-driver\4.28.0\selenium-firefox-driver-4.28.0.jar
[DEBUG]  C:\Users\acer\.m2\repository\org\seleniumhq\selenium\selenium-http\4.28.0\selenium-http-4.28.0.jar
[DEBUG]  C:\Users\acer\.m2\repository\org\seleniumhq\selenium\selenium-ie-driver\4.28.0\selenium-ie-driver-4.28.0.jar
[DEBUG]  C:\Users\acer\.m2\repository\org\seleniumhq\selenium\selenium-remote-driver\4.28.0\selenium-remote-driver-4.28.0.jar
[DEBUG]  C:\Users\acer\.m2\repository\com\google\guava\guava\33.4.0-jre\guava-33.4.0-jre.jar
[DEBUG]  C:\Users\acer\.m2\repository\com\google\guava\failureaccess\1.0.2\failureaccess-1.0.2.jar
[DEBUG]  C:\Users\acer\.m2\repository\com\google\guava\listenablefuture\9999.0-empty-to-avoid-conflict-with-guava\listenablefuture-9999.0-empty-to-avoid-conflict-with-guava.jar
[DEBUG]  C:\Users\acer\.m2\repository\com\google\code\findbugs\jsr305\3.0.2\jsr305-3.0.2.jar
[DEBUG]  C:\Users\acer\.m2\repository\org\checkerframework\checker-qual\3.43.0\checker-qual-3.43.0.jar
[DEBUG]  C:\Users\acer\.m2\repository\com\google\errorprone\error_prone_annotations\2.36.0\error_prone_annotations-2.36.0.jar
[DEBUG]  C:\Users\acer\.m2\repository\com\google\j2objc\j2objc-annotations\3.0.0\j2objc-annotations-3.0.0.jar
[DEBUG]  C:\Users\acer\.m2\repository\io\opentelemetry\semconv\opentelemetry-semconv\1.28.0-alpha\opentelemetry-semconv-1.28.0-alpha.jar
[DEBUG]  C:\Users\acer\.m2\repository\io\opentelemetry\opentelemetry-api\1.46.0\opentelemetry-api-1.46.0.jar
[DEBUG]  C:\Users\acer\.m2\repository\io\opentelemetry\opentelemetry-context\1.46.0\opentelemetry-context-1.46.0.jar
[DEBUG]  C:\Users\acer\.m2\repository\io\opentelemetry\opentelemetry-exporter-logging\1.46.0\opentelemetry-exporter-logging-1.46.0.jar
[DEBUG]  C:\Users\acer\.m2\repository\io\opentelemetry\opentelemetry-sdk-common\1.46.0\opentelemetry-sdk-common-1.46.0.jar
[DEBUG]  C:\Users\acer\.m2\repository\io\opentelemetry\opentelemetry-sdk-extension-autoconfigure-spi\1.46.0\opentelemetry-sdk-extension-autoconfigure-spi-1.46.0.jar
[DEBUG]  C:\Users\acer\.m2\repository\io\opentelemetry\opentelemetry-sdk-extension-autoconfigure\1.46.0\opentelemetry-sdk-extension-autoconfigure-1.46.0.jar
[DEBUG]  C:\Users\acer\.m2\repository\io\opentelemetry\opentelemetry-api-incubator\1.46.0-alpha\opentelemetry-api-incubator-1.46.0-alpha.jar
[DEBUG]  C:\Users\acer\.m2\repository\io\opentelemetry\opentelemetry-sdk-trace\1.46.0\opentelemetry-sdk-trace-1.46.0.jar
[DEBUG]  C:\Users\acer\.m2\repository\io\opentelemetry\opentelemetry-sdk\1.46.0\opentelemetry-sdk-1.46.0.jar
[DEBUG]  C:\Users\acer\.m2\repository\io\opentelemetry\opentelemetry-sdk-metrics\1.46.0\opentelemetry-sdk-metrics-1.46.0.jar
[DEBUG]  C:\Users\acer\.m2\repository\io\opentelemetry\opentelemetry-sdk-logs\1.46.0\opentelemetry-sdk-logs-1.46.0.jar
[DEBUG]  C:\Users\acer\.m2\repository\net\bytebuddy\byte-buddy\1.15.11\byte-buddy-1.15.11.jar
[DEBUG]  C:\Users\acer\.m2\repository\org\seleniumhq\selenium\selenium-os\4.28.0\selenium-os-4.28.0.jar
[DEBUG]  C:\Users\acer\.m2\repository\org\apache\commons\commons-exec\1.4.0\commons-exec-1.4.0.jar
[DEBUG]  C:\Users\acer\.m2\repository\org\seleniumhq\selenium\selenium-safari-driver\4.28.0\selenium-safari-driver-4.28.0.jar
[DEBUG]  C:\Users\acer\.m2\repository\org\seleniumhq\selenium\selenium-support\4.28.0\selenium-support-4.28.0.jar
[DEBUG]  C:\Users\acer\.m2\repository\org\testng\testng\7.7.0\testng-7.7.0.jar
[DEBUG]  C:\Users\acer\.m2\repository\org\slf4j\slf4j-api\1.7.36\slf4j-api-1.7.36.jar
[DEBUG]  C:\Users\acer\.m2\repository\com\beust\jcommander\1.82\jcommander-1.82.jar
[DEBUG]  C:\Users\acer\.m2\repository\org\webjars\jquery\3.6.1\jquery-3.6.1.jar
[DEBUG]  C:\Users\acer\.m2\repository\org\apache\poi\poi\5.0.0\poi-5.0.0.jar
[DEBUG]  C:\Users\acer\.m2\repository\org\slf4j\jcl-over-slf4j\1.7.30\jcl-over-slf4j-1.7.30.jar
[DEBUG]  C:\Users\acer\.m2\repository\commons-codec\commons-codec\1.15\commons-codec-1.15.jar
[DEBUG]  C:\Users\acer\.m2\repository\org\apache\commons\commons-collections4\4.4\commons-collections4-4.4.jar
[DEBUG]  C:\Users\acer\.m2\repository\org\apache\commons\commons-math3\3.6.1\commons-math3-3.6.1.jar
[DEBUG]  C:\Users\acer\.m2\repository\com\zaxxer\SparseBitSet\1.2\SparseBitSet-1.2.jar
[DEBUG]  C:\Users\acer\.m2\repository\org\apache\poi\poi-ooxml\5.0.0\poi-ooxml-5.0.0.jar
[DEBUG]  C:\Users\acer\.m2\repository\org\apache\poi\poi-ooxml-lite\5.0.0\poi-ooxml-lite-5.0.0.jar
[DEBUG]  C:\Users\acer\.m2\repository\org\apache\xmlbeans\xmlbeans\4.0.0\xmlbeans-4.0.0.jar
[DEBUG]  C:\Users\acer\.m2\repository\org\apache\commons\commons-compress\1.20\commons-compress-1.20.jar
[DEBUG]  C:\Users\acer\.m2\repository\com\github\virtuald\curvesapi\1.06\curvesapi-1.06.jar
[DEBUG]  C:\Users\acer\.m2\repository\org\bouncycastle\bcpkix-jdk15on\1.68\bcpkix-jdk15on-1.68.jar
[DEBUG]  C:\Users\acer\.m2\repository\org\bouncycastle\bcprov-jdk15on\1.68\bcprov-jdk15on-1.68.jar
[DEBUG]  C:\Users\acer\.m2\repository\org\apache\santuario\xmlsec\2.2.1\xmlsec-2.2.1.jar
[DEBUG]  C:\Users\acer\.m2\repository\com\fasterxml\woodstox\woodstox-core\5.2.1\woodstox-core-5.2.1.jar
[DEBUG]  C:\Users\acer\.m2\repository\org\codehaus\woodstox\stax2-api\4.2\stax2-api-4.2.jar
[DEBUG]  C:\Users\acer\.m2\repository\jakarta\xml\bind\jakarta.xml.bind-api\2.3.2\jakarta.xml.bind-api-2.3.2.jar
[DEBUG]  C:\Users\acer\.m2\repository\jakarta\activation\jakarta.activation-api\1.2.1\jakarta.activation-api-1.2.1.jar
[DEBUG]  C:\Users\acer\.m2\repository\org\apache\xmlgraphics\batik-all\1.13\batik-all-1.13.jar
[DEBUG]  C:\Users\acer\.m2\repository\org\apache\xmlgraphics\batik-anim\1.13\batik-anim-1.13.jar
[DEBUG]  C:\Users\acer\.m2\repository\org\apache\xmlgraphics\batik-shared-resources\1.13\batik-shared-resources-1.13.jar
[DEBUG]  C:\Users\acer\.m2\repository\xml-apis\xml-apis-ext\1.3.04\xml-apis-ext-1.3.04.jar
[DEBUG]  C:\Users\acer\.m2\repository\org\apache\xmlgraphics\batik-awt-util\1.13\batik-awt-util-1.13.jar
[DEBUG]  C:\Users\acer\.m2\repository\org\apache\xmlgraphics\xmlgraphics-commons\2.4\xmlgraphics-commons-2.4.jar
[DEBUG]  C:\Users\acer\.m2\repository\org\apache\xmlgraphics\batik-bridge\1.13\batik-bridge-1.13.jar
[DEBUG]  C:\Users\acer\.m2\repository\org\apache\xmlgraphics\batik-codec\1.13\batik-codec-1.13.jar
[DEBUG]  C:\Users\acer\.m2\repository\org\apache\xmlgraphics\batik-constants\1.13\batik-constants-1.13.jar
[DEBUG]  C:\Users\acer\.m2\repository\org\apache\xmlgraphics\batik-css\1.13\batik-css-1.13.jar
[DEBUG]  C:\Users\acer\.m2\repository\org\apache\xmlgraphics\batik-dom\1.13\batik-dom-1.13.jar
[DEBUG]  C:\Users\acer\.m2\repository\xalan\xalan\2.7.2\xalan-2.7.2.jar
[DEBUG]  C:\Users\acer\.m2\repository\xalan\serializer\2.7.2\serializer-2.7.2.jar
[DEBUG]  C:\Users\acer\.m2\repository\xml-apis\xml-apis\1.4.01\xml-apis-1.4.01.jar
[DEBUG]  C:\Users\acer\.m2\repository\org\apache\xmlgraphics\batik-ext\1.13\batik-ext-1.13.jar
[DEBUG]  C:\Users\acer\.m2\repository\org\apache\xmlgraphics\batik-extension\1.13\batik-extension-1.13.jar
[DEBUG]  C:\Users\acer\.m2\repository\org\apache\xmlgraphics\batik-gui-util\1.13\batik-gui-util-1.13.jar
[DEBUG]  C:\Users\acer\.m2\repository\org\apache\xmlgraphics\batik-gvt\1.13\batik-gvt-1.13.jar
[DEBUG]  C:\Users\acer\.m2\repository\org\apache\xmlgraphics\batik-i18n\1.13\batik-i18n-1.13.jar
[DEBUG]  C:\Users\acer\.m2\repository\org\apache\xmlgraphics\batik-parser\1.13\batik-parser-1.13.jar
[DEBUG]  C:\Users\acer\.m2\repository\org\apache\xmlgraphics\batik-rasterizer-ext\1.13\batik-rasterizer-ext-1.13.jar
[DEBUG]  C:\Users\acer\.m2\repository\org\apache\xmlgraphics\batik-rasterizer\1.13\batik-rasterizer-1.13.jar
[DEBUG]  C:\Users\acer\.m2\repository\org\apache\xmlgraphics\batik-script\1.13\batik-script-1.13.jar
[DEBUG]  C:\Users\acer\.m2\repository\org\apache\xmlgraphics\batik-slideshow\1.13\batik-slideshow-1.13.jar
[DEBUG]  C:\Users\acer\.m2\repository\org\apache\xmlgraphics\batik-squiggle-ext\1.13\batik-squiggle-ext-1.13.jar
[DEBUG]  C:\Users\acer\.m2\repository\org\apache\xmlgraphics\batik-squiggle\1.13\batik-squiggle-1.13.jar
[DEBUG]  C:\Users\acer\.m2\repository\org\apache\xmlgraphics\batik-svg-dom\1.13\batik-svg-dom-1.13.jar
[DEBUG]  C:\Users\acer\.m2\repository\org\apache\xmlgraphics\batik-svgbrowser\1.13\batik-svgbrowser-1.13.jar
[DEBUG]  C:\Users\acer\.m2\repository\org\apache\xmlgraphics\batik-svggen\1.13\batik-svggen-1.13.jar
[DEBUG]  C:\Users\acer\.m2\repository\org\apache\xmlgraphics\batik-svgpp\1.13\batik-svgpp-1.13.jar
[DEBUG]  C:\Users\acer\.m2\repository\org\apache\xmlgraphics\batik-svgrasterizer\1.13\batik-svgrasterizer-1.13.jar
[DEBUG]  C:\Users\acer\.m2\repository\org\apache\xmlgraphics\batik-swing\1.13\batik-swing-1.13.jar
[DEBUG]  C:\Users\acer\.m2\repository\org\apache\xmlgraphics\batik-transcoder\1.13\batik-transcoder-1.13.jar
[DEBUG]  C:\Users\acer\.m2\repository\org\apache\xmlgraphics\batik-util\1.13\batik-util-1.13.jar
[DEBUG]  C:\Users\acer\.m2\repository\org\apache\xmlgraphics\batik-ttf2svg\1.13\batik-ttf2svg-1.13.jar
[DEBUG]  C:\Users\acer\.m2\repository\org\apache\xmlgraphics\batik-xml\1.13\batik-xml-1.13.jar
[DEBUG]  C:\Users\acer\.m2\repository\de\rototor\pdfbox\graphics2d\0.30\graphics2d-0.30.jar
[DEBUG]  C:\Users\acer\.m2\repository\net\sourceforge\tess4j\tess4j\5.5.0\tess4j-5.5.0.jar
[DEBUG]  C:\Users\acer\.m2\repository\net\java\dev\jna\jna\5.12.1\jna-5.12.1.jar
[DEBUG]  C:\Users\acer\.m2\repository\com\github\jai-imageio\jai-imageio-core\1.4.0\jai-imageio-core-1.4.0.jar
[DEBUG]  C:\Users\acer\.m2\repository\org\apache\pdfbox\pdfbox\2.0.27\pdfbox-2.0.27.jar
[DEBUG]  C:\Users\acer\.m2\repository\org\apache\pdfbox\fontbox\2.0.27\fontbox-2.0.27.jar
[DEBUG]  C:\Users\acer\.m2\repository\commons-logging\commons-logging\1.2\commons-logging-1.2.jar
[DEBUG]  C:\Users\acer\.m2\repository\org\apache\pdfbox\pdfbox-tools\2.0.27\pdfbox-tools-2.0.27.jar
[DEBUG]  C:\Users\acer\.m2\repository\org\apache\pdfbox\pdfbox-debugger\2.0.27\pdfbox-debugger-2.0.27.jar
[DEBUG]  C:\Users\acer\.m2\repository\org\apache\pdfbox\jbig2-imageio\3.0.4\jbig2-imageio-3.0.4.jar
[DEBUG]  C:\Users\acer\.m2\repository\commons-io\commons-io\2.11.0\commons-io-2.11.0.jar
[DEBUG]  C:\Users\acer\.m2\repository\net\sourceforge\lept4j\lept4j\1.17.0\lept4j-1.17.0.jar
[DEBUG]  C:\Users\acer\.m2\repository\org\jboss\jboss-vfs\3.2.17.Final\jboss-vfs-3.2.17.Final.jar
[DEBUG]  C:\Users\acer\.m2\repository\org\jboss\logging\jboss-logging\3.1.4.GA\jboss-logging-3.1.4.GA.jar
[DEBUG] Source roots:
[DEBUG]  C:\Users\acer\IdeaProjects\SeleniumWebTesting\src\test\java
[DEBUG]  C:\Users\acer\IdeaProjects\SeleniumWebTesting\target\generated-test-sources\test-annotations
[DEBUG] Command line options:
[DEBUG] -d C:\Users\acer\IdeaProjects\SeleniumWebTesting\target\test-classes -classpath C:\Users\acer\IdeaProjects\SeleniumWebTesting\target\test-classes;C:\Users\acer\IdeaProjects\SeleniumWebTesting\target\classes;C:\Users\acer\.m2\repository\org\seleniumhq\selenium\selenium-java\4.28.0\selenium-java-4.28.0.jar;C:\Users\acer\.m2\repository\org\seleniumhq\selenium\selenium-api\4.28.0\selenium-api-4.28.0.jar;C:\Users\acer\.m2\repository\org\jspecify\jspecify\1.0.0\jspecify-1.0.0.jar;C:\Users\acer\.m2\repository\org\seleniumhq\selenium\selenium-chrome-driver\4.28.0\selenium-chrome-driver-4.28.0.jar;C:\Users\acer\.m2\repository\com\google\auto\service\auto-service-annotations\1.1.1\auto-service-annotations-1.1.1.jar;C:\Users\acer\.m2\repository\org\seleniumhq\selenium\selenium-chromium-driver\4.28.0\selenium-chromium-driver-4.28.0.jar;C:\Users\acer\.m2\repository\org\seleniumhq\selenium\selenium-json\4.28.0\selenium-json-4.28.0.jar;C:\Users\acer\.m2\repository\org\seleniumhq\selenium\selenium-manager\4.28.0\selenium-manager-4.28.0.jar;C:\Users\acer\.m2\repository\org\seleniumhq\selenium\selenium-devtools-v130\4.28.0\selenium-devtools-v130-4.28.0.jar;C:\Users\acer\.m2\repository\org\seleniumhq\selenium\selenium-devtools-v131\4.28.0\selenium-devtools-v131-4.28.0.jar;C:\Users\acer\.m2\repository\org\seleniumhq\selenium\selenium-devtools-v132\4.28.0\selenium-devtools-v132-4.28.0.jar;C:\Users\acer\.m2\repository\org\seleniumhq\selenium\selenium-devtools-v85\4.28.0\selenium-devtools-v85-4.28.0.jar;C:\Users\acer\.m2\repository\org\seleniumhq\selenium\selenium-edge-driver\4.28.0\selenium-edge-driver-4.28.0.jar;C:\Users\acer\.m2\repository\org\seleniumhq\selenium\selenium-firefox-driver\4.28.0\selenium-firefox-driver-4.28.0.jar;C:\Users\acer\.m2\repository\org\seleniumhq\selenium\selenium-http\4.28.0\selenium-http-4.28.0.jar;C:\Users\acer\.m2\repository\org\seleniumhq\selenium\selenium-ie-driver\4.28.0\selenium-ie-driver-4.28.0.jar;C:\Users\acer\.m2\repository\org\seleniumhq\selenium\selenium-remote-driver\4.28.0\selenium-remote-driver-4.28.0.jar;C:\Users\acer\.m2\repository\com\google\guava\guava\33.4.0-jre\guava-33.4.0-jre.jar;C:\Users\acer\.m2\repository\com\google\guava\failureaccess\1.0.2\failureaccess-1.0.2.jar;C:\Users\acer\.m2\repository\com\google\guava\listenablefuture\9999.0-empty-to-avoid-conflict-with-guava\listenablefuture-9999.0-empty-to-avoid-conflict-with-guava.jar;C:\Users\acer\.m2\repository\com\google\code\findbugs\jsr305\3.0.2\jsr305-3.0.2.jar;C:\Users\acer\.m2\repository\org\checkerframework\checker-qual\3.43.0\checker-qual-3.43.0.jar;C:\Users\acer\.m2\repository\com\google\errorprone\error_prone_annotations\2.36.0\error_prone_annotations-2.36.0.jar;C:\Users\acer\.m2\repository\com\google\j2objc\j2objc-annotations\3.0.0\j2objc-annotations-3.0.0.jar;C:\Users\acer\.m2\repository\io\opentelemetry\semconv\opentelemetry-semconv\1.28.0-alpha\opentelemetry-semconv-1.28.0-alpha.jar;C:\Users\acer\.m2\repository\io\opentelemetry\opentelemetry-api\1.46.0\opentelemetry-api-1.46.0.jar;C:\Users\acer\.m2\repository\io\opentelemetry\opentelemetry-context\1.46.0\opentelemetry-context-1.46.0.jar;C:\Users\acer\.m2\repository\io\opentelemetry\opentelemetry-exporter-logging\1.46.0\opentelemetry-exporter-logging-1.46.0.jar;C:\Users\acer\.m2\repository\io\opentelemetry\opentelemetry-sdk-common\1.46.0\opentelemetry-sdk-common-1.46.0.jar;C:\Users\acer\.m2\repository\io\opentelemetry\opentelemetry-sdk-extension-autoconfigure-spi\1.46.0\opentelemetry-sdk-extension-autoconfigure-spi-1.46.0.jar;C:\Users\acer\.m2\repository\io\opentelemetry\opentelemetry-sdk-extension-autoconfigure\1.46.0\opentelemetry-sdk-extension-autoconfigure-1.46.0.jar;C:\Users\acer\.m2\repository\io\opentelemetry\opentelemetry-api-incubator\1.46.0-alpha\opentelemetry-api-incubator-1.46.0-alpha.jar;C:\Users\acer\.m2\repository\io\opentelemetry\opentelemetry-sdk-trace\1.46.0\opentelemetry-sdk-trace-1.46.0.jar;C:\Users\acer\.m2\repository\io\opentelemetry\opentelemetry-sdk\1.46.0\opentelemetry-sdk-1.46.0.jar;C:\Users\acer\.m2\repository\io\opentelemetry\opentelemetry-sdk-metrics\1.46.0\opentelemetry-sdk-metrics-1.46.0.jar;C:\Users\acer\.m2\repository\io\opentelemetry\opentelemetry-sdk-logs\1.46.0\opentelemetry-sdk-logs-1.46.0.jar;C:\Users\acer\.m2\repository\net\bytebuddy\byte-buddy\1.15.11\byte-buddy-1.15.11.jar;C:\Users\acer\.m2\repository\org\seleniumhq\selenium\selenium-os\4.28.0\selenium-os-4.28.0.jar;C:\Users\acer\.m2\repository\org\apache\commons\commons-exec\1.4.0\commons-exec-1.4.0.jar;C:\Users\acer\.m2\repository\org\seleniumhq\selenium\selenium-safari-driver\4.28.0\selenium-safari-driver-4.28.0.jar;C:\Users\acer\.m2\repository\org\seleniumhq\selenium\selenium-support\4.28.0\selenium-support-4.28.0.jar;C:\Users\acer\.m2\repository\org\testng\testng\7.7.0\testng-7.7.0.jar;C:\Users\acer\.m2\repository\org\slf4j\slf4j-api\1.7.36\slf4j-api-1.7.36.jar;C:\Users\acer\.m2\repository\com\beust\jcommander\1.82\jcommander-1.82.jar;C:\Users\acer\.m2\repository\org\webjars\jquery\3.6.1\jquery-3.6.1.jar;C:\Users\acer\.m2\repository\org\apache\poi\poi\5.0.0\poi-5.0.0.jar;C:\Users\acer\.m2\repository\org\slf4j\jcl-over-slf4j\1.7.30\jcl-over-slf4j-1.7.30.jar;C:\Users\acer\.m2\repository\commons-codec\commons-codec\1.15\commons-codec-1.15.jar;C:\Users\acer\.m2\repository\org\apache\commons\commons-collections4\4.4\commons-collections4-4.4.jar;C:\Users\acer\.m2\repository\org\apache\commons\commons-math3\3.6.1\commons-math3-3.6.1.jar;C:\Users\acer\.m2\repository\com\zaxxer\SparseBitSet\1.2\SparseBitSet-1.2.jar;C:\Users\acer\.m2\repository\org\apache\poi\poi-ooxml\5.0.0\poi-ooxml-5.0.0.jar;C:\Users\acer\.m2\repository\org\apache\poi\poi-ooxml-lite\5.0.0\poi-ooxml-lite-5.0.0.jar;C:\Users\acer\.m2\repository\org\apache\xmlbeans\xmlbeans\4.0.0\xmlbeans-4.0.0.jar;C:\Users\acer\.m2\repository\org\apache\commons\commons-compress\1.20\commons-compress-1.20.jar;C:\Users\acer\.m2\repository\com\github\virtuald\curvesapi\1.06\curvesapi-1.06.jar;C:\Users\acer\.m2\repository\org\bouncycastle\bcpkix-jdk15on\1.68\bcpkix-jdk15on-1.68.jar;C:\Users\acer\.m2\repository\org\bouncycastle\bcprov-jdk15on\1.68\bcprov-jdk15on-1.68.jar;C:\Users\acer\.m2\repository\org\apache\santuario\xmlsec\2.2.1\xmlsec-2.2.1.jar;C:\Users\acer\.m2\repository\com\fasterxml\woodstox\woodstox-core\5.2.1\woodstox-core-5.2.1.jar;C:\Users\acer\.m2\repository\org\codehaus\woodstox\stax2-api\4.2\stax2-api-4.2.jar;C:\Users\acer\.m2\repository\jakarta\xml\bind\jakarta.xml.bind-api\2.3.2\jakarta.xml.bind-api-2.3.2.jar;C:\Users\acer\.m2\repository\jakarta\activation\jakarta.activation-api\1.2.1\jakarta.activation-api-1.2.1.jar;C:\Users\acer\.m2\repository\org\apache\xmlgraphics\batik-all\1.13\batik-all-1.13.jar;C:\Users\acer\.m2\repository\org\apache\xmlgraphics\batik-anim\1.13\batik-anim-1.13.jar;C:\Users\acer\.m2\repository\org\apache\xmlgraphics\batik-shared-resources\1.13\batik-shared-resources-1.13.jar;C:\Users\acer\.m2\repository\xml-apis\xml-apis-ext\1.3.04\xml-apis-ext-1.3.04.jar;C:\Users\acer\.m2\repository\org\apache\xmlgraphics\batik-awt-util\1.13\batik-awt-util-1.13.jar;C:\Users\acer\.m2\repository\org\apache\xmlgraphics\xmlgraphics-commons\2.4\xmlgraphics-commons-2.4.jar;C:\Users\acer\.m2\repository\org\apache\xmlgraphics\batik-bridge\1.13\batik-bridge-1.13.jar;C:\Users\acer\.m2\repository\org\apache\xmlgraphics\batik-codec\1.13\batik-codec-1.13.jar;C:\Users\acer\.m2\repository\org\apache\xmlgraphics\batik-constants\1.13\batik-constants-1.13.jar;C:\Users\acer\.m2\repository\org\apache\xmlgraphics\batik-css\1.13\batik-css-1.13.jar;C:\Users\acer\.m2\repository\org\apache\xmlgraphics\batik-dom\1.13\batik-dom-1.13.jar;C:\Users\acer\.m2\repository\xalan\xalan\2.7.2\xalan-2.7.2.jar;C:\Users\acer\.m2\repository\xalan\serializer\2.7.2\serializer-2.7.2.jar;C:\Users\acer\.m2\repository\xml-apis\xml-apis\1.4.01\xml-apis-1.4.01.jar;C:\Users\acer\.m2\repository\org\apache\xmlgraphics\batik-ext\1.13\batik-ext-1.13.jar;C:\Users\acer\.m2\repository\org\apache\xmlgraphics\batik-extension\1.13\batik-extension-1.13.jar;C:\Users\acer\.m2\repository\org\apache\xmlgraphics\batik-gui-util\1.13\batik-gui-util-1.13.jar;C:\Users\acer\.m2\repository\org\apache\xmlgraphics\batik-gvt\1.13\batik-gvt-1.13.jar;C:\Users\acer\.m2\repository\org\apache\xmlgraphics\batik-i18n\1.13\batik-i18n-1.13.jar;C:\Users\acer\.m2\repository\org\apache\xmlgraphics\batik-parser\1.13\batik-parser-1.13.jar;C:\Users\acer\.m2\repository\org\apache\xmlgraphics\batik-rasterizer-ext\1.13\batik-rasterizer-ext-1.13.jar;C:\Users\acer\.m2\repository\org\apache\xmlgraphics\batik-rasterizer\1.13\batik-rasterizer-1.13.jar;C:\Users\acer\.m2\repository\org\apache\xmlgraphics\batik-script\1.13\batik-script-1.13.jar;C:\Users\acer\.m2\repository\org\apache\xmlgraphics\batik-slideshow\1.13\batik-slideshow-1.13.jar;C:\Users\acer\.m2\repository\org\apache\xmlgraphics\batik-squiggle-ext\1.13\batik-squiggle-ext-1.13.jar;C:\Users\acer\.m2\repository\org\apache\xmlgraphics\batik-squiggle\1.13\batik-squiggle-1.13.jar;C:\Users\acer\.m2\repository\org\apache\xmlgraphics\batik-svg-dom\1.13\batik-svg-dom-1.13.jar;C:\Users\acer\.m2\repository\org\apache\xmlgraphics\batik-svgbrowser\1.13\batik-svgbrowser-1.13.jar;C:\Users\acer\.m2\repository\org\apache\xmlgraphics\batik-svggen\1.13\batik-svggen-1.13.jar;C:\Users\acer\.m2\repository\org\apache\xmlgraphics\batik-svgpp\1.13\batik-svgpp-1.13.jar;C:\Users\acer\.m2\repository\org\apache\xmlgraphics\batik-svgrasterizer\1.13\batik-svgrasterizer-1.13.jar;C:\Users\acer\.m2\repository\org\apache\xmlgraphics\batik-swing\1.13\batik-swing-1.13.jar;C:\Users\acer\.m2\repository\org\apache\xmlgraphics\batik-transcoder\1.13\batik-transcoder-1.13.jar;C:\Users\acer\.m2\repository\org\apache\xmlgraphics\batik-util\1.13\batik-util-1.13.jar;C:\Users\acer\.m2\repository\org\apache\xmlgraphics\batik-ttf2svg\1.13\batik-ttf2svg-1.13.jar;C:\Users\acer\.m2\repository\org\apache\xmlgraphics\batik-xml\1.13\batik-xml-1.13.jar;C:\Users\acer\.m2\repository\de\rototor\pdfbox\graphics2d\0.30\graphics2d-0.30.jar;C:\Users\acer\.m2\repository\net\sourceforge\tess4j\tess4j\5.5.0\tess4j-5.5.0.jar;C:\Users\acer\.m2\repository\net\java\dev\jna\jna\5.12.1\jna-5.12.1.jar;C:\Users\acer\.m2\repository\com\github\jai-imageio\jai-imageio-core\1.4.0\jai-imageio-core-1.4.0.jar;C:\Users\acer\.m2\repository\org\apache\pdfbox\pdfbox\2.0.27\pdfbox-2.0.27.jar;C:\Users\acer\.m2\repository\org\apache\pdfbox\fontbox\2.0.27\fontbox-2.0.27.jar;C:\Users\acer\.m2\repository\commons-logging\commons-logging\1.2\commons-logging-1.2.jar;C:\Users\acer\.m2\repository\org\apache\pdfbox\pdfbox-tools\2.0.27\pdfbox-tools-2.0.27.jar;C:\Users\acer\.m2\repository\org\apache\pdfbox\pdfbox-debugger\2.0.27\pdfbox-debugger-2.0.27.jar;C:\Users\acer\.m2\repository\org\apache\pdfbox\jbig2-imageio\3.0.4\jbig2-imageio-3.0.4.jar;C:\Users\acer\.m2\repository\commons-io\commons-io\2.11.0\commons-io-2.11.0.jar;C:\Users\acer\.m2\repository\net\sourceforge\lept4j\lept4j\1.17.0\lept4j-1.17.0.jar;C:\Users\acer\.m2\repository\org\jboss\jboss-vfs\3.2.17.Final\jboss-vfs-3.2.17.Final.jar;C:\Users\acer\.m2\repository\org\jboss\logging\jboss-logging\3.1.4.GA\jboss-logging-3.1.4.GA.jar; -sourcepath C:\Users\acer\IdeaProjects\SeleniumWebTesting\src\test\java;C:\Users\acer\IdeaProjects\SeleniumWebTesting\target\generated-test-sources\test-annotations; -s C:\Users\acer\IdeaProjects\SeleniumWebTesting\target\generated-test-sources\test-annotations -g -target 17 -source 17 -encoding UTF-8 -XDuseUnsharedTable=true
[DEBUG] incrementalBuildHelper#beforeRebuildExecution
[INFO] Compiling 15 source files with javac [debug target 17] to target\test-classes
[DEBUG] incrementalBuildHelper#afterRebuildExecution
[INFO] 
[INFO] --- surefire:3.0.0-M7:test (default-test) @ SeleniumWebTesting ---
[DEBUG] Using mirror maven-default-http-blocker (http://0.0.0.0/) for jboss-public-repository-group (http://repository.jboss.org/nexus/content/groups/public).
[DEBUG] Using mirror maven-default-http-blocker (http://0.0.0.0/) for ow2-snapshot (http://repository.ow2.org/nexus/content/repositories/snapshots).
[DEBUG] Dependency collection stats {ConflictMarker.analyzeTime=130700, ConflictMarker.markTime=56000, ConflictMarker.nodeCount=76, ConflictIdSorter.graphTime=78100, ConflictIdSorter.topsortTime=39000, ConflictIdSorter.conflictIdCount=39, ConflictIdSorter.conflictIdCycleCount=0, ConflictResolver.totalTime=1149500, ConflictResolver.conflictItemCount=75, DfDependencyCollector.collectTime=202933400, DfDependencyCollector.transformTime=1478700}
[DEBUG] org.apache.maven.plugins:maven-surefire-plugin:jar:3.0.0-M7
[DEBUG]    org.apache.maven.surefire:maven-surefire-common:jar:3.0.0-M7:compile
[DEBUG]       org.apache.maven.surefire:surefire-api:jar:3.0.0-M7:compile
[DEBUG]          org.apache.maven.surefire:surefire-logger-api:jar:3.0.0-M7:compile
[DEBUG]       org.apache.maven.surefire:surefire-extensions-api:jar:3.0.0-M7:compile
[DEBUG]       org.apache.maven.surefire:surefire-booter:jar:3.0.0-M7:compile
[DEBUG]          org.apache.maven.surefire:surefire-extensions-spi:jar:3.0.0-M7:compile
[DEBUG]       org.apache.maven.shared:maven-common-artifact-filters:jar:3.1.1:compile (version managed from default) (exclusions managed from default)
[DEBUG]          org.apache.maven:maven-artifact:jar:3.2.5:provided (scope managed from default) (version managed from default)
[DEBUG]             org.codehaus.plexus:plexus-utils:jar:3.3.0:provided (version managed from default)
[DEBUG]          org.apache.maven:maven-core:jar:3.2.5:provided (scope managed from default) (version managed from default)
[DEBUG]             org.apache.maven:maven-settings:jar:3.2.5:provided (version managed from default)
[DEBUG]             org.apache.maven:maven-settings-builder:jar:3.2.5:provided
[DEBUG]             org.apache.maven:maven-repository-metadata:jar:3.2.5:provided
[DEBUG]             org.apache.maven:maven-model-builder:jar:3.2.5:provided
[DEBUG]             org.apache.maven:maven-aether-provider:jar:3.2.5:provided
[DEBUG]                org.eclipse.aether:aether-spi:jar:1.0.0.v20140518:provided
[DEBUG]             org.eclipse.aether:aether-impl:jar:1.0.0.v20140518:provided
[DEBUG]             org.eclipse.aether:aether-api:jar:1.0.0.v20140518:provided
[DEBUG]             org.eclipse.aether:aether-util:jar:1.0.0.v20140518:provided
[DEBUG]             org.eclipse.sisu:org.eclipse.sisu.plexus:jar:0.3.5:provided (version managed from default)
[DEBUG]                javax.annotation:javax.annotation-api:jar:1.2:provided
[DEBUG]                javax.enterprise:cdi-api:jar:1.2:provided
[DEBUG]                org.eclipse.sisu:org.eclipse.sisu.inject:jar:0.3.5:provided (version managed from default)
[DEBUG]             org.sonatype.sisu:sisu-guice:jar:no_aop:3.2.3:provided
[DEBUG]                javax.inject:javax.inject:jar:1:provided
[DEBUG]                aopalliance:aopalliance:jar:1.0:provided
[DEBUG]                com.google.guava:guava:jar:16.0.1:provided
[DEBUG]             org.codehaus.plexus:plexus-interpolation:jar:1.21:provided
[DEBUG]             org.codehaus.plexus:plexus-classworlds:jar:2.5.2:provided
[DEBUG]             org.codehaus.plexus:plexus-component-annotations:jar:2.1.1:provided (version managed from default)
[DEBUG]             org.sonatype.plexus:plexus-sec-dispatcher:jar:1.3:provided
[DEBUG]                org.sonatype.plexus:plexus-cipher:jar:1.4:provided
[DEBUG]          org.apache.maven:maven-plugin-api:jar:3.2.5:provided (scope managed from default) (version managed from default)
[DEBUG]          commons-io:commons-io:jar:2.11.0:compile (version managed from default)
[DEBUG]       org.codehaus.plexus:plexus-java:jar:1.1.1:compile (version managed from default)
[DEBUG]          org.ow2.asm:asm:jar:9.2:compile
[DEBUG]          com.thoughtworks.qdox:qdox:jar:2.0.1:compile
[DEBUG]       org.apache.maven.surefire:surefire-shared-utils:jar:3.0.0-M7:compile
[DEBUG] Created new class realm plugin>org.apache.maven.plugins:maven-surefire-plugin:3.0.0-M7
[DEBUG] Importing foreign packages into class realm plugin>org.apache.maven.plugins:maven-surefire-plugin:3.0.0-M7
[DEBUG]   Imported:  < maven.api
[DEBUG] Populating class realm plugin>org.apache.maven.plugins:maven-surefire-plugin:3.0.0-M7
[DEBUG]   Included: org.apache.maven.plugins:maven-surefire-plugin:jar:3.0.0-M7
[DEBUG]   Included: org.apache.maven.surefire:maven-surefire-common:jar:3.0.0-M7
[DEBUG]   Included: org.apache.maven.surefire:surefire-api:jar:3.0.0-M7
[DEBUG]   Included: org.apache.maven.surefire:surefire-logger-api:jar:3.0.0-M7
[DEBUG]   Included: org.apache.maven.surefire:surefire-extensions-api:jar:3.0.0-M7
[DEBUG]   Included: org.apache.maven.surefire:surefire-booter:jar:3.0.0-M7
[DEBUG]   Included: org.apache.maven.surefire:surefire-extensions-spi:jar:3.0.0-M7
[DEBUG]   Included: org.apache.maven.shared:maven-common-artifact-filters:jar:3.1.1
[DEBUG]   Included: commons-io:commons-io:jar:2.11.0
[DEBUG]   Included: org.codehaus.plexus:plexus-java:jar:1.1.1
[DEBUG]   Included: org.ow2.asm:asm:jar:9.2
[DEBUG]   Included: com.thoughtworks.qdox:qdox:jar:2.0.1
[DEBUG]   Included: org.apache.maven.surefire:surefire-shared-utils:jar:3.0.0-M7
[DEBUG] Loading mojo org.apache.maven.plugins:maven-surefire-plugin:3.0.0-M7:test from plugin realm ClassRealm[plugin>org.apache.maven.plugins:maven-surefire-plugin:3.0.0-M7, parent: jdk.internal.loader.ClassLoaders$AppClassLoader@2a139a55]
[DEBUG] Configuring mojo execution 'org.apache.maven.plugins:maven-surefire-plugin:3.0.0-M7:test:default-test' with basic configurator -->
[DEBUG]   (s) additionalClasspathElements = []
[DEBUG]   (s) basedir = C:\Users\acer\IdeaProjects\SeleniumWebTesting
[DEBUG]   (s) childDelegation = false
[DEBUG]   (f) classesDirectory = C:\Users\acer\IdeaProjects\SeleniumWebTesting\target\classes
[DEBUG]   (s) classpathDependencyExcludes = []
[DEBUG]   (s) dependenciesToScan = []
[DEBUG]   (s) disableXmlReport = false
[DEBUG]   (s) enableAssertions = true
[DEBUG]   (s) excludeJUnit5Engines = []
[DEBUG]   (f) excludedEnvironmentVariables = []
[DEBUG]   (s) excludes = []
[DEBUG]   (s) failIfNoSpecifiedTests = true
[DEBUG]   (s) failIfNoTests = false
[DEBUG]   (s) failOnFlakeCount = 0
[DEBUG]   (f) forkCount = 1
[DEBUG]   (s) forkMode = once
[DEBUG]   (s) forkedProcessExitTimeoutInSeconds = 30
[DEBUG]   (s) includeJUnit5Engines = []
[DEBUG]   (s) includes = []
[DEBUG]   (s) junitArtifactName = junit:junit
[DEBUG]   (s) localRepository =       id: local
      url: file:///C:/Users/acer/.m2/repository/
   layout: default
snapshots: [enabled => true, update => always]
 releases: [enabled => true, update => always]
   blocked: false

[DEBUG]   (s) parallel = methods
[DEBUG]   (f) parallelMavenExecution = false
[DEBUG]   (s) parallelOptimized = true
[DEBUG]   (s) perCoreThreadCount = true
[DEBUG]   (s) pluginArtifactMap = {org.apache.maven.plugins:maven-surefire-plugin=org.apache.maven.plugins:maven-surefire-plugin:maven-plugin:3.0.0-M7:, org.apache.maven.surefire:maven-surefire-common=org.apache.maven.surefire:maven-surefire-common:jar:3.0.0-M7:compile, org.apache.maven.surefire:surefire-api=org.apache.maven.surefire:surefire-api:jar:3.0.0-M7:compile, org.apache.maven.surefire:surefire-logger-api=org.apache.maven.surefire:surefire-logger-api:jar:3.0.0-M7:compile, org.apache.maven.surefire:surefire-extensions-api=org.apache.maven.surefire:surefire-extensions-api:jar:3.0.0-M7:compile, org.apache.maven.surefire:surefire-booter=org.apache.maven.surefire:surefire-booter:jar:3.0.0-M7:compile, org.apache.maven.surefire:surefire-extensions-spi=org.apache.maven.surefire:surefire-extensions-spi:jar:3.0.0-M7:compile, org.apache.maven.shared:maven-common-artifact-filters=org.apache.maven.shared:maven-common-artifact-filters:jar:3.1.1:compile, commons-io:commons-io=commons-io:commons-io:jar:2.11.0:compile, org.codehaus.plexus:plexus-java=org.codehaus.plexus:plexus-java:jar:1.1.1:compile, org.ow2.asm:asm=org.ow2.asm:asm:jar:9.2:compile, com.thoughtworks.qdox:qdox=com.thoughtworks.qdox:qdox:jar:2.0.1:compile, org.apache.maven.surefire:surefire-shared-utils=org.apache.maven.surefire:surefire-shared-utils:jar:3.0.0-M7:compile}
[DEBUG]   (f) pluginDescriptor = Component Descriptor: role: 'org.apache.maven.plugin.Mojo', implementation: 'org.apache.maven.plugin.surefire.HelpMojo', role hint: 'org.apache.maven.plugins:maven-surefire-plugin:3.0.0-M7:help'
role: 'org.apache.maven.plugin.Mojo', implementation: 'org.apache.maven.plugin.surefire.SurefirePlugin', role hint: 'org.apache.maven.plugins:maven-surefire-plugin:3.0.0-M7:test'
---
[DEBUG]   (s) printSummary = true
[DEBUG]   (s) project = MavenProject: org.example:SeleniumWebTesting:1.0-SNAPSHOT @ C:\Users\acer\IdeaProjects\SeleniumWebTesting\pom.xml
[DEBUG]   (s) projectArtifactMap = {org.seleniumhq.selenium:selenium-java=org.seleniumhq.selenium:selenium-java:jar:4.28.0:compile, org.seleniumhq.selenium:selenium-api=org.seleniumhq.selenium:selenium-api:jar:4.28.0:compile, org.jspecify:jspecify=org.jspecify:jspecify:jar:1.0.0:compile, org.seleniumhq.selenium:selenium-chrome-driver=org.seleniumhq.selenium:selenium-chrome-driver:jar:4.28.0:compile, com.google.auto.service:auto-service-annotations=com.google.auto.service:auto-service-annotations:jar:1.1.1:compile, org.seleniumhq.selenium:selenium-chromium-driver=org.seleniumhq.selenium:selenium-chromium-driver:jar:4.28.0:compile, org.seleniumhq.selenium:selenium-json=org.seleniumhq.selenium:selenium-json:jar:4.28.0:compile, org.seleniumhq.selenium:selenium-manager=org.seleniumhq.selenium:selenium-manager:jar:4.28.0:compile, org.seleniumhq.selenium:selenium-devtools-v130=org.seleniumhq.selenium:selenium-devtools-v130:jar:4.28.0:compile, org.seleniumhq.selenium:selenium-devtools-v131=org.seleniumhq.selenium:selenium-devtools-v131:jar:4.28.0:compile, org.seleniumhq.selenium:selenium-devtools-v132=org.seleniumhq.selenium:selenium-devtools-v132:jar:4.28.0:compile, org.seleniumhq.selenium:selenium-devtools-v85=org.seleniumhq.selenium:selenium-devtools-v85:jar:4.28.0:compile, org.seleniumhq.selenium:selenium-edge-driver=org.seleniumhq.selenium:selenium-edge-driver:jar:4.28.0:compile, org.seleniumhq.selenium:selenium-firefox-driver=org.seleniumhq.selenium:selenium-firefox-driver:jar:4.28.0:compile, org.seleniumhq.selenium:selenium-http=org.seleniumhq.selenium:selenium-http:jar:4.28.0:compile, org.seleniumhq.selenium:selenium-ie-driver=org.seleniumhq.selenium:selenium-ie-driver:jar:4.28.0:compile, org.seleniumhq.selenium:selenium-remote-driver=org.seleniumhq.selenium:selenium-remote-driver:jar:4.28.0:compile, com.google.guava:guava=com.google.guava:guava:jar:33.4.0-jre:compile, com.google.guava:failureaccess=com.google.guava:failureaccess:jar:1.0.2:compile, com.google.guava:listenablefuture=com.google.guava:listenablefuture:jar:9999.0-empty-to-avoid-conflict-with-guava:compile, com.google.code.findbugs:jsr305=com.google.code.findbugs:jsr305:jar:3.0.2:compile, org.checkerframework:checker-qual=org.checkerframework:checker-qual:jar:3.43.0:compile, com.google.errorprone:error_prone_annotations=com.google.errorprone:error_prone_annotations:jar:2.36.0:compile, com.google.j2objc:j2objc-annotations=com.google.j2objc:j2objc-annotations:jar:3.0.0:compile, io.opentelemetry.semconv:opentelemetry-semconv=io.opentelemetry.semconv:opentelemetry-semconv:jar:1.28.0-alpha:compile, io.opentelemetry:opentelemetry-api=io.opentelemetry:opentelemetry-api:jar:1.46.0:compile, io.opentelemetry:opentelemetry-context=io.opentelemetry:opentelemetry-context:jar:1.46.0:compile, io.opentelemetry:opentelemetry-exporter-logging=io.opentelemetry:opentelemetry-exporter-logging:jar:1.46.0:compile, io.opentelemetry:opentelemetry-sdk-common=io.opentelemetry:opentelemetry-sdk-common:jar:1.46.0:compile, io.opentelemetry:opentelemetry-sdk-extension-autoconfigure-spi=io.opentelemetry:opentelemetry-sdk-extension-autoconfigure-spi:jar:1.46.0:compile, io.opentelemetry:opentelemetry-sdk-extension-autoconfigure=io.opentelemetry:opentelemetry-sdk-extension-autoconfigure:jar:1.46.0:compile, io.opentelemetry:opentelemetry-api-incubator=io.opentelemetry:opentelemetry-api-incubator:jar:1.46.0-alpha:runtime, io.opentelemetry:opentelemetry-sdk-trace=io.opentelemetry:opentelemetry-sdk-trace:jar:1.46.0:compile, io.opentelemetry:opentelemetry-sdk=io.opentelemetry:opentelemetry-sdk:jar:1.46.0:compile, io.opentelemetry:opentelemetry-sdk-metrics=io.opentelemetry:opentelemetry-sdk-metrics:jar:1.46.0:compile, io.opentelemetry:opentelemetry-sdk-logs=io.opentelemetry:opentelemetry-sdk-logs:jar:1.46.0:compile, net.bytebuddy:byte-buddy=net.bytebuddy:byte-buddy:jar:1.15.11:compile, org.seleniumhq.selenium:selenium-os=org.seleniumhq.selenium:selenium-os:jar:4.28.0:compile, org.apache.commons:commons-exec=org.apache.commons:commons-exec:jar:1.4.0:compile, org.seleniumhq.selenium:selenium-safari-driver=org.seleniumhq.selenium:selenium-safari-driver:jar:4.28.0:compile, org.seleniumhq.selenium:selenium-support=org.seleniumhq.selenium:selenium-support:jar:4.28.0:compile, org.testng:testng=org.testng:testng:jar:7.7.0:test, org.slf4j:slf4j-api=org.slf4j:slf4j-api:jar:1.7.36:compile, com.beust:jcommander=com.beust:jcommander:jar:1.82:test, org.webjars:jquery=org.webjars:jquery:jar:3.6.1:test, org.apache.poi:poi=org.apache.poi:poi:jar:5.0.0:compile, org.slf4j:jcl-over-slf4j=org.slf4j:jcl-over-slf4j:jar:1.7.30:compile, commons-codec:commons-codec=commons-codec:commons-codec:jar:1.15:compile, org.apache.commons:commons-collections4=org.apache.commons:commons-collections4:jar:4.4:compile, org.apache.commons:commons-math3=org.apache.commons:commons-math3:jar:3.6.1:compile, com.zaxxer:SparseBitSet=com.zaxxer:SparseBitSet:jar:1.2:compile, org.apache.poi:poi-ooxml=org.apache.poi:poi-ooxml:jar:5.0.0:compile, org.apache.poi:poi-ooxml-lite=org.apache.poi:poi-ooxml-lite:jar:5.0.0:compile, org.apache.xmlbeans:xmlbeans=org.apache.xmlbeans:xmlbeans:jar:4.0.0:compile, org.apache.commons:commons-compress=org.apache.commons:commons-compress:jar:1.20:compile, com.github.virtuald:curvesapi=com.github.virtuald:curvesapi:jar:1.06:compile, org.bouncycastle:bcpkix-jdk15on=org.bouncycastle:bcpkix-jdk15on:jar:1.68:compile, org.bouncycastle:bcprov-jdk15on=org.bouncycastle:bcprov-jdk15on:jar:1.68:compile, org.apache.santuario:xmlsec=org.apache.santuario:xmlsec:jar:2.2.1:compile, com.fasterxml.woodstox:woodstox-core=com.fasterxml.woodstox:woodstox-core:jar:5.2.1:runtime, org.codehaus.woodstox:stax2-api=org.codehaus.woodstox:stax2-api:jar:4.2:runtime, jakarta.xml.bind:jakarta.xml.bind-api=jakarta.xml.bind:jakarta.xml.bind-api:jar:2.3.2:compile, jakarta.activation:jakarta.activation-api=jakarta.activation:jakarta.activation-api:jar:1.2.1:compile, org.apache.xmlgraphics:batik-all=org.apache.xmlgraphics:batik-all:jar:1.13:compile, org.apache.xmlgraphics:batik-anim=org.apache.xmlgraphics:batik-anim:jar:1.13:compile, org.apache.xmlgraphics:batik-shared-resources=org.apache.xmlgraphics:batik-shared-resources:jar:1.13:compile, xml-apis:xml-apis-ext=xml-apis:xml-apis-ext:jar:1.3.04:compile, org.apache.xmlgraphics:batik-awt-util=org.apache.xmlgraphics:batik-awt-util:jar:1.13:compile, org.apache.xmlgraphics:xmlgraphics-commons=org.apache.xmlgraphics:xmlgraphics-commons:jar:2.4:compile, org.apache.xmlgraphics:batik-bridge=org.apache.xmlgraphics:batik-bridge:jar:1.13:compile, org.apache.xmlgraphics:batik-codec=org.apache.xmlgraphics:batik-codec:jar:1.13:compile, org.apache.xmlgraphics:batik-constants=org.apache.xmlgraphics:batik-constants:jar:1.13:compile, org.apache.xmlgraphics:batik-css=org.apache.xmlgraphics:batik-css:jar:1.13:compile, org.apache.xmlgraphics:batik-dom=org.apache.xmlgraphics:batik-dom:jar:1.13:compile, xalan:xalan=xalan:xalan:jar:2.7.2:compile, xalan:serializer=xalan:serializer:jar:2.7.2:compile, xml-apis:xml-apis=xml-apis:xml-apis:jar:1.4.01:compile, org.apache.xmlgraphics:batik-ext=org.apache.xmlgraphics:batik-ext:jar:1.13:compile, org.apache.xmlgraphics:batik-extension=org.apache.xmlgraphics:batik-extension:jar:1.13:compile, org.apache.xmlgraphics:batik-gui-util=org.apache.xmlgraphics:batik-gui-util:jar:1.13:compile, org.apache.xmlgraphics:batik-gvt=org.apache.xmlgraphics:batik-gvt:jar:1.13:compile, org.apache.xmlgraphics:batik-i18n=org.apache.xmlgraphics:batik-i18n:jar:1.13:compile, org.apache.xmlgraphics:batik-parser=org.apache.xmlgraphics:batik-parser:jar:1.13:compile, org.apache.xmlgraphics:batik-rasterizer-ext=org.apache.xmlgraphics:batik-rasterizer-ext:jar:1.13:compile, org.apache.xmlgraphics:batik-rasterizer=org.apache.xmlgraphics:batik-rasterizer:jar:1.13:compile, org.apache.xmlgraphics:batik-script=org.apache.xmlgraphics:batik-script:jar:1.13:compile, org.apache.xmlgraphics:batik-slideshow=org.apache.xmlgraphics:batik-slideshow:jar:1.13:compile, org.apache.xmlgraphics:batik-squiggle-ext=org.apache.xmlgraphics:batik-squiggle-ext:jar:1.13:compile, org.apache.xmlgraphics:batik-squiggle=org.apache.xmlgraphics:batik-squiggle:jar:1.13:compile, org.apache.xmlgraphics:batik-svg-dom=org.apache.xmlgraphics:batik-svg-dom:jar:1.13:compile, org.apache.xmlgraphics:batik-svgbrowser=org.apache.xmlgraphics:batik-svgbrowser:jar:1.13:compile, org.apache.xmlgraphics:batik-svggen=org.apache.xmlgraphics:batik-svggen:jar:1.13:compile, org.apache.xmlgraphics:batik-svgpp=org.apache.xmlgraphics:batik-svgpp:jar:1.13:compile, org.apache.xmlgraphics:batik-svgrasterizer=org.apache.xmlgraphics:batik-svgrasterizer:jar:1.13:compile, org.apache.xmlgraphics:batik-swing=org.apache.xmlgraphics:batik-swing:jar:1.13:compile, org.apache.xmlgraphics:batik-transcoder=org.apache.xmlgraphics:batik-transcoder:jar:1.13:compile, org.apache.xmlgraphics:batik-util=org.apache.xmlgraphics:batik-util:jar:1.13:compile, org.apache.xmlgraphics:batik-ttf2svg=org.apache.xmlgraphics:batik-ttf2svg:jar:1.13:compile, org.apache.xmlgraphics:batik-xml=org.apache.xmlgraphics:batik-xml:jar:1.13:compile, de.rototor.pdfbox:graphics2d=de.rototor.pdfbox:graphics2d:jar:0.30:compile, net.sourceforge.tess4j:tess4j=net.sourceforge.tess4j:tess4j:jar:5.5.0:compile, net.java.dev.jna:jna=net.java.dev.jna:jna:jar:5.12.1:compile, com.github.jai-imageio:jai-imageio-core=com.github.jai-imageio:jai-imageio-core:jar:1.4.0:compile, org.apache.pdfbox:pdfbox=org.apache.pdfbox:pdfbox:jar:2.0.27:compile, org.apache.pdfbox:fontbox=org.apache.pdfbox:fontbox:jar:2.0.27:compile, commons-logging:commons-logging=commons-logging:commons-logging:jar:1.2:compile, org.apache.pdfbox:pdfbox-tools=org.apache.pdfbox:pdfbox-tools:jar:2.0.27:compile, org.apache.pdfbox:pdfbox-debugger=org.apache.pdfbox:pdfbox-debugger:jar:2.0.27:compile, org.apache.pdfbox:jbig2-imageio=org.apache.pdfbox:jbig2-imageio:jar:3.0.4:compile, commons-io:commons-io=commons-io:commons-io:jar:2.11.0:compile, net.sourceforge.lept4j:lept4j=net.sourceforge.lept4j:lept4j:jar:1.17.0:compile, org.jboss:jboss-vfs=org.jboss:jboss-vfs:jar:3.2.17.Final:compile, org.jboss.logging:jboss-logging=org.jboss.logging:jboss-logging:jar:3.1.4.GA:compile}
[DEBUG]   (s) projectBuildDirectory = C:\Users\acer\IdeaProjects\SeleniumWebTesting\target
[DEBUG]   (s) projectRemoteRepositories = [      id: central
      url: https://repo.maven.apache.org/maven2
   layout: default
snapshots: [enabled => false, update => daily]
 releases: [enabled => true, update => daily]
   blocked: false
]
[DEBUG]   (s) redirectTestOutputToFile = false
[DEBUG]   (s) remoteRepositories = [      id: central
      url: https://repo.maven.apache.org/maven2
   layout: default
snapshots: [enabled => false, update => daily]
 releases: [enabled => true, update => daily]
   blocked: false
]
[DEBUG]   (s) reportFormat = xml
[DEBUG]   (s) reportsDirectory = C:\Users\acer\IdeaProjects\SeleniumWebTesting\target\surefire-reports
[DEBUG]   (f) rerunFailingTestsCount = 0
[DEBUG]   (f) reuseForks = true
[DEBUG]   (s) runOrder = filesystem
[DEBUG]   (s) session = org.apache.maven.execution.MavenSession@6f94fb9d
[DEBUG]   (f) shutdown = exit
[DEBUG]   (s) skip = false
[DEBUG]   (f) skipAfterFailureCount = 0
[DEBUG]   (s) skipTests = false
[DEBUG]   (s) suiteXmlFiles = [C:\Users\acer\IdeaProjects\SeleniumWebTesting\testng.xml]
[DEBUG]   (s) tempDir = surefire
[DEBUG]   (s) testClassesDirectory = C:\Users\acer\IdeaProjects\SeleniumWebTesting\target\test-classes
[DEBUG]   (s) testFailureIgnore = false
[DEBUG]   (s) testNGArtifactName = org.testng:testng
[DEBUG]   (s) testSourceDirectory = C:\Users\acer\IdeaProjects\SeleniumWebTesting\src\test\java
[DEBUG]   (s) threadCount = 3
[DEBUG]   (s) threadCountClasses = 0
[DEBUG]   (s) threadCountMethods = 0
[DEBUG]   (s) threadCountSuites = 0
[DEBUG]   (s) trimStackTrace = false
[DEBUG]   (s) useFile = true
[DEBUG]   (s) useManifestOnlyJar = true
[DEBUG]   (f) useModulePath = true
[DEBUG]   (s) useSystemClassLoader = true
[DEBUG]   (s) useUnlimitedThreads = false
[DEBUG]   (s) workingDirectory = C:\Users\acer\IdeaProjects\SeleniumWebTesting
[DEBUG] -- end configuration --
[DEBUG] Using JVM: C:\Program Files\Java\jdk-17\bin\java with Java version 17.0
[DEBUG] Resolved included and excluded patterns: **/Test*.java, **/*Test.java, **/*Tests.java, **/*TestCase.java, !**/*$*
[DEBUG] Surefire report directory: C:\Users\acer\IdeaProjects\SeleniumWebTesting\target\surefire-reports
[INFO] Using auto detected provider org.apache.maven.surefire.testng.TestNGProvider
[DEBUG] Using the provider org.apache.maven.surefire.testng.TestNGProvider
[DEBUG] Setting system property [basedir]=[C:\Users\acer\IdeaProjects\SeleniumWebTesting]
[DEBUG] Setting system property [localRepository]=[C:\Users\acer\.m2\repository]
[DEBUG] Adding to surefire booter test classpath: C:\Users\acer\.m2\repository\org\apache\maven\surefire\surefire-booter\3.0.0-M7\surefire-booter-3.0.0-M7.jar Scope: compile
[DEBUG] Adding to surefire booter test classpath: C:\Users\acer\.m2\repository\org\apache\maven\surefire\surefire-api\3.0.0-M7\surefire-api-3.0.0-M7.jar Scope: compile
[DEBUG] Adding to surefire booter test classpath: C:\Users\acer\.m2\repository\org\apache\maven\surefire\surefire-logger-api\3.0.0-M7\surefire-logger-api-3.0.0-M7.jar Scope: compile
[DEBUG] Adding to surefire booter test classpath: C:\Users\acer\.m2\repository\org\apache\maven\surefire\surefire-shared-utils\3.0.0-M7\surefire-shared-utils-3.0.0-M7.jar Scope: compile
[DEBUG] Adding to surefire booter test classpath: C:\Users\acer\.m2\repository\org\apache\maven\surefire\surefire-extensions-spi\3.0.0-M7\surefire-extensions-spi-3.0.0-M7.jar Scope: compile
[DEBUG] Found implementation of fork node factory: org.apache.maven.plugin.surefire.extensions.LegacyForkNodeFactory
[DEBUG] Adding to surefire test classpath: C:\Users\acer\.m2\repository\org\apache\maven\surefire\surefire-testng\3.0.0-M7\surefire-testng-3.0.0-M7.jar Scope: null
[DEBUG] Adding to surefire test classpath: C:\Users\acer\.m2\repository\org\apache\maven\surefire\common-java5\3.0.0-M7\common-java5-3.0.0-M7.jar Scope: compile
[DEBUG] Adding to surefire test classpath: C:\Users\acer\.m2\repository\org\apache\maven\surefire\surefire-shared-utils\3.0.0-M7\surefire-shared-utils-3.0.0-M7.jar Scope: compile
[DEBUG] Adding to surefire test classpath: C:\Users\acer\.m2\repository\org\apache\maven\surefire\surefire-api\3.0.0-M7\surefire-api-3.0.0-M7.jar Scope: compile
[DEBUG] Adding to surefire test classpath: C:\Users\acer\.m2\repository\org\apache\maven\surefire\surefire-logger-api\3.0.0-M7\surefire-logger-api-3.0.0-M7.jar Scope: compile
[DEBUG] Adding to surefire test classpath: C:\Users\acer\.m2\repository\org\apache\maven\surefire\surefire-testng-utils\3.0.0-M7\surefire-testng-utils-3.0.0-M7.jar Scope: compile
[DEBUG] Adding to surefire test classpath: C:\Users\acer\.m2\repository\org\apache\maven\surefire\surefire-grouper\3.0.0-M7\surefire-grouper-3.0.0-M7.jar Scope: compile
[DEBUG] test classpath:  C:\Users\acer\IdeaProjects\SeleniumWebTesting\target\test-classes  C:\Users\acer\IdeaProjects\SeleniumWebTesting\target\classes  C:\Users\acer\.m2\repository\org\seleniumhq\selenium\selenium-java\4.28.0\selenium-java-4.28.0.jar  C:\Users\acer\.m2\repository\org\seleniumhq\selenium\selenium-api\4.28.0\selenium-api-4.28.0.jar  C:\Users\acer\.m2\repository\org\jspecify\jspecify\1.0.0\jspecify-1.0.0.jar  C:\Users\acer\.m2\repository\org\seleniumhq\selenium\selenium-chrome-driver\4.28.0\selenium-chrome-driver-4.28.0.jar  C:\Users\acer\.m2\repository\com\google\auto\service\auto-service-annotations\1.1.1\auto-service-annotations-1.1.1.jar  C:\Users\acer\.m2\repository\org\seleniumhq\selenium\selenium-chromium-driver\4.28.0\selenium-chromium-driver-4.28.0.jar  C:\Users\acer\.m2\repository\org\seleniumhq\selenium\selenium-json\4.28.0\selenium-json-4.28.0.jar  C:\Users\acer\.m2\repository\org\seleniumhq\selenium\selenium-manager\4.28.0\selenium-manager-4.28.0.jar  C:\Users\acer\.m2\repository\org\seleniumhq\selenium\selenium-devtools-v130\4.28.0\selenium-devtools-v130-4.28.0.jar  C:\Users\acer\.m2\repository\org\seleniumhq\selenium\selenium-devtools-v131\4.28.0\selenium-devtools-v131-4.28.0.jar  C:\Users\acer\.m2\repository\org\seleniumhq\selenium\selenium-devtools-v132\4.28.0\selenium-devtools-v132-4.28.0.jar  C:\Users\acer\.m2\repository\org\seleniumhq\selenium\selenium-devtools-v85\4.28.0\selenium-devtools-v85-4.28.0.jar  C:\Users\acer\.m2\repository\org\seleniumhq\selenium\selenium-edge-driver\4.28.0\selenium-edge-driver-4.28.0.jar  C:\Users\acer\.m2\repository\org\seleniumhq\selenium\selenium-firefox-driver\4.28.0\selenium-firefox-driver-4.28.0.jar  C:\Users\acer\.m2\repository\org\seleniumhq\selenium\selenium-http\4.28.0\selenium-http-4.28.0.jar  C:\Users\acer\.m2\repository\org\seleniumhq\selenium\selenium-ie-driver\4.28.0\selenium-ie-driver-4.28.0.jar  C:\Users\acer\.m2\repository\org\seleniumhq\selenium\selenium-remote-driver\4.28.0\selenium-remote-driver-4.28.0.jar  C:\Users\acer\.m2\repository\com\google\guava\guava\33.4.0-jre\guava-33.4.0-jre.jar  C:\Users\acer\.m2\repository\com\google\guava\failureaccess\1.0.2\failureaccess-1.0.2.jar  C:\Users\acer\.m2\repository\com\google\guava\listenablefuture\9999.0-empty-to-avoid-conflict-with-guava\listenablefuture-9999.0-empty-to-avoid-conflict-with-guava.jar  C:\Users\acer\.m2\repository\com\google\code\findbugs\jsr305\3.0.2\jsr305-3.0.2.jar  C:\Users\acer\.m2\repository\org\checkerframework\checker-qual\3.43.0\checker-qual-3.43.0.jar  C:\Users\acer\.m2\repository\com\google\errorprone\error_prone_annotations\2.36.0\error_prone_annotations-2.36.0.jar  C:\Users\acer\.m2\repository\com\google\j2objc\j2objc-annotations\3.0.0\j2objc-annotations-3.0.0.jar  C:\Users\acer\.m2\repository\io\opentelemetry\semconv\opentelemetry-semconv\1.28.0-alpha\opentelemetry-semconv-1.28.0-alpha.jar  C:\Users\acer\.m2\repository\io\opentelemetry\opentelemetry-api\1.46.0\opentelemetry-api-1.46.0.jar  C:\Users\acer\.m2\repository\io\opentelemetry\opentelemetry-context\1.46.0\opentelemetry-context-1.46.0.jar  C:\Users\acer\.m2\repository\io\opentelemetry\opentelemetry-exporter-logging\1.46.0\opentelemetry-exporter-logging-1.46.0.jar  C:\Users\acer\.m2\repository\io\opentelemetry\opentelemetry-sdk-common\1.46.0\opentelemetry-sdk-common-1.46.0.jar  C:\Users\acer\.m2\repository\io\opentelemetry\opentelemetry-sdk-extension-autoconfigure-spi\1.46.0\opentelemetry-sdk-extension-autoconfigure-spi-1.46.0.jar  C:\Users\acer\.m2\repository\io\opentelemetry\opentelemetry-sdk-extension-autoconfigure\1.46.0\opentelemetry-sdk-extension-autoconfigure-1.46.0.jar  C:\Users\acer\.m2\repository\io\opentelemetry\opentelemetry-api-incubator\1.46.0-alpha\opentelemetry-api-incubator-1.46.0-alpha.jar  C:\Users\acer\.m2\repository\io\opentelemetry\opentelemetry-sdk-trace\1.46.0\opentelemetry-sdk-trace-1.46.0.jar  C:\Users\acer\.m2\repository\io\opentelemetry\opentelemetry-sdk\1.46.0\opentelemetry-sdk-1.46.0.jar  C:\Users\acer\.m2\repository\io\opentelemetry\opentelemetry-sdk-metrics\1.46.0\opentelemetry-sdk-metrics-1.46.0.jar  C:\Users\acer\.m2\repository\io\opentelemetry\opentelemetry-sdk-logs\1.46.0\opentelemetry-sdk-logs-1.46.0.jar  C:\Users\acer\.m2\repository\net\bytebuddy\byte-buddy\1.15.11\byte-buddy-1.15.11.jar  C:\Users\acer\.m2\repository\org\seleniumhq\selenium\selenium-os\4.28.0\selenium-os-4.28.0.jar  C:\Users\acer\.m2\repository\org\apache\commons\commons-exec\1.4.0\commons-exec-1.4.0.jar  C:\Users\acer\.m2\repository\org\seleniumhq\selenium\selenium-safari-driver\4.28.0\selenium-safari-driver-4.28.0.jar  C:\Users\acer\.m2\repository\org\seleniumhq\selenium\selenium-support\4.28.0\selenium-support-4.28.0.jar  C:\Users\acer\.m2\repository\org\testng\testng\7.7.0\testng-7.7.0.jar  C:\Users\acer\.m2\repository\org\slf4j\slf4j-api\1.7.36\slf4j-api-1.7.36.jar  C:\Users\acer\.m2\repository\com\beust\jcommander\1.82\jcommander-1.82.jar  C:\Users\acer\.m2\repository\org\webjars\jquery\3.6.1\jquery-3.6.1.jar  C:\Users\acer\.m2\repository\org\apache\poi\poi\5.0.0\poi-5.0.0.jar  C:\Users\acer\.m2\repository\org\slf4j\jcl-over-slf4j\1.7.30\jcl-over-slf4j-1.7.30.jar  C:\Users\acer\.m2\repository\commons-codec\commons-codec\1.15\commons-codec-1.15.jar  C:\Users\acer\.m2\repository\org\apache\commons\commons-collections4\4.4\commons-collections4-4.4.jar  C:\Users\acer\.m2\repository\org\apache\commons\commons-math3\3.6.1\commons-math3-3.6.1.jar  C:\Users\acer\.m2\repository\com\zaxxer\SparseBitSet\1.2\SparseBitSet-1.2.jar  C:\Users\acer\.m2\repository\org\apache\poi\poi-ooxml\5.0.0\poi-ooxml-5.0.0.jar  C:\Users\acer\.m2\repository\org\apache\poi\poi-ooxml-lite\5.0.0\poi-ooxml-lite-5.0.0.jar  C:\Users\acer\.m2\repository\org\apache\xmlbeans\xmlbeans\4.0.0\xmlbeans-4.0.0.jar  C:\Users\acer\.m2\repository\org\apache\commons\commons-compress\1.20\commons-compress-1.20.jar  C:\Users\acer\.m2\repository\com\github\virtuald\curvesapi\1.06\curvesapi-1.06.jar  C:\Users\acer\.m2\repository\org\bouncycastle\bcpkix-jdk15on\1.68\bcpkix-jdk15on-1.68.jar  C:\Users\acer\.m2\repository\org\bouncycastle\bcprov-jdk15on\1.68\bcprov-jdk15on-1.68.jar  C:\Users\acer\.m2\repository\org\apache\santuario\xmlsec\2.2.1\xmlsec-2.2.1.jar  C:\Users\acer\.m2\repository\com\fasterxml\woodstox\woodstox-core\5.2.1\woodstox-core-5.2.1.jar  C:\Users\acer\.m2\repository\org\codehaus\woodstox\stax2-api\4.2\stax2-api-4.2.jar  C:\Users\acer\.m2\repository\jakarta\xml\bind\jakarta.xml.bind-api\2.3.2\jakarta.xml.bind-api-2.3.2.jar  C:\Users\acer\.m2\repository\jakarta\activation\jakarta.activation-api\1.2.1\jakarta.activation-api-1.2.1.jar  C:\Users\acer\.m2\repository\org\apache\xmlgraphics\batik-all\1.13\batik-all-1.13.jar  C:\Users\acer\.m2\repository\org\apache\xmlgraphics\batik-anim\1.13\batik-anim-1.13.jar  C:\Users\acer\.m2\repository\org\apache\xmlgraphics\batik-shared-resources\1.13\batik-shared-resources-1.13.jar  C:\Users\acer\.m2\repository\xml-apis\xml-apis-ext\1.3.04\xml-apis-ext-1.3.04.jar  C:\Users\acer\.m2\repository\org\apache\xmlgraphics\batik-awt-util\1.13\batik-awt-util-1.13.jar  C:\Users\acer\.m2\repository\org\apache\xmlgraphics\xmlgraphics-commons\2.4\xmlgraphics-commons-2.4.jar  C:\Users\acer\.m2\repository\org\apache\xmlgraphics\batik-bridge\1.13\batik-bridge-1.13.jar  C:\Users\acer\.m2\repository\org\apache\xmlgraphics\batik-codec\1.13\batik-codec-1.13.jar  C:\Users\acer\.m2\repository\org\apache\xmlgraphics\batik-constants\1.13\batik-constants-1.13.jar  C:\Users\acer\.m2\repository\org\apache\xmlgraphics\batik-css\1.13\batik-css-1.13.jar  C:\Users\acer\.m2\repository\org\apache\xmlgraphics\batik-dom\1.13\batik-dom-1.13.jar  C:\Users\acer\.m2\repository\xalan\xalan\2.7.2\xalan-2.7.2.jar  C:\Users\acer\.m2\repository\xalan\serializer\2.7.2\serializer-2.7.2.jar  C:\Users\acer\.m2\repository\xml-apis\xml-apis\1.4.01\xml-apis-1.4.01.jar  C:\Users\acer\.m2\repository\org\apache\xmlgraphics\batik-ext\1.13\batik-ext-1.13.jar  C:\Users\acer\.m2\repository\org\apache\xmlgraphics\batik-extension\1.13\batik-extension-1.13.jar  C:\Users\acer\.m2\repository\org\apache\xmlgraphics\batik-gui-util\1.13\batik-gui-util-1.13.jar  C:\Users\acer\.m2\repository\org\apache\xmlgraphics\batik-gvt\1.13\batik-gvt-1.13.jar  C:\Users\acer\.m2\repository\org\apache\xmlgraphics\batik-i18n\1.13\batik-i18n-1.13.jar  C:\Users\acer\.m2\repository\org\apache\xmlgraphics\batik-parser\1.13\batik-parser-1.13.jar  C:\Users\acer\.m2\repository\org\apache\xmlgraphics\batik-rasterizer-ext\1.13\batik-rasterizer-ext-1.13.jar  C:\Users\acer\.m2\repository\org\apache\xmlgraphics\batik-rasterizer\1.13\batik-rasterizer-1.13.jar  C:\Users\acer\.m2\repository\org\apache\xmlgraphics\batik-script\1.13\batik-script-1.13.jar  C:\Users\acer\.m2\repository\org\apache\xmlgraphics\batik-slideshow\1.13\batik-slideshow-1.13.jar  C:\Users\acer\.m2\repository\org\apache\xmlgraphics\batik-squiggle-ext\1.13\batik-squiggle-ext-1.13.jar  C:\Users\acer\.m2\repository\org\apache\xmlgraphics\batik-squiggle\1.13\batik-squiggle-1.13.jar  C:\Users\acer\.m2\repository\org\apache\xmlgraphics\batik-svg-dom\1.13\batik-svg-dom-1.13.jar  C:\Users\acer\.m2\repository\org\apache\xmlgraphics\batik-svgbrowser\1.13\batik-svgbrowser-1.13.jar  C:\Users\acer\.m2\repository\org\apache\xmlgraphics\batik-svggen\1.13\batik-svggen-1.13.jar  C:\Users\acer\.m2\repository\org\apache\xmlgraphics\batik-svgpp\1.13\batik-svgpp-1.13.jar  C:\Users\acer\.m2\repository\org\apache\xmlgraphics\batik-svgrasterizer\1.13\batik-svgrasterizer-1.13.jar  C:\Users\acer\.m2\repository\org\apache\xmlgraphics\batik-swing\1.13\batik-swing-1.13.jar  C:\Users\acer\.m2\repository\org\apache\xmlgraphics\batik-transcoder\1.13\batik-transcoder-1.13.jar  C:\Users\acer\.m2\repository\org\apache\xmlgraphics\batik-util\1.13\batik-util-1.13.jar  C:\Users\acer\.m2\repository\org\apache\xmlgraphics\batik-ttf2svg\1.13\batik-ttf2svg-1.13.jar  C:\Users\acer\.m2\repository\org\apache\xmlgraphics\batik-xml\1.13\batik-xml-1.13.jar  C:\Users\acer\.m2\repository\de\rototor\pdfbox\graphics2d\0.30\graphics2d-0.30.jar  C:\Users\acer\.m2\repository\net\sourceforge\tess4j\tess4j\5.5.0\tess4j-5.5.0.jar  C:\Users\acer\.m2\repository\net\java\dev\jna\jna\5.12.1\jna-5.12.1.jar  C:\Users\acer\.m2\repository\com\github\jai-imageio\jai-imageio-core\1.4.0\jai-imageio-core-1.4.0.jar  C:\Users\acer\.m2\repository\org\apache\pdfbox\pdfbox\2.0.27\pdfbox-2.0.27.jar  C:\Users\acer\.m2\repository\org\apache\pdfbox\fontbox\2.0.27\fontbox-2.0.27.jar  C:\Users\acer\.m2\repository\commons-logging\commons-logging\1.2\commons-logging-1.2.jar  C:\Users\acer\.m2\repository\org\apache\pdfbox\pdfbox-tools\2.0.27\pdfbox-tools-2.0.27.jar  C:\Users\acer\.m2\repository\org\apache\pdfbox\pdfbox-debugger\2.0.27\pdfbox-debugger-2.0.27.jar  C:\Users\acer\.m2\repository\org\apache\pdfbox\jbig2-imageio\3.0.4\jbig2-imageio-3.0.4.jar  C:\Users\acer\.m2\repository\commons-io\commons-io\2.11.0\commons-io-2.11.0.jar  C:\Users\acer\.m2\repository\net\sourceforge\lept4j\lept4j\1.17.0\lept4j-1.17.0.jar  C:\Users\acer\.m2\repository\org\jboss\jboss-vfs\3.2.17.Final\jboss-vfs-3.2.17.Final.jar  C:\Users\acer\.m2\repository\org\jboss\logging\jboss-logging\3.1.4.GA\jboss-logging-3.1.4.GA.jar
[DEBUG] provider classpath:  C:\Users\acer\.m2\repository\org\apache\maven\surefire\surefire-testng\3.0.0-M7\surefire-testng-3.0.0-M7.jar  C:\Users\acer\.m2\repository\org\apache\maven\surefire\surefire-api\3.0.0-M7\surefire-api-3.0.0-M7.jar  C:\Users\acer\.m2\repository\org\apache\maven\surefire\surefire-logger-api\3.0.0-M7\surefire-logger-api-3.0.0-M7.jar  C:\Users\acer\.m2\repository\org\apache\maven\surefire\surefire-shared-utils\3.0.0-M7\surefire-shared-utils-3.0.0-M7.jar  C:\Users\acer\.m2\repository\org\apache\maven\surefire\common-java5\3.0.0-M7\common-java5-3.0.0-M7.jar  C:\Users\acer\.m2\repository\org\apache\maven\surefire\surefire-testng-utils\3.0.0-M7\surefire-testng-utils-3.0.0-M7.jar  C:\Users\acer\.m2\repository\org\apache\maven\surefire\surefire-grouper\3.0.0-M7\surefire-grouper-3.0.0-M7.jar
[DEBUG] test(compact) classpath:  test-classes  classes  selenium-java-4.28.0.jar  selenium-api-4.28.0.jar  jspecify-1.0.0.jar  selenium-chrome-driver-4.28.0.jar  auto-service-annotations-1.1.1.jar  selenium-chromium-driver-4.28.0.jar  selenium-json-4.28.0.jar  selenium-manager-4.28.0.jar  selenium-devtools-v130-4.28.0.jar  selenium-devtools-v131-4.28.0.jar  selenium-devtools-v132-4.28.0.jar  selenium-devtools-v85-4.28.0.jar  selenium-edge-driver-4.28.0.jar  selenium-firefox-driver-4.28.0.jar  selenium-http-4.28.0.jar  selenium-ie-driver-4.28.0.jar  selenium-remote-driver-4.28.0.jar  guava-33.4.0-jre.jar  failureaccess-1.0.2.jar  listenablefuture-9999.0-empty-to-avoid-conflict-with-guava.jar  jsr305-3.0.2.jar  checker-qual-3.43.0.jar  error_prone_annotations-2.36.0.jar  j2objc-annotations-3.0.0.jar  opentelemetry-semconv-1.28.0-alpha.jar  opentelemetry-api-1.46.0.jar  opentelemetry-context-1.46.0.jar  opentelemetry-exporter-logging-1.46.0.jar  opentelemetry-sdk-common-1.46.0.jar  opentelemetry-sdk-extension-autoconfigure-spi-1.46.0.jar  opentelemetry-sdk-extension-autoconfigure-1.46.0.jar  opentelemetry-api-incubator-1.46.0-alpha.jar  opentelemetry-sdk-trace-1.46.0.jar  opentelemetry-sdk-1.46.0.jar  opentelemetry-sdk-metrics-1.46.0.jar  opentelemetry-sdk-logs-1.46.0.jar  byte-buddy-1.15.11.jar  selenium-os-4.28.0.jar  commons-exec-1.4.0.jar  selenium-safari-driver-4.28.0.jar  selenium-support-4.28.0.jar  testng-7.7.0.jar  slf4j-api-1.7.36.jar  jcommander-1.82.jar  jquery-3.6.1.jar  poi-5.0.0.jar  jcl-over-slf4j-1.7.30.jar  commons-codec-1.15.jar  commons-collections4-4.4.jar  commons-math3-3.6.1.jar  SparseBitSet-1.2.jar  poi-ooxml-5.0.0.jar  poi-ooxml-lite-5.0.0.jar  xmlbeans-4.0.0.jar  commons-compress-1.20.jar  curvesapi-1.06.jar  bcpkix-jdk15on-1.68.jar  bcprov-jdk15on-1.68.jar  xmlsec-2.2.1.jar  woodstox-core-5.2.1.jar  stax2-api-4.2.jar  jakarta.xml.bind-api-2.3.2.jar  jakarta.activation-api-1.2.1.jar  batik-all-1.13.jar  batik-anim-1.13.jar  batik-shared-resources-1.13.jar  xml-apis-ext-1.3.04.jar  batik-awt-util-1.13.jar  xmlgraphics-commons-2.4.jar  batik-bridge-1.13.jar  batik-codec-1.13.jar  batik-constants-1.13.jar  batik-css-1.13.jar  batik-dom-1.13.jar  xalan-2.7.2.jar  serializer-2.7.2.jar  xml-apis-1.4.01.jar  batik-ext-1.13.jar  batik-extension-1.13.jar  batik-gui-util-1.13.jar  batik-gvt-1.13.jar  batik-i18n-1.13.jar  batik-parser-1.13.jar  batik-rasterizer-ext-1.13.jar  batik-rasterizer-1.13.jar  batik-script-1.13.jar  batik-slideshow-1.13.jar  batik-squiggle-ext-1.13.jar  batik-squiggle-1.13.jar  batik-svg-dom-1.13.jar  batik-svgbrowser-1.13.jar  batik-svggen-1.13.jar  batik-svgpp-1.13.jar  batik-svgrasterizer-1.13.jar  batik-swing-1.13.jar  batik-transcoder-1.13.jar  batik-util-1.13.jar  batik-ttf2svg-1.13.jar  batik-xml-1.13.jar  graphics2d-0.30.jar  tess4j-5.5.0.jar  jna-5.12.1.jar  jai-imageio-core-1.4.0.jar  pdfbox-2.0.27.jar  fontbox-2.0.27.jar  commons-logging-1.2.jar  pdfbox-tools-2.0.27.jar  pdfbox-debugger-2.0.27.jar  jbig2-imageio-3.0.4.jar  commons-io-2.11.0.jar  lept4j-1.17.0.jar  jboss-vfs-3.2.17.Final.jar  jboss-logging-3.1.4.GA.jar
[DEBUG] provider(compact) classpath:  surefire-testng-3.0.0-M7.jar  surefire-api-3.0.0-M7.jar  surefire-logger-api-3.0.0-M7.jar  surefire-shared-utils-3.0.0-M7.jar  common-java5-3.0.0-M7.jar  surefire-testng-utils-3.0.0-M7.jar  surefire-grouper-3.0.0-M7.jar
[DEBUG] in-process classpath:  C:\Users\acer\.m2\repository\org\apache\maven\surefire\surefire-testng\3.0.0-M7\surefire-testng-3.0.0-M7.jar  C:\Users\acer\.m2\repository\org\apache\maven\surefire\surefire-api\3.0.0-M7\surefire-api-3.0.0-M7.jar  C:\Users\acer\.m2\repository\org\apache\maven\surefire\surefire-logger-api\3.0.0-M7\surefire-logger-api-3.0.0-M7.jar  C:\Users\acer\.m2\repository\org\apache\maven\surefire\surefire-shared-utils\3.0.0-M7\surefire-shared-utils-3.0.0-M7.jar  C:\Users\acer\.m2\repository\org\apache\maven\surefire\common-java5\3.0.0-M7\common-java5-3.0.0-M7.jar  C:\Users\acer\.m2\repository\org\apache\maven\surefire\surefire-testng-utils\3.0.0-M7\surefire-testng-utils-3.0.0-M7.jar  C:\Users\acer\.m2\repository\org\apache\maven\surefire\surefire-grouper\3.0.0-M7\surefire-grouper-3.0.0-M7.jar  C:\Users\acer\.m2\repository\org\apache\maven\surefire\maven-surefire-common\3.0.0-M7\maven-surefire-common-3.0.0-M7.jar  C:\Users\acer\.m2\repository\org\apache\maven\surefire\surefire-booter\3.0.0-M7\surefire-booter-3.0.0-M7.jar  C:\Users\acer\.m2\repository\org\apache\maven\surefire\surefire-extensions-api\3.0.0-M7\surefire-extensions-api-3.0.0-M7.jar  C:\Users\acer\.m2\repository\org\apache\maven\surefire\surefire-extensions-spi\3.0.0-M7\surefire-extensions-spi-3.0.0-M7.jar
[DEBUG] in-process(compact) classpath:  surefire-testng-3.0.0-M7.jar  surefire-api-3.0.0-M7.jar  surefire-logger-api-3.0.0-M7.jar  surefire-shared-utils-3.0.0-M7.jar  common-java5-3.0.0-M7.jar  surefire-testng-utils-3.0.0-M7.jar  surefire-grouper-3.0.0-M7.jar  maven-surefire-common-3.0.0-M7.jar  surefire-booter-3.0.0-M7.jar  surefire-extensions-api-3.0.0-M7.jar  surefire-extensions-spi-3.0.0-M7.jar
[INFO] 
[INFO] -------------------------------------------------------
[INFO]  T E S T S
[INFO] -------------------------------------------------------
[DEBUG] Determined Maven Process ID 16864
[DEBUG] Fork Channel [1] connection string 'pipe://1' for the implementation class org.apache.maven.plugin.surefire.extensions.LegacyForkChannel
[DEBUG] boot classpath:  C:\Users\acer\.m2\repository\org\apache\maven\surefire\surefire-booter\3.0.0-M7\surefire-booter-3.0.0-M7.jar  C:\Users\acer\.m2\repository\org\apache\maven\surefire\surefire-api\3.0.0-M7\surefire-api-3.0.0-M7.jar  C:\Users\acer\.m2\repository\org\apache\maven\surefire\surefire-logger-api\3.0.0-M7\surefire-logger-api-3.0.0-M7.jar  C:\Users\acer\.m2\repository\org\apache\maven\surefire\surefire-shared-utils\3.0.0-M7\surefire-shared-utils-3.0.0-M7.jar  C:\Users\acer\.m2\repository\org\apache\maven\surefire\surefire-extensions-spi\3.0.0-M7\surefire-extensions-spi-3.0.0-M7.jar  C:\Users\acer\IdeaProjects\SeleniumWebTesting\target\test-classes  C:\Users\acer\IdeaProjects\SeleniumWebTesting\target\classes  C:\Users\acer\.m2\repository\org\seleniumhq\selenium\selenium-java\4.28.0\selenium-java-4.28.0.jar  C:\Users\acer\.m2\repository\org\seleniumhq\selenium\selenium-api\4.28.0\selenium-api-4.28.0.jar  C:\Users\acer\.m2\repository\org\jspecify\jspecify\1.0.0\jspecify-1.0.0.jar  C:\Users\acer\.m2\repository\org\seleniumhq\selenium\selenium-chrome-driver\4.28.0\selenium-chrome-driver-4.28.0.jar  C:\Users\acer\.m2\repository\com\google\auto\service\auto-service-annotations\1.1.1\auto-service-annotations-1.1.1.jar  C:\Users\acer\.m2\repository\org\seleniumhq\selenium\selenium-chromium-driver\4.28.0\selenium-chromium-driver-4.28.0.jar  C:\Users\acer\.m2\repository\org\seleniumhq\selenium\selenium-json\4.28.0\selenium-json-4.28.0.jar  C:\Users\acer\.m2\repository\org\seleniumhq\selenium\selenium-manager\4.28.0\selenium-manager-4.28.0.jar  C:\Users\acer\.m2\repository\org\seleniumhq\selenium\selenium-devtools-v130\4.28.0\selenium-devtools-v130-4.28.0.jar  C:\Users\acer\.m2\repository\org\seleniumhq\selenium\selenium-devtools-v131\4.28.0\selenium-devtools-v131-4.28.0.jar  C:\Users\acer\.m2\repository\org\seleniumhq\selenium\selenium-devtools-v132\4.28.0\selenium-devtools-v132-4.28.0.jar  C:\Users\acer\.m2\repository\org\seleniumhq\selenium\selenium-devtools-v85\4.28.0\selenium-devtools-v85-4.28.0.jar  C:\Users\acer\.m2\repository\org\seleniumhq\selenium\selenium-edge-driver\4.28.0\selenium-edge-driver-4.28.0.jar  C:\Users\acer\.m2\repository\org\seleniumhq\selenium\selenium-firefox-driver\4.28.0\selenium-firefox-driver-4.28.0.jar  C:\Users\acer\.m2\repository\org\seleniumhq\selenium\selenium-http\4.28.0\selenium-http-4.28.0.jar  C:\Users\acer\.m2\repository\org\seleniumhq\selenium\selenium-ie-driver\4.28.0\selenium-ie-driver-4.28.0.jar  C:\Users\acer\.m2\repository\org\seleniumhq\selenium\selenium-remote-driver\4.28.0\selenium-remote-driver-4.28.0.jar  C:\Users\acer\.m2\repository\com\google\guava\guava\33.4.0-jre\guava-33.4.0-jre.jar  C:\Users\acer\.m2\repository\com\google\guava\failureaccess\1.0.2\failureaccess-1.0.2.jar  C:\Users\acer\.m2\repository\com\google\guava\listenablefuture\9999.0-empty-to-avoid-conflict-with-guava\listenablefuture-9999.0-empty-to-avoid-conflict-with-guava.jar  C:\Users\acer\.m2\repository\com\google\code\findbugs\jsr305\3.0.2\jsr305-3.0.2.jar  C:\Users\acer\.m2\repository\org\checkerframework\checker-qual\3.43.0\checker-qual-3.43.0.jar  C:\Users\acer\.m2\repository\com\google\errorprone\error_prone_annotations\2.36.0\error_prone_annotations-2.36.0.jar  C:\Users\acer\.m2\repository\com\google\j2objc\j2objc-annotations\3.0.0\j2objc-annotations-3.0.0.jar  C:\Users\acer\.m2\repository\io\opentelemetry\semconv\opentelemetry-semconv\1.28.0-alpha\opentelemetry-semconv-1.28.0-alpha.jar  C:\Users\acer\.m2\repository\io\opentelemetry\opentelemetry-api\1.46.0\opentelemetry-api-1.46.0.jar  C:\Users\acer\.m2\repository\io\opentelemetry\opentelemetry-context\1.46.0\opentelemetry-context-1.46.0.jar  C:\Users\acer\.m2\repository\io\opentelemetry\opentelemetry-exporter-logging\1.46.0\opentelemetry-exporter-logging-1.46.0.jar  C:\Users\acer\.m2\repository\io\opentelemetry\opentelemetry-sdk-common\1.46.0\opentelemetry-sdk-common-1.46.0.jar  C:\Users\acer\.m2\repository\io\opentelemetry\opentelemetry-sdk-extension-autoconfigure-spi\1.46.0\opentelemetry-sdk-extension-autoconfigure-spi-1.46.0.jar  C:\Users\acer\.m2\repository\io\opentelemetry\opentelemetry-sdk-extension-autoconfigure\1.46.0\opentelemetry-sdk-extension-autoconfigure-1.46.0.jar  C:\Users\acer\.m2\repository\io\opentelemetry\opentelemetry-api-incubator\1.46.0-alpha\opentelemetry-api-incubator-1.46.0-alpha.jar  C:\Users\acer\.m2\repository\io\opentelemetry\opentelemetry-sdk-trace\1.46.0\opentelemetry-sdk-trace-1.46.0.jar  C:\Users\acer\.m2\repository\io\opentelemetry\opentelemetry-sdk\1.46.0\opentelemetry-sdk-1.46.0.jar  C:\Users\acer\.m2\repository\io\opentelemetry\opentelemetry-sdk-metrics\1.46.0\opentelemetry-sdk-metrics-1.46.0.jar  C:\Users\acer\.m2\repository\io\opentelemetry\opentelemetry-sdk-logs\1.46.0\opentelemetry-sdk-logs-1.46.0.jar  C:\Users\acer\.m2\repository\net\bytebuddy\byte-buddy\1.15.11\byte-buddy-1.15.11.jar  C:\Users\acer\.m2\repository\org\seleniumhq\selenium\selenium-os\4.28.0\selenium-os-4.28.0.jar  C:\Users\acer\.m2\repository\org\apache\commons\commons-exec\1.4.0\commons-exec-1.4.0.jar  C:\Users\acer\.m2\repository\org\seleniumhq\selenium\selenium-safari-driver\4.28.0\selenium-safari-driver-4.28.0.jar  C:\Users\acer\.m2\repository\org\seleniumhq\selenium\selenium-support\4.28.0\selenium-support-4.28.0.jar  C:\Users\acer\.m2\repository\org\testng\testng\7.7.0\testng-7.7.0.jar  C:\Users\acer\.m2\repository\org\slf4j\slf4j-api\1.7.36\slf4j-api-1.7.36.jar  C:\Users\acer\.m2\repository\com\beust\jcommander\1.82\jcommander-1.82.jar  C:\Users\acer\.m2\repository\org\webjars\jquery\3.6.1\jquery-3.6.1.jar  C:\Users\acer\.m2\repository\org\apache\poi\poi\5.0.0\poi-5.0.0.jar  C:\Users\acer\.m2\repository\org\slf4j\jcl-over-slf4j\1.7.30\jcl-over-slf4j-1.7.30.jar  C:\Users\acer\.m2\repository\commons-codec\commons-codec\1.15\commons-codec-1.15.jar  C:\Users\acer\.m2\repository\org\apache\commons\commons-collections4\4.4\commons-collections4-4.4.jar  C:\Users\acer\.m2\repository\org\apache\commons\commons-math3\3.6.1\commons-math3-3.6.1.jar  C:\Users\acer\.m2\repository\com\zaxxer\SparseBitSet\1.2\SparseBitSet-1.2.jar  C:\Users\acer\.m2\repository\org\apache\poi\poi-ooxml\5.0.0\poi-ooxml-5.0.0.jar  C:\Users\acer\.m2\repository\org\apache\poi\poi-ooxml-lite\5.0.0\poi-ooxml-lite-5.0.0.jar  C:\Users\acer\.m2\repository\org\apache\xmlbeans\xmlbeans\4.0.0\xmlbeans-4.0.0.jar  C:\Users\acer\.m2\repository\org\apache\commons\commons-compress\1.20\commons-compress-1.20.jar  C:\Users\acer\.m2\repository\com\github\virtuald\curvesapi\1.06\curvesapi-1.06.jar  C:\Users\acer\.m2\repository\org\bouncycastle\bcpkix-jdk15on\1.68\bcpkix-jdk15on-1.68.jar  C:\Users\acer\.m2\repository\org\bouncycastle\bcprov-jdk15on\1.68\bcprov-jdk15on-1.68.jar  C:\Users\acer\.m2\repository\org\apache\santuario\xmlsec\2.2.1\xmlsec-2.2.1.jar  C:\Users\acer\.m2\repository\com\fasterxml\woodstox\woodstox-core\5.2.1\woodstox-core-5.2.1.jar  C:\Users\acer\.m2\repository\org\codehaus\woodstox\stax2-api\4.2\stax2-api-4.2.jar  C:\Users\acer\.m2\repository\jakarta\xml\bind\jakarta.xml.bind-api\2.3.2\jakarta.xml.bind-api-2.3.2.jar  C:\Users\acer\.m2\repository\jakarta\activation\jakarta.activation-api\1.2.1\jakarta.activation-api-1.2.1.jar  C:\Users\acer\.m2\repository\org\apache\xmlgraphics\batik-all\1.13\batik-all-1.13.jar  C:\Users\acer\.m2\repository\org\apache\xmlgraphics\batik-anim\1.13\batik-anim-1.13.jar  C:\Users\acer\.m2\repository\org\apache\xmlgraphics\batik-shared-resources\1.13\batik-shared-resources-1.13.jar  C:\Users\acer\.m2\repository\xml-apis\xml-apis-ext\1.3.04\xml-apis-ext-1.3.04.jar  C:\Users\acer\.m2\repository\org\apache\xmlgraphics\batik-awt-util\1.13\batik-awt-util-1.13.jar  C:\Users\acer\.m2\repository\org\apache\xmlgraphics\xmlgraphics-commons\2.4\xmlgraphics-commons-2.4.jar  C:\Users\acer\.m2\repository\org\apache\xmlgraphics\batik-bridge\1.13\batik-bridge-1.13.jar  C:\Users\acer\.m2\repository\org\apache\xmlgraphics\batik-codec\1.13\batik-codec-1.13.jar  C:\Users\acer\.m2\repository\org\apache\xmlgraphics\batik-constants\1.13\batik-constants-1.13.jar  C:\Users\acer\.m2\repository\org\apache\xmlgraphics\batik-css\1.13\batik-css-1.13.jar  C:\Users\acer\.m2\repository\org\apache\xmlgraphics\batik-dom\1.13\batik-dom-1.13.jar  C:\Users\acer\.m2\repository\xalan\xalan\2.7.2\xalan-2.7.2.jar  C:\Users\acer\.m2\repository\xalan\serializer\2.7.2\serializer-2.7.2.jar  C:\Users\acer\.m2\repository\xml-apis\xml-apis\1.4.01\xml-apis-1.4.01.jar  C:\Users\acer\.m2\repository\org\apache\xmlgraphics\batik-ext\1.13\batik-ext-1.13.jar  C:\Users\acer\.m2\repository\org\apache\xmlgraphics\batik-extension\1.13\batik-extension-1.13.jar  C:\Users\acer\.m2\repository\org\apache\xmlgraphics\batik-gui-util\1.13\batik-gui-util-1.13.jar  C:\Users\acer\.m2\repository\org\apache\xmlgraphics\batik-gvt\1.13\batik-gvt-1.13.jar  C:\Users\acer\.m2\repository\org\apache\xmlgraphics\batik-i18n\1.13\batik-i18n-1.13.jar  C:\Users\acer\.m2\repository\org\apache\xmlgraphics\batik-parser\1.13\batik-parser-1.13.jar  C:\Users\acer\.m2\repository\org\apache\xmlgraphics\batik-rasterizer-ext\1.13\batik-rasterizer-ext-1.13.jar  C:\Users\acer\.m2\repository\org\apache\xmlgraphics\batik-rasterizer\1.13\batik-rasterizer-1.13.jar  C:\Users\acer\.m2\repository\org\apache\xmlgraphics\batik-script\1.13\batik-script-1.13.jar  C:\Users\acer\.m2\repository\org\apache\xmlgraphics\batik-slideshow\1.13\batik-slideshow-1.13.jar  C:\Users\acer\.m2\repository\org\apache\xmlgraphics\batik-squiggle-ext\1.13\batik-squiggle-ext-1.13.jar  C:\Users\acer\.m2\repository\org\apache\xmlgraphics\batik-squiggle\1.13\batik-squiggle-1.13.jar  C:\Users\acer\.m2\repository\org\apache\xmlgraphics\batik-svg-dom\1.13\batik-svg-dom-1.13.jar  C:\Users\acer\.m2\repository\org\apache\xmlgraphics\batik-svgbrowser\1.13\batik-svgbrowser-1.13.jar  C:\Users\acer\.m2\repository\org\apache\xmlgraphics\batik-svggen\1.13\batik-svggen-1.13.jar  C:\Users\acer\.m2\repository\org\apache\xmlgraphics\batik-svgpp\1.13\batik-svgpp-1.13.jar  C:\Users\acer\.m2\repository\org\apache\xmlgraphics\batik-svgrasterizer\1.13\batik-svgrasterizer-1.13.jar  C:\Users\acer\.m2\repository\org\apache\xmlgraphics\batik-swing\1.13\batik-swing-1.13.jar  C:\Users\acer\.m2\repository\org\apache\xmlgraphics\batik-transcoder\1.13\batik-transcoder-1.13.jar  C:\Users\acer\.m2\repository\org\apache\xmlgraphics\batik-util\1.13\batik-util-1.13.jar  C:\Users\acer\.m2\repository\org\apache\xmlgraphics\batik-ttf2svg\1.13\batik-ttf2svg-1.13.jar  C:\Users\acer\.m2\repository\org\apache\xmlgraphics\batik-xml\1.13\batik-xml-1.13.jar  C:\Users\acer\.m2\repository\de\rototor\pdfbox\graphics2d\0.30\graphics2d-0.30.jar  C:\Users\acer\.m2\repository\net\sourceforge\tess4j\tess4j\5.5.0\tess4j-5.5.0.jar  C:\Users\acer\.m2\repository\net\java\dev\jna\jna\5.12.1\jna-5.12.1.jar  C:\Users\acer\.m2\repository\com\github\jai-imageio\jai-imageio-core\1.4.0\jai-imageio-core-1.4.0.jar  C:\Users\acer\.m2\repository\org\apache\pdfbox\pdfbox\2.0.27\pdfbox-2.0.27.jar  C:\Users\acer\.m2\repository\org\apache\pdfbox\fontbox\2.0.27\fontbox-2.0.27.jar  C:\Users\acer\.m2\repository\commons-logging\commons-logging\1.2\commons-logging-1.2.jar  C:\Users\acer\.m2\repository\org\apache\pdfbox\pdfbox-tools\2.0.27\pdfbox-tools-2.0.27.jar  C:\Users\acer\.m2\repository\org\apache\pdfbox\pdfbox-debugger\2.0.27\pdfbox-debugger-2.0.27.jar  C:\Users\acer\.m2\repository\org\apache\pdfbox\jbig2-imageio\3.0.4\jbig2-imageio-3.0.4.jar  C:\Users\acer\.m2\repository\commons-io\commons-io\2.11.0\commons-io-2.11.0.jar  C:\Users\acer\.m2\repository\net\sourceforge\lept4j\lept4j\1.17.0\lept4j-1.17.0.jar  C:\Users\acer\.m2\repository\org\jboss\jboss-vfs\3.2.17.Final\jboss-vfs-3.2.17.Final.jar  C:\Users\acer\.m2\repository\org\jboss\logging\jboss-logging\3.1.4.GA\jboss-logging-3.1.4.GA.jar  C:\Users\acer\.m2\repository\org\apache\maven\surefire\surefire-testng\3.0.0-M7\surefire-testng-3.0.0-M7.jar  C:\Users\acer\.m2\repository\org\apache\maven\surefire\common-java5\3.0.0-M7\common-java5-3.0.0-M7.jar  C:\Users\acer\.m2\repository\org\apache\maven\surefire\surefire-testng-utils\3.0.0-M7\surefire-testng-utils-3.0.0-M7.jar  C:\Users\acer\.m2\repository\org\apache\maven\surefire\surefire-grouper\3.0.0-M7\surefire-grouper-3.0.0-M7.jar
[DEBUG] boot(compact) classpath:  surefire-booter-3.0.0-M7.jar  surefire-api-3.0.0-M7.jar  surefire-logger-api-3.0.0-M7.jar  surefire-shared-utils-3.0.0-M7.jar  surefire-extensions-spi-3.0.0-M7.jar  test-classes  classes  selenium-java-4.28.0.jar  selenium-api-4.28.0.jar  jspecify-1.0.0.jar  selenium-chrome-driver-4.28.0.jar  auto-service-annotations-1.1.1.jar  selenium-chromium-driver-4.28.0.jar  selenium-json-4.28.0.jar  selenium-manager-4.28.0.jar  selenium-devtools-v130-4.28.0.jar  selenium-devtools-v131-4.28.0.jar  selenium-devtools-v132-4.28.0.jar  selenium-devtools-v85-4.28.0.jar  selenium-edge-driver-4.28.0.jar  selenium-firefox-driver-4.28.0.jar  selenium-http-4.28.0.jar  selenium-ie-driver-4.28.0.jar  selenium-remote-driver-4.28.0.jar  guava-33.4.0-jre.jar  failureaccess-1.0.2.jar  listenablefuture-9999.0-empty-to-avoid-conflict-with-guava.jar  jsr305-3.0.2.jar  checker-qual-3.43.0.jar  error_prone_annotations-2.36.0.jar  j2objc-annotations-3.0.0.jar  opentelemetry-semconv-1.28.0-alpha.jar  opentelemetry-api-1.46.0.jar  opentelemetry-context-1.46.0.jar  opentelemetry-exporter-logging-1.46.0.jar  opentelemetry-sdk-common-1.46.0.jar  opentelemetry-sdk-extension-autoconfigure-spi-1.46.0.jar  opentelemetry-sdk-extension-autoconfigure-1.46.0.jar  opentelemetry-api-incubator-1.46.0-alpha.jar  opentelemetry-sdk-trace-1.46.0.jar  opentelemetry-sdk-1.46.0.jar  opentelemetry-sdk-metrics-1.46.0.jar  opentelemetry-sdk-logs-1.46.0.jar  byte-buddy-1.15.11.jar  selenium-os-4.28.0.jar  commons-exec-1.4.0.jar  selenium-safari-driver-4.28.0.jar  selenium-support-4.28.0.jar  testng-7.7.0.jar  slf4j-api-1.7.36.jar  jcommander-1.82.jar  jquery-3.6.1.jar  poi-5.0.0.jar  jcl-over-slf4j-1.7.30.jar  commons-codec-1.15.jar  commons-collections4-4.4.jar  commons-math3-3.6.1.jar  SparseBitSet-1.2.jar  poi-ooxml-5.0.0.jar  poi-ooxml-lite-5.0.0.jar  xmlbeans-4.0.0.jar  commons-compress-1.20.jar  curvesapi-1.06.jar  bcpkix-jdk15on-1.68.jar  bcprov-jdk15on-1.68.jar  xmlsec-2.2.1.jar  woodstox-core-5.2.1.jar  stax2-api-4.2.jar  jakarta.xml.bind-api-2.3.2.jar  jakarta.activation-api-1.2.1.jar  batik-all-1.13.jar  batik-anim-1.13.jar  batik-shared-resources-1.13.jar  xml-apis-ext-1.3.04.jar  batik-awt-util-1.13.jar  xmlgraphics-commons-2.4.jar  batik-bridge-1.13.jar  batik-codec-1.13.jar  batik-constants-1.13.jar  batik-css-1.13.jar  batik-dom-1.13.jar  xalan-2.7.2.jar  serializer-2.7.2.jar  xml-apis-1.4.01.jar  batik-ext-1.13.jar  batik-extension-1.13.jar  batik-gui-util-1.13.jar  batik-gvt-1.13.jar  batik-i18n-1.13.jar  batik-parser-1.13.jar  batik-rasterizer-ext-1.13.jar  batik-rasterizer-1.13.jar  batik-script-1.13.jar  batik-slideshow-1.13.jar  batik-squiggle-ext-1.13.jar  batik-squiggle-1.13.jar  batik-svg-dom-1.13.jar  batik-svgbrowser-1.13.jar  batik-svggen-1.13.jar  batik-svgpp-1.13.jar  batik-svgrasterizer-1.13.jar  batik-swing-1.13.jar  batik-transcoder-1.13.jar  batik-util-1.13.jar  batik-ttf2svg-1.13.jar  batik-xml-1.13.jar  graphics2d-0.30.jar  tess4j-5.5.0.jar  jna-5.12.1.jar  jai-imageio-core-1.4.0.jar  pdfbox-2.0.27.jar  fontbox-2.0.27.jar  commons-logging-1.2.jar  pdfbox-tools-2.0.27.jar  pdfbox-debugger-2.0.27.jar  jbig2-imageio-3.0.4.jar  commons-io-2.11.0.jar  lept4j-1.17.0.jar  jboss-vfs-3.2.17.Final.jar  jboss-logging-3.1.4.GA.jar  surefire-testng-3.0.0-M7.jar  common-java5-3.0.0-M7.jar  surefire-testng-utils-3.0.0-M7.jar  surefire-grouper-3.0.0-M7.jar
[DEBUG] Forking command line: cmd.exe /X /C ""C:\Program Files\Java\jdk-17\bin\java" -jar C:\Users\acer\AppData\Local\Temp\surefire9745272666739181306\surefirebooter-20250314125442069_3.jar C:\Users\acer\AppData\Local\Temp\surefire9745272666739181306 2025-03-14T12-54-41_674-jvmRun1 surefire-20250314125442069_1tmp surefire_0-20250314125442069_2tmp"
[DEBUG] Fork Channel [1] connected to the client.
[INFO] Running TestSuite
CAPTCHA image saved at: C:\Users\acer\IdeaProjects\SeleniumWebTesting\captcha.png
TESSDATA_PREFIX: C:\Program Files\Tesseract-OCR\tessdata
Extracted CAPTCHA: B5EGC92
[ERROR] Tests run: 1, Failures: 1, Errors: 0, Skipped: 0, Time elapsed: 3.685 s <<< FAILURE! - in TestSuite
[DEBUG] Closing the fork 1 after saying GoodBye.
[INFO] 
[INFO] Results:
[INFO] 
[ERROR] Failures: 
[ERROR]   CaptchaSolver.solveCaptcha:49  NoSuchElement no such element: Unable to locate element: {"method":"css selector","selector":"#submit"}
  (Session info: chrome=134.0.6998.89)
For documentation on this error, please visit: https://www.selenium.dev/documentation/webdriver/troubleshooting/errors#no-such-element-exception
Build info: version: '4.28.0', revision: 'ac342546e9'
System info: os.name: 'Windows 11', os.arch: 'amd64', os.version: '10.0', java.version: '17.0.12'
Driver info: org.openqa.selenium.chrome.ChromeDriver
Command: [284d41d8d1f8e89a613cb5f30c1b3866, findElement {value=submit, using=id}]
Capabilities {acceptInsecureCerts: false, browserName: chrome, browserVersion: 134.0.6998.89, chrome: {chromedriverVersion: 134.0.6998.88 (7e3d5c978c6d..., userDataDir: C:\Users\acer\AppData\Local...}, fedcm:accounts: true, goog:chromeOptions: {debuggerAddress: localhost:49355}, networkConnectionEnabled: false, pageLoadStrategy: normal, platformName: windows, proxy: Proxy(), se:cdp: ws://localhost:49355/devtoo..., se:cdpVersion: 134.0.6998.89, setWindowRect: true, strictFileInteractability: false, timeouts: {implicit: 0, pageLoad: 300000, script: 30000}, unhandledPromptBehavior: dismiss and notify, webauthn:extension:credBlob: true, webauthn:extension:largeBlob: true, webauthn:extension:minPinLength: true, webauthn:extension:prf: true, webauthn:virtualAuthenticators: true}
Session ID: 284d41d8d1f8e89a613cb5f30c1b3866
[INFO] 
[ERROR] Tests run: 1, Failures: 1, Errors: 0, Skipped: 0
[INFO] 
[INFO] ------------------------------------------------------------------------
[INFO] BUILD FAILURE
[INFO] ------------------------------------------------------------------------
[INFO] Total time:  8.834 s
[INFO] Finished at: 2025-03-14T12:54:46+05:30
[INFO] ------------------------------------------------------------------------
[ERROR] Failed to execute goal org.apache.maven.plugins:maven-surefire-plugin:3.0.0-M7:test (default-test) on project SeleniumWebTesting: There are test failures.
[ERROR] 
[ERROR] Please refer to C:\Users\acer\IdeaProjects\SeleniumWebTesting\target\surefire-reports for the individual test results.
[ERROR] Please refer to dump files (if any exist) [date].dump, [date]-jvmRun[N].dump and [date].dumpstream.
[ERROR] -> [Help 1]
org.apache.maven.lifecycle.LifecycleExecutionException: Failed to execute goal org.apache.maven.plugins:maven-surefire-plugin:3.0.0-M7:test (default-test) on project SeleniumWebTesting: There are test failures.

Please refer to C:\Users\acer\IdeaProjects\SeleniumWebTesting\target\surefire-reports for the individual test results.
Please refer to dump files (if any exist) [date].dump, [date]-jvmRun[N].dump and [date].dumpstream.
    at org.apache.maven.lifecycle.internal.MojoExecutor.doExecute2 (MojoExecutor.java:333)
    at org.apache.maven.lifecycle.internal.MojoExecutor.doExecute (MojoExecutor.java:316)
    at org.apache.maven.lifecycle.internal.MojoExecutor.execute (MojoExecutor.java:212)
    at org.apache.maven.lifecycle.internal.MojoExecutor.execute (MojoExecutor.java:174)
    at org.apache.maven.lifecycle.internal.MojoExecutor.access$000 (MojoExecutor.java:75)
    at org.apache.maven.lifecycle.internal.MojoExecutor$1.run (MojoExecutor.java:162)
    at org.apache.maven.plugin.DefaultMojosExecutionStrategy.execute (DefaultMojosExecutionStrategy.java:39)
    at org.apache.maven.lifecycle.internal.MojoExecutor.execute (MojoExecutor.java:159)
    at org.apache.maven.lifecycle.internal.LifecycleModuleBuilder.buildProject (LifecycleModuleBuilder.java:105)
    at org.apache.maven.lifecycle.internal.LifecycleModuleBuilder.buildProject (LifecycleModuleBuilder.java:73)
    at org.apache.maven.lifecycle.internal.builder.singlethreaded.SingleThreadedBuilder.build (SingleThreadedBuilder.java:53)
    at org.apache.maven.lifecycle.internal.LifecycleStarter.execute (LifecycleStarter.java:118)
    at org.apache.maven.DefaultMaven.doExecute (DefaultMaven.java:261)
    at org.apache.maven.DefaultMaven.doExecute (DefaultMaven.java:173)
    at org.apache.maven.DefaultMaven.execute (DefaultMaven.java:101)
    at org.apache.maven.cli.MavenCli.execute (MavenCli.java:906)
    at org.apache.maven.cli.MavenCli.doMain (MavenCli.java:283)
    at org.apache.maven.cli.MavenCli.main (MavenCli.java:206)
    at jdk.internal.reflect.NativeMethodAccessorImpl.invoke0 (Native Method)
    at jdk.internal.reflect.NativeMethodAccessorImpl.invoke (NativeMethodAccessorImpl.java:77)
    at jdk.internal.reflect.DelegatingMethodAccessorImpl.invoke (DelegatingMethodAccessorImpl.java:43)
    at java.lang.reflect.Method.invoke (Method.java:568)
    at org.codehaus.plexus.classworlds.launcher.Launcher.launchEnhanced (Launcher.java:255)
    at org.codehaus.plexus.classworlds.launcher.Launcher.launch (Launcher.java:201)
    at org.codehaus.plexus.classworlds.launcher.Launcher.mainWithExitCode (Launcher.java:361)
    at org.codehaus.plexus.classworlds.launcher.Launcher.main (Launcher.java:314)
Caused by: org.apache.maven.plugin.MojoFailureException: There are test failures.

Please refer to C:\Users\acer\IdeaProjects\SeleniumWebTesting\target\surefire-reports for the individual test results.
Please refer to dump files (if any exist) [date].dump, [date]-jvmRun[N].dump and [date].dumpstream.
    at org.apache.maven.plugin.surefire.SurefireHelper.throwException (SurefireHelper.java:283)
    at org.apache.maven.plugin.surefire.SurefireHelper.reportExecution (SurefireHelper.java:171)
    at org.apache.maven.plugin.surefire.SurefirePlugin.handleSummary (SurefirePlugin.java:546)
    at org.apache.maven.plugin.surefire.AbstractSurefireMojo.executeAfterPreconditionsChecked (AbstractSurefireMojo.java:1183)
    at org.apache.maven.plugin.surefire.AbstractSurefireMojo.execute (AbstractSurefireMojo.java:931)
    at org.apache.maven.plugin.DefaultBuildPluginManager.executeMojo (DefaultBuildPluginManager.java:126)
    at org.apache.maven.lifecycle.internal.MojoExecutor.doExecute2 (MojoExecutor.java:328)
    at org.apache.maven.lifecycle.internal.MojoExecutor.doExecute (MojoExecutor.java:316)
    at org.apache.maven.lifecycle.internal.MojoExecutor.execute (MojoExecutor.java:212)
    at org.apache.maven.lifecycle.internal.MojoExecutor.execute (MojoExecutor.java:174)
    at org.apache.maven.lifecycle.internal.MojoExecutor.access$000 (MojoExecutor.java:75)
    at org.apache.maven.lifecycle.internal.MojoExecutor$1.run (MojoExecutor.java:162)
    at org.apache.maven.plugin.DefaultMojosExecutionStrategy.execute (DefaultMojosExecutionStrategy.java:39)
    at org.apache.maven.lifecycle.internal.MojoExecutor.execute (MojoExecutor.java:159)
    at org.apache.maven.lifecycle.internal.LifecycleModuleBuilder.buildProject (LifecycleModuleBuilder.java:105)
    at org.apache.maven.lifecycle.internal.LifecycleModuleBuilder.buildProject (LifecycleModuleBuilder.java:73)
    at org.apache.maven.lifecycle.internal.builder.singlethreaded.SingleThreadedBuilder.build (SingleThreadedBuilder.java:53)
    at org.apache.maven.lifecycle.internal.LifecycleStarter.execute (LifecycleStarter.java:118)
    at org.apache.maven.DefaultMaven.doExecute (DefaultMaven.java:261)
    at org.apache.maven.DefaultMaven.doExecute (DefaultMaven.java:173)
    at org.apache.maven.DefaultMaven.execute (DefaultMaven.java:101)
    at org.apache.maven.cli.MavenCli.execute (MavenCli.java:906)
    at org.apache.maven.cli.MavenCli.doMain (MavenCli.java:283)
    at org.apache.maven.cli.MavenCli.main (MavenCli.java:206)
    at jdk.internal.reflect.NativeMethodAccessorImpl.invoke0 (Native Method)
    at jdk.internal.reflect.NativeMethodAccessorImpl.invoke (NativeMethodAccessorImpl.java:77)
    at jdk.internal.reflect.DelegatingMethodAccessorImpl.invoke (DelegatingMethodAccessorImpl.java:43)
    at java.lang.reflect.Method.invoke (Method.java:568)
    at org.codehaus.plexus.classworlds.launcher.Launcher.launchEnhanced (Launcher.java:255)
    at org.codehaus.plexus.classworlds.launcher.Launcher.launch (Launcher.java:201)
    at org.codehaus.plexus.classworlds.launcher.Launcher.mainWithExitCode (Launcher.java:361)
    at org.codehaus.plexus.classworlds.launcher.Launcher.main (Launcher.java:314)
[ERROR] 
[ERROR] 
[ERROR] For more information about the errors and possible solutions, please read the following articles:
[ERROR] [Help 1] http://cwiki.apache.org/confluence/display/MAVEN/MojoFailureException
[DEBUG] Shutting down adapter factory; available factories [file-lock, rwlock-local, semaphore-local, noop]; available name mappers [discriminating, file-gav, file-hgav, file-static, gav, static]
[DEBUG] Shutting down 'file-lock' factory
[DEBUG] Shutting down 'rwlock-local' factory
[DEBUG] Shutting down 'semaphore-local' factory
[DEBUG] Shutting down 'noop' factory
